2024-05-25 07:45:58.027 [info] Log level: Info
2024-05-25 07:45:58.027 [info] Validating found git in: "git"
2024-05-25 07:45:58.027 [info] Using git "2.43.0" from "git"
2024-05-25 07:45:58.027 [info] > git rev-parse --show-toplevel [4ms]
2024-05-25 07:45:58.027 [info] > git rev-parse --git-dir --git-common-dir [1ms]
2024-05-25 07:45:58.027 [info] Open repository: /workspace/project
2024-05-25 07:45:58.027 [info] > git rev-parse --show-toplevel [10ms]
2024-05-25 07:45:58.027 [info] > git for-each-ref --format=%(refname)%00%(upstream:short)%00%(objectname)%00%(upstream:track)%00%(upstream:remotename)%00%(upstream:remoteref) refs/heads/main refs/remotes/main [2ms]
2024-05-25 07:45:58.027 [info] > git status -z -uall [8ms]
2024-05-25 07:45:58.027 [info] > git rev-parse --show-toplevel [10ms]
2024-05-25 07:45:58.027 [info] > git rev-parse --show-toplevel [30ms]
2024-05-25 07:45:58.027 [info] > git for-each-ref --format=%(refname)%00%(upstream:short)%00%(objectname)%00%(upstream:track)%00%(upstream:remotename)%00%(upstream:remoteref) refs/heads/main refs/remotes/main [2ms]
2024-05-25 07:45:58.027 [info] > git status -z -uall [15ms]
2024-05-25 07:45:58.581 [info] > git check-ignore -v -z --stdin [2ms]
2024-05-25 07:46:01.574 [info] > git config --local branch.main.github-pr-owner-number [3ms]
2024-05-25 07:46:01.574 [warning] git config failed: Failed to execute git
2024-05-25 07:46:01.590 [info] > git config --local branch.main.remote [2ms]
2024-05-25 07:46:01.591 [warning] git config failed: Failed to execute git
2024-05-25 07:46:01.610 [info] > git config --local branch.main.merge [2ms]
2024-05-25 07:46:01.610 [warning] git config failed: Failed to execute git
2024-05-25 07:46:06.209 [info] > git check-ignore -v -z --stdin [2ms]
2024-05-25 07:46:06.842 [info] > git show --textconv :website/CodeRoad.svg [13ms]
2024-05-25 07:46:06.843 [info] > git ls-files --stage -- /workspace/project/website/CodeRoad.svg [2ms]
2024-05-25 07:46:21.096 [info] > git for-each-ref --format=%(refname)%00%(upstream:short)%00%(objectname)%00%(upstream:track)%00%(upstream:remotename)%00%(upstream:remoteref) refs/heads/main refs/remotes/main [1ms]
2024-05-25 07:46:21.109 [info] > git status -z -uall [3ms]
2024-05-25 07:46:21.380 [info] > git ls-files --stage -- /workspace/project/website/CodeRoad.svg [2ms]
2024-05-25 07:46:21.579 [info] > git show --textconv :website/CodeRoad.svg [2ms]
2024-05-25 07:46:26.864 [info] > git for-each-ref --format=%(refname)%00%(upstream:short)%00%(objectname)%00%(upstream:track)%00%(upstream:remotename)%00%(upstream:remoteref) refs/heads/main refs/remotes/main [2ms]
2024-05-25 07:46:26.877 [info] > git status -z -uall [3ms]
2024-05-25 07:46:47.667 [info] > git for-each-ref --format=%(refname)%00%(upstream:short)%00%(objectname)%00%(upstream:track)%00%(upstream:remotename)%00%(upstream:remoteref) refs/heads/main refs/remotes/main [2ms]
2024-05-25 07:46:47.680 [info] > git status -z -uall [4ms]
2024-05-25 07:46:52.696 [info] > git for-each-ref --format=%(refname)%00%(upstream:short)%00%(objectname)%00%(upstream:track)%00%(upstream:remotename)%00%(upstream:remoteref) refs/heads/main refs/remotes/main [2ms]
2024-05-25 07:46:52.708 [info] > git status -z -uall [3ms]
2024-05-25 07:47:00.648 [info] > git for-each-ref --format=%(refname)%00%(upstream:short)%00%(objectname)%00%(upstream:track)%00%(upstream:remotename)%00%(upstream:remoteref) refs/heads/main refs/remotes/main [2ms]
2024-05-25 07:47:00.663 [info] > git status -z -uall [4ms]
2024-05-25 07:47:05.678 [info] > git for-each-ref --format=%(refname)%00%(upstream:short)%00%(objectname)%00%(upstream:track)%00%(upstream:remotename)%00%(upstream:remoteref) refs/heads/main refs/remotes/main [2ms]
2024-05-25 07:47:05.691 [info] > git status -z -uall [3ms]
2024-05-25 07:47:21.488 [info] > git for-each-ref --format=%(refname)%00%(upstream:short)%00%(objectname)%00%(upstream:track)%00%(upstream:remotename)%00%(upstream:remoteref) refs/heads/main refs/remotes/main [2ms]
2024-05-25 07:47:21.502 [info] > git status -z -uall [3ms]
2024-05-25 07:47:26.518 [info] > git for-each-ref --format=%(refname)%00%(upstream:short)%00%(objectname)%00%(upstream:track)%00%(upstream:remotename)%00%(upstream:remoteref) refs/heads/main refs/remotes/main [2ms]
2024-05-25 07:47:26.531 [info] > git status -z -uall [3ms]
2024-05-25 07:47:33.715 [info] > git for-each-ref --format=%(refname)%00%(upstream:short)%00%(objectname)%00%(upstream:track)%00%(upstream:remotename)%00%(upstream:remoteref) refs/heads/main refs/remotes/main [2ms]
2024-05-25 07:47:33.727 [info] > git status -z -uall [3ms]
2024-05-25 07:47:38.745 [info] > git for-each-ref --format=%(refname)%00%(upstream:short)%00%(objectname)%00%(upstream:track)%00%(upstream:remotename)%00%(upstream:remoteref) refs/heads/main refs/remotes/main [2ms]
2024-05-25 07:47:38.757 [info] > git status -z -uall [3ms]
2024-05-25 07:47:47.657 [info] > git for-each-ref --format=%(refname)%00%(upstream:short)%00%(objectname)%00%(upstream:track)%00%(upstream:remotename)%00%(upstream:remoteref) refs/heads/main refs/remotes/main [2ms]
2024-05-25 07:47:47.671 [info] > git status -z -uall [4ms]
2024-05-25 07:47:58.810 [info] > git for-each-ref --format=%(refname)%00%(upstream:short)%00%(objectname)%00%(upstream:track)%00%(upstream:remotename)%00%(upstream:remoteref) refs/heads/main refs/remotes/main [2ms]
2024-05-25 07:47:58.823 [info] > git status -z -uall [4ms]
2024-05-25 07:48:03.843 [info] > git for-each-ref --format=%(refname)%00%(upstream:short)%00%(objectname)%00%(upstream:track)%00%(upstream:remotename)%00%(upstream:remoteref) refs/heads/main refs/remotes/main [3ms]
2024-05-25 07:48:03.860 [info] > git status -z -uall [3ms]
2024-05-25 07:48:21.428 [info] > git check-ignore -v -z --stdin [2ms]
2024-05-25 07:48:24.213 [info] > git show --textconv :.gitpod.yml [10ms]
2024-05-25 07:48:24.214 [info] > git ls-files --stage -- /workspace/project/.gitpod.yml [1ms]
2024-05-25 07:48:24.584 [info] > git for-each-ref --format=%(refname)%00%(upstream:short)%00%(objectname)%00%(upstream:track)%00%(upstream:remotename)%00%(upstream:remoteref) refs/heads/main refs/remotes/main [2ms]
2024-05-25 07:48:24.599 [info] > git status -z -uall [4ms]
2024-05-25 07:48:32.806 [info] > git for-each-ref --format=%(refname)%00%(upstream:short)%00%(objectname)%00%(upstream:track)%00%(upstream:remotename)%00%(upstream:remoteref) refs/heads/main refs/remotes/main [3ms]
2024-05-25 07:48:32.820 [info] > git status -z -uall [4ms]
2024-05-25 07:48:37.837 [info] > git for-each-ref --format=%(refname)%00%(upstream:short)%00%(objectname)%00%(upstream:track)%00%(upstream:remotename)%00%(upstream:remoteref) refs/heads/main refs/remotes/main [2ms]
2024-05-25 07:48:37.850 [info] > git status -z -uall [3ms]
2024-05-25 07:49:47.035 [info] > git for-each-ref --format=%(refname)%00%(upstream:short)%00%(objectname)%00%(upstream:track)%00%(upstream:remotename)%00%(upstream:remoteref) refs/heads/main refs/remotes/main [3ms]
2024-05-25 07:49:47.051 [info] > git status -z -uall [4ms]
2024-05-25 07:50:07.669 [info] > git for-each-ref --format=%(refname)%00%(upstream:short)%00%(objectname)%00%(upstream:track)%00%(upstream:remotename)%00%(upstream:remoteref) refs/heads/main refs/remotes/main [2ms]
2024-05-25 07:50:07.682 [info] > git status -z -uall [4ms]
2024-05-25 07:50:12.699 [info] > git for-each-ref --format=%(refname)%00%(upstream:short)%00%(objectname)%00%(upstream:track)%00%(upstream:remotename)%00%(upstream:remoteref) refs/heads/main refs/remotes/main [2ms]
2024-05-25 07:50:12.715 [info] > git status -z -uall [3ms]
2024-05-25 07:50:15.379 [info] > git check-ignore -v -z --stdin [1ms]
2024-05-25 07:50:16.796 [info] > git check-ignore -v -z --stdin [1ms]
2024-05-25 07:50:18.323 [info] > git check-ignore -v -z --stdin [2ms]
2024-05-25 07:50:19.873 [info] > git check-ignore -v -z --stdin [2ms]
2024-05-25 07:50:28.548 [info] > git for-each-ref --format=%(refname)%00%(upstream:short)%00%(objectname)%00%(upstream:track)%00%(upstream:remotename)%00%(upstream:remoteref) refs/heads/main refs/remotes/main [2ms]
2024-05-25 07:50:28.562 [info] > git status -z -uall [4ms]
2024-05-25 07:50:30.444 [info] > git check-ignore -v -z --stdin [2ms]
2024-05-25 07:51:01.362 [info] > git config --local branch.main.github-pr-owner-number [2ms]
2024-05-25 07:51:01.362 [warning] git config failed: Failed to execute git
2024-05-25 07:51:19.163 [info] > git for-each-ref --format=%(refname)%00%(upstream:short)%00%(objectname)%00%(upstream:track)%00%(upstream:remotename)%00%(upstream:remoteref) refs/heads/main refs/remotes/main [3ms]
2024-05-25 07:51:19.177 [info] > git status -z -uall [3ms]
2024-05-25 07:51:24.194 [info] > git for-each-ref --format=%(refname)%00%(upstream:short)%00%(objectname)%00%(upstream:track)%00%(upstream:remotename)%00%(upstream:remoteref) refs/heads/main refs/remotes/main [2ms]
2024-05-25 07:51:24.207 [info] > git status -z -uall [4ms]
