coderoad v0.19.4
STATE: "Setup.Startup"
ROUTE: "Setup.Startup": On level unknown, step unknown
EDITOR_STARTUP
Continuing tutorial from progress: level 1230 step 1230.1
LOAD_STORED_TUTORIAL
EDITOR_TUTORIAL_CONTINUE_CONFIG
Tutorial: Learn Bash by Building a Boilerplate (2.0.0)
Command: ./freeCodeCamp/setup.sh
COMMAND_START
Calling command: ./freeCodeCamp/setup.sh
EDITOR_LEVEL_ENTER
EDITOR_STEP_ENTER
STATE: "Tutorial.Level.Load"
ROUTE: "Tutorial.Level.Load": On level 1230, step 1230.1
STATE: "Tutorial.Level.Normal"
ROUTE: "Tutorial.Level.Normal": On level 1230, step 1230.1
Calling command: git log -n 1 --pretty=format:%s c0b243b08835a4c63f6f4904bac8f21f81f4eee9
Calling command: git log -g --grep='1230.1'
Command output: 
COMMAND_SUCCESS
Command: ./freeCodeCamp/reset.sh
COMMAND_START
Calling command: ./freeCodeCamp/reset.sh
Calling command: git cherry-pick -X theirs c0b243b08835a4c63f6f4904bac8f21f81f4eee9
Command output: 
COMMAND_SUCCESS
cherry-pick-commit failed: Command failed: git cherry-pick -X theirs c0b243b08835a4c63f6f4904bac8f21f81f4eee9
error: Cherry-picking is not possible because you have unmerged files.
hint: Fix them up in the work tree, and then use 'git add/rm <file>'
hint: as appropriate to mark resolution and make a commit.
fatal: cherry-pick failed

Calling command: git stash --include-untracked
STATE: "Tutorial.Level.Normal"
ROUTE: "Tutorial.Level.Normal": On level 1230, step 1230.1
STATE: "Tutorial.Level.Normal"
ROUTE: "Tutorial.Level.Normal": On level 1230, step 1230.1
STATE: "Tutorial.Level.Normal"
ROUTE: "Tutorial.Level.Normal": On level 1230, step 1230.1
STATE: "Tutorial.Level.Normal"
ROUTE: "Tutorial.Level.Normal": On level 1230, step 1230.1
EDITOR_RUN_RESET_LATEST
Calling command: git init
STATE: "Tutorial.Reset"
ROUTE: "Tutorial.Reset": On level 1230, step 1230.1
Calling command: git branch --show-current
Calling command: git remote -v
Calling command: git checkout --orphan reset-orphan-branch
Calling command: git stash --include-untracked
Calling command: git rm -rf .
Workspace path: /workspace/project/.gitignore
Removing file: /workspace/project/.gitignore
Calling command: git branch -D main

Calling command: git checkout -b main

Calling command: git fetch coderoad v2.0.0
Calling command: git merge coderoad/v2.0.0
Calling command: git reset --hard c0b243b08835a4c63f6f4904bac8f21f81f4eee9
Command: ./freeCodeCamp/setup.sh
COMMAND_START
Calling command: ./freeCodeCamp/setup.sh
Command output: 
COMMAND_SUCCESS
Command: ./freeCodeCamp/reset.sh
COMMAND_START
Calling command: ./freeCodeCamp/reset.sh
Command output: 
COMMAND_SUCCESS
STATE: "Tutorial.Reset"
ROUTE: "Tutorial.Reset": On level 1230, step 1230.1
STATE: "Tutorial.Reset"
ROUTE: "Tutorial.Reset": On level 1230, step 1230.1
STATE: "Tutorial.Reset"
ROUTE: "Tutorial.Reset": On level 1230, step 1230.1
STATE: "Tutorial.Reset"
ROUTE: "Tutorial.Reset": On level 1230, step 1230.1
EDITOR_LEVEL_ENTER
EDITOR_STEP_ENTER
STATE: "Tutorial.Level.Load"
ROUTE: "Tutorial.Level.Load": On level 1230, step 1230.1
STATE: "Tutorial.Level.Normal"
ROUTE: "Tutorial.Level.Normal": On level 1230, step 1230.1
Calling command: git log -n 1 --pretty=format:%s c0b243b08835a4c63f6f4904bac8f21f81f4eee9
Calling command: git log -g --grep='1230.1'
EDITOR_RUN_TEST
------------------- RUN TEST -------------------
START_TEST
COMMAND: npm run programmatic-test --reporter=mocha-tap-reporter
Calling command: npm run programmatic-test --reporter=mocha-tap-reporter
STATE: "Tutorial.Level.Normal"
ROUTE: "Tutorial.Level.Normal": On level 1230, step 1230.1
STATE: "Tutorial.Level.TestRunning"
ROUTE: "Tutorial.Level.TestRunning": On level 1230, step 1230.1
---------------- TEST RESULTS -----------------
TEST_FAIL
STATE: "Tutorial.Level.Normal"
ROUTE: "Tutorial.Level.Normal": On level 1230, step 1230.1
------------------- RUN TEST -------------------
START_TEST
COMMAND: npm run programmatic-test --reporter=mocha-tap-reporter
Calling command: npm run programmatic-test --reporter=mocha-tap-reporter
STATE: "Tutorial.Level.TestRunning"
ROUTE: "Tutorial.Level.TestRunning": On level 1230, step 1230.1
---------------- TEST RESULTS -----------------
TEST_FAIL
STATE: "Tutorial.Level.Normal"
ROUTE: "Tutorial.Level.Normal": On level 1230, step 1230.1
------------------- RUN TEST -------------------
START_TEST
COMMAND: npm run programmatic-test --reporter=mocha-tap-reporter
Calling command: npm run programmatic-test --reporter=mocha-tap-reporter
STATE: "Tutorial.Level.TestRunning"
ROUTE: "Tutorial.Level.TestRunning": On level 1230, step 1230.1
---------------- TEST RESULTS -----------------
TEST_FAIL
STATE: "Tutorial.Level.Normal"
ROUTE: "Tutorial.Level.Normal": On level 1230, step 1230.1
------------------- RUN TEST -------------------
START_TEST
COMMAND: npm run programmatic-test --reporter=mocha-tap-reporter
Calling command: npm run programmatic-test --reporter=mocha-tap-reporter
STATE: "Tutorial.Level.TestRunning"
ROUTE: "Tutorial.Level.TestRunning": On level 1230, step 1230.1
---------------- TEST RESULTS -----------------
Test pass position: {"stepId":"1230.1","levelId":"1230","complete":false}
TEST_PASS
updateStepPosition: {"type":"TEST_PASS","payload":{"position":{"stepId":"1230.1","levelId":"1230","complete":true}},"source":"coderoad"})
EDITOR_STEP_COMPLETE
Calling command: git commit -am 'Save progress: 1230.1'
STATE: "Tutorial.Level.StepNext"
ROUTE: "Tutorial.Level.StepNext": Completed level 1230, step 1230.1
EDITOR_LEVEL_COMPLETE
STATE: "Tutorial.Level.LevelComplete"
ROUTE: "Tutorial.Level.LevelComplete": Completed level 1230, step 1230.1
Commit saved: [main 0c8821e] Save progress: 1230.1
 2 files changed, 6 insertions(+)

KEY_PRESS_ENTER
STATE: "Tutorial.Level.LoadNext"
ROUTE: "Tutorial.Level.LoadNext": Completed level 1230, step 1230.1
EDITOR_SYNC_POSITION
EDITOR_LEVEL_ENTER
EDITOR_STEP_ENTER
STATE: "Tutorial.Level.Load"
ROUTE: "Tutorial.Level.Load": On level 1240, step 1240.1
STATE: "Tutorial.Level.Normal"
ROUTE: "Tutorial.Level.Normal": On level 1240, step 1240.1
Calling command: git log -n 1 --pretty=format:%s 625d120d8824e9042d63aa3663dee9182930d357
Calling command: git log -g --grep='1240.1'
Calling command: git cherry-pick -X theirs 625d120d8824e9042d63aa3663dee9182930d357
------------------- RUN TEST -------------------
START_TEST
COMMAND: npm run programmatic-test --reporter=mocha-tap-reporter
Calling command: npm run programmatic-test --reporter=mocha-tap-reporter
STATE: "Tutorial.Level.TestRunning"
ROUTE: "Tutorial.Level.TestRunning": On level 1240, step 1240.1
---------------- TEST RESULTS -----------------
Test pass position: {"stepId":"1240.1","levelId":"1240","complete":false}
TEST_PASS
updateStepPosition: {"type":"TEST_PASS","payload":{"position":{"stepId":"1240.1","levelId":"1240","complete":true}},"source":"coderoad"})
EDITOR_STEP_COMPLETE
Calling command: git commit -am 'Save progress: 1240.1'
STATE: "Tutorial.Level.StepNext"
ROUTE: "Tutorial.Level.StepNext": Completed level 1240, step 1240.1
EDITOR_LEVEL_COMPLETE
STATE: "Tutorial.Level.LevelComplete"
ROUTE: "Tutorial.Level.LevelComplete": Completed level 1240, step 1240.1
Commit saved: [main 2944b3b] Save progress: 1240.1
 2 files changed, 2 insertions(+)

KEY_PRESS_ENTER
STATE: "Tutorial.Level.LoadNext"
ROUTE: "Tutorial.Level.LoadNext": Completed level 1240, step 1240.1
EDITOR_SYNC_POSITION
EDITOR_LEVEL_ENTER
EDITOR_STEP_ENTER
STATE: "Tutorial.Level.Load"
ROUTE: "Tutorial.Level.Load": On level 1250, step 1250.1
STATE: "Tutorial.Level.Normal"
ROUTE: "Tutorial.Level.Normal": On level 1250, step 1250.1
Calling command: git log -n 1 --pretty=format:%s cea77f0856e1af924cf21c84e15257618b422b34
Calling command: git log -g --grep='1250.1'
Calling command: git cherry-pick -X theirs cea77f0856e1af924cf21c84e15257618b422b34
------------------- RUN TEST -------------------
START_TEST
COMMAND: npm run programmatic-test --reporter=mocha-tap-reporter
Calling command: npm run programmatic-test --reporter=mocha-tap-reporter
STATE: "Tutorial.Level.TestRunning"
ROUTE: "Tutorial.Level.TestRunning": On level 1250, step 1250.1
---------------- TEST RESULTS -----------------
TEST_FAIL
STATE: "Tutorial.Level.Normal"
ROUTE: "Tutorial.Level.Normal": On level 1250, step 1250.1
------------------- RUN TEST -------------------
START_TEST
COMMAND: npm run programmatic-test --reporter=mocha-tap-reporter
Calling command: npm run programmatic-test --reporter=mocha-tap-reporter
STATE: "Tutorial.Level.TestRunning"
ROUTE: "Tutorial.Level.TestRunning": On level 1250, step 1250.1
---------------- TEST RESULTS -----------------
TEST_FAIL
STATE: "Tutorial.Level.Normal"
ROUTE: "Tutorial.Level.Normal": On level 1250, step 1250.1
------------------- RUN TEST -------------------
START_TEST
COMMAND: npm run programmatic-test --reporter=mocha-tap-reporter
Calling command: npm run programmatic-test --reporter=mocha-tap-reporter
STATE: "Tutorial.Level.TestRunning"
ROUTE: "Tutorial.Level.TestRunning": On level 1250, step 1250.1
---------------- TEST RESULTS -----------------
TEST_FAIL
STATE: "Tutorial.Level.Normal"
ROUTE: "Tutorial.Level.Normal": On level 1250, step 1250.1
------------------- RUN TEST -------------------
START_TEST
COMMAND: npm run programmatic-test --reporter=mocha-tap-reporter
Calling command: npm run programmatic-test --reporter=mocha-tap-reporter
STATE: "Tutorial.Level.TestRunning"
ROUTE: "Tutorial.Level.TestRunning": On level 1250, step 1250.1
---------------- TEST RESULTS -----------------
Test pass position: {"stepId":"1250.1","levelId":"1250","complete":false}
TEST_PASS
updateStepPosition: {"type":"TEST_PASS","payload":{"position":{"stepId":"1250.1","levelId":"1250","complete":true}},"source":"coderoad"})
EDITOR_STEP_COMPLETE
Calling command: git commit -am 'Save progress: 1250.1'
STATE: "Tutorial.Level.StepNext"
ROUTE: "Tutorial.Level.StepNext": Completed level 1250, step 1250.1
EDITOR_LEVEL_COMPLETE
STATE: "Tutorial.Level.LevelComplete"
ROUTE: "Tutorial.Level.LevelComplete": Completed level 1250, step 1250.1
Commit saved: [main 35a5e65] Save progress: 1250.1
 2 files changed, 8 insertions(+)

KEY_PRESS_ENTER
STATE: "Tutorial.Level.LoadNext"
ROUTE: "Tutorial.Level.LoadNext": Completed level 1250, step 1250.1
EDITOR_SYNC_POSITION
EDITOR_LEVEL_ENTER
EDITOR_STEP_ENTER
STATE: "Tutorial.Level.Load"
ROUTE: "Tutorial.Level.Load": On level 1260, step 1260.1
STATE: "Tutorial.Level.Normal"
ROUTE: "Tutorial.Level.Normal": On level 1260, step 1260.1
Calling command: git log -n 1 --pretty=format:%s fc14fa36ea333121d0c3fcd267bb3378a1bcd5e1
Calling command: git log -g --grep='1260.1'
Calling command: git cherry-pick -X theirs fc14fa36ea333121d0c3fcd267bb3378a1bcd5e1
------------------- RUN TEST -------------------
START_TEST
COMMAND: npm run programmatic-test --reporter=mocha-tap-reporter
Calling command: npm run programmatic-test --reporter=mocha-tap-reporter
STATE: "Tutorial.Level.TestRunning"
ROUTE: "Tutorial.Level.TestRunning": On level 1260, step 1260.1
---------------- TEST RESULTS -----------------
Test pass position: {"stepId":"1260.1","levelId":"1260","complete":false}
TEST_PASS
updateStepPosition: {"type":"TEST_PASS","payload":{"position":{"stepId":"1260.1","levelId":"1260","complete":true}},"source":"coderoad"})
EDITOR_STEP_COMPLETE
Calling command: git commit -am 'Save progress: 1260.1'
STATE: "Tutorial.Level.StepNext"
ROUTE: "Tutorial.Level.StepNext": Completed level 1260, step 1260.1
EDITOR_LEVEL_COMPLETE
STATE: "Tutorial.Level.LevelComplete"
ROUTE: "Tutorial.Level.LevelComplete": Completed level 1260, step 1260.1
Commit saved: [main b99be33] Save progress: 1260.1
 2 files changed, 2 insertions(+)

KEY_PRESS_ENTER
STATE: "Tutorial.Level.LoadNext"
ROUTE: "Tutorial.Level.LoadNext": Completed level 1260, step 1260.1
EDITOR_SYNC_POSITION
EDITOR_LEVEL_ENTER
EDITOR_STEP_ENTER
STATE: "Tutorial.Level.Load"
ROUTE: "Tutorial.Level.Load": On level 1270, step 1270.1
STATE: "Tutorial.Level.Normal"
ROUTE: "Tutorial.Level.Normal": On level 1270, step 1270.1
Calling command: git log -n 1 --pretty=format:%s 5b16afd2f6095a3e247c39972db803ac2d60fe8d
Calling command: git log -g --grep='1270.1'
Calling command: git cherry-pick -X theirs 5b16afd2f6095a3e247c39972db803ac2d60fe8d
------------------- RUN TEST -------------------
START_TEST
COMMAND: npm run programmatic-test --reporter=mocha-tap-reporter
Calling command: npm run programmatic-test --reporter=mocha-tap-reporter
STATE: "Tutorial.Level.TestRunning"
ROUTE: "Tutorial.Level.TestRunning": On level 1270, step 1270.1
---------------- TEST RESULTS -----------------
Test pass position: {"stepId":"1270.1","levelId":"1270","complete":false}
TEST_PASS
updateStepPosition: {"type":"TEST_PASS","payload":{"position":{"stepId":"1270.1","levelId":"1270","complete":true}},"source":"coderoad"})
EDITOR_STEP_COMPLETE
Calling command: git commit -am 'Save progress: 1270.1'
STATE: "Tutorial.Level.StepNext"
ROUTE: "Tutorial.Level.StepNext": Completed level 1270, step 1270.1
EDITOR_LEVEL_COMPLETE
STATE: "Tutorial.Level.LevelComplete"
ROUTE: "Tutorial.Level.LevelComplete": Completed level 1270, step 1270.1
Commit saved: [main b143bc4] Save progress: 1270.1
 2 files changed, 2 insertions(+)

KEY_PRESS_ENTER
STATE: "Tutorial.Level.LoadNext"
ROUTE: "Tutorial.Level.LoadNext": Completed level 1270, step 1270.1
EDITOR_SYNC_POSITION
EDITOR_LEVEL_ENTER
EDITOR_STEP_ENTER
STATE: "Tutorial.Level.Load"
ROUTE: "Tutorial.Level.Load": On level 1275, step 1275.1
STATE: "Tutorial.Level.Normal"
ROUTE: "Tutorial.Level.Normal": On level 1275, step 1275.1
Calling command: git log -n 1 --pretty=format:%s 339e5a7947472116668a181c5dd55e3a0e7b074f
Calling command: git log -g --grep='1275.1'
Calling command: git cherry-pick -X theirs 339e5a7947472116668a181c5dd55e3a0e7b074f
------------------- RUN TEST -------------------
START_TEST
COMMAND: npm run programmatic-test --reporter=mocha-tap-reporter
Calling command: npm run programmatic-test --reporter=mocha-tap-reporter
STATE: "Tutorial.Level.TestRunning"
ROUTE: "Tutorial.Level.TestRunning": On level 1275, step 1275.1
---------------- TEST RESULTS -----------------
TEST_FAIL
STATE: "Tutorial.Level.Normal"
ROUTE: "Tutorial.Level.Normal": On level 1275, step 1275.1
------------------- RUN TEST -------------------
START_TEST
COMMAND: npm run programmatic-test --reporter=mocha-tap-reporter
Calling command: npm run programmatic-test --reporter=mocha-tap-reporter
STATE: "Tutorial.Level.TestRunning"
ROUTE: "Tutorial.Level.TestRunning": On level 1275, step 1275.1
---------------- TEST RESULTS -----------------
Test pass position: {"stepId":"1275.1","levelId":"1275","complete":false}
TEST_PASS
updateStepPosition: {"type":"TEST_PASS","payload":{"position":{"stepId":"1275.1","levelId":"1275","complete":true}},"source":"coderoad"})
EDITOR_STEP_COMPLETE
Calling command: git commit -am 'Save progress: 1275.1'
STATE: "Tutorial.Level.StepNext"
ROUTE: "Tutorial.Level.StepNext": Completed level 1275, step 1275.1
EDITOR_LEVEL_COMPLETE
STATE: "Tutorial.Level.LevelComplete"
ROUTE: "Tutorial.Level.LevelComplete": Completed level 1275, step 1275.1
Commit saved: [main 9cefc79] Save progress: 1275.1
 2 files changed, 4 insertions(+)

KEY_PRESS_ENTER
STATE: "Tutorial.Level.LoadNext"
ROUTE: "Tutorial.Level.LoadNext": Completed level 1275, step 1275.1
EDITOR_SYNC_POSITION
EDITOR_LEVEL_ENTER
EDITOR_STEP_ENTER
STATE: "Tutorial.Level.Load"
ROUTE: "Tutorial.Level.Load": On level 1280, step 1280.1
STATE: "Tutorial.Level.Normal"
ROUTE: "Tutorial.Level.Normal": On level 1280, step 1280.1
Calling command: git log -n 1 --pretty=format:%s 4aed7bacb7bde476888181e36f70ca4c8fd50c59
Calling command: git log -g --grep='1280.1'
Calling command: git cherry-pick -X theirs 4aed7bacb7bde476888181e36f70ca4c8fd50c59
------------------- RUN TEST -------------------
START_TEST
COMMAND: npm run programmatic-test --reporter=mocha-tap-reporter
Calling command: npm run programmatic-test --reporter=mocha-tap-reporter
STATE: "Tutorial.Level.TestRunning"
ROUTE: "Tutorial.Level.TestRunning": On level 1280, step 1280.1
---------------- TEST RESULTS -----------------
Test pass position: {"stepId":"1280.1","levelId":"1280","complete":false}
TEST_PASS
updateStepPosition: {"type":"TEST_PASS","payload":{"position":{"stepId":"1280.1","levelId":"1280","complete":true}},"source":"coderoad"})
EDITOR_STEP_COMPLETE
Calling command: git commit -am 'Save progress: 1280.1'
STATE: "Tutorial.Level.StepNext"
ROUTE: "Tutorial.Level.StepNext": Completed level 1280, step 1280.1
EDITOR_LEVEL_COMPLETE
STATE: "Tutorial.Level.LevelComplete"
ROUTE: "Tutorial.Level.LevelComplete": Completed level 1280, step 1280.1
Commit saved: [main 341fa6c] Save progress: 1280.1
 2 files changed, 2 insertions(+)

KEY_PRESS_ENTER
STATE: "Tutorial.Level.LoadNext"
ROUTE: "Tutorial.Level.LoadNext": Completed level 1280, step 1280.1
EDITOR_SYNC_POSITION
EDITOR_LEVEL_ENTER
EDITOR_STEP_ENTER
STATE: "Tutorial.Level.Load"
ROUTE: "Tutorial.Level.Load": On level 1290, step 1290.1
STATE: "Tutorial.Level.Normal"
ROUTE: "Tutorial.Level.Normal": On level 1290, step 1290.1
Calling command: git log -n 1 --pretty=format:%s f6c68600177a62140d65e5a4909794b1336a7cf4
Calling command: git log -g --grep='1290.1'
Calling command: git cherry-pick -X theirs f6c68600177a62140d65e5a4909794b1336a7cf4
------------------- RUN TEST -------------------
START_TEST
COMMAND: npm run programmatic-test --reporter=mocha-tap-reporter
Calling command: npm run programmatic-test --reporter=mocha-tap-reporter
STATE: "Tutorial.Level.TestRunning"
ROUTE: "Tutorial.Level.TestRunning": On level 1290, step 1290.1
---------------- TEST RESULTS -----------------
Test pass position: {"stepId":"1290.1","levelId":"1290","complete":false}
TEST_PASS
updateStepPosition: {"type":"TEST_PASS","payload":{"position":{"stepId":"1290.1","levelId":"1290","complete":true}},"source":"coderoad"})
EDITOR_STEP_COMPLETE
Calling command: git commit -am 'Save progress: 1290.1'
STATE: "Tutorial.Level.StepNext"
ROUTE: "Tutorial.Level.StepNext": Completed level 1290, step 1290.1
EDITOR_LEVEL_COMPLETE
STATE: "Tutorial.Level.LevelComplete"
ROUTE: "Tutorial.Level.LevelComplete": Completed level 1290, step 1290.1
Commit saved: [main 30469ed] Save progress: 1290.1
 2 files changed, 2 insertions(+)

KEY_PRESS_ENTER
STATE: "Tutorial.Level.LoadNext"
ROUTE: "Tutorial.Level.LoadNext": Completed level 1290, step 1290.1
EDITOR_SYNC_POSITION
EDITOR_LEVEL_ENTER
EDITOR_STEP_ENTER
STATE: "Tutorial.Level.Load"
ROUTE: "Tutorial.Level.Load": On level 1300, step 1300.1
STATE: "Tutorial.Level.Normal"
ROUTE: "Tutorial.Level.Normal": On level 1300, step 1300.1
Calling command: git log -n 1 --pretty=format:%s 0f1ae53c0186d6ba77b4e3ae63ec8fc7b2ac6316
Calling command: git log -g --grep='1300.1'
Calling command: git cherry-pick -X theirs 0f1ae53c0186d6ba77b4e3ae63ec8fc7b2ac6316
------------------- RUN TEST -------------------
START_TEST
COMMAND: npm run programmatic-test --reporter=mocha-tap-reporter
Calling command: npm run programmatic-test --reporter=mocha-tap-reporter
STATE: "Tutorial.Level.TestRunning"
ROUTE: "Tutorial.Level.TestRunning": On level 1300, step 1300.1
---------------- TEST RESULTS -----------------
Test pass position: {"stepId":"1300.1","levelId":"1300","complete":false}
TEST_PASS
updateStepPosition: {"type":"TEST_PASS","payload":{"position":{"stepId":"1300.1","levelId":"1300","complete":true}},"source":"coderoad"})
EDITOR_STEP_COMPLETE
Calling command: git commit -am 'Save progress: 1300.1'
STATE: "Tutorial.Level.StepNext"
ROUTE: "Tutorial.Level.StepNext": Completed level 1300, step 1300.1
EDITOR_LEVEL_COMPLETE
STATE: "Tutorial.Level.LevelComplete"
ROUTE: "Tutorial.Level.LevelComplete": Completed level 1300, step 1300.1
Commit saved: [main 3927018] Save progress: 1300.1
 2 files changed, 2 insertions(+)

KEY_PRESS_ENTER
STATE: "Tutorial.Level.LoadNext"
ROUTE: "Tutorial.Level.LoadNext": Completed level 1300, step 1300.1
EDITOR_SYNC_POSITION
EDITOR_LEVEL_ENTER
EDITOR_STEP_ENTER
STATE: "Tutorial.Level.Load"
ROUTE: "Tutorial.Level.Load": On level 1310, step 1310.1
STATE: "Tutorial.Level.Normal"
ROUTE: "Tutorial.Level.Normal": On level 1310, step 1310.1
Calling command: git log -n 1 --pretty=format:%s cd11b580dbb3df0749775e719bf7f7e0382699c3
Calling command: git log -g --grep='1310.1'
Calling command: git cherry-pick -X theirs cd11b580dbb3df0749775e719bf7f7e0382699c3
------------------- RUN TEST -------------------
START_TEST
COMMAND: npm run programmatic-test --reporter=mocha-tap-reporter
Calling command: npm run programmatic-test --reporter=mocha-tap-reporter
STATE: "Tutorial.Level.TestRunning"
ROUTE: "Tutorial.Level.TestRunning": On level 1310, step 1310.1
---------------- TEST RESULTS -----------------
TEST_FAIL
STATE: "Tutorial.Level.Normal"
ROUTE: "Tutorial.Level.Normal": On level 1310, step 1310.1
------------------- RUN TEST -------------------
START_TEST
COMMAND: npm run programmatic-test --reporter=mocha-tap-reporter
Calling command: npm run programmatic-test --reporter=mocha-tap-reporter
STATE: "Tutorial.Level.TestRunning"
ROUTE: "Tutorial.Level.TestRunning": On level 1310, step 1310.1
---------------- TEST RESULTS -----------------
TEST_FAIL
STATE: "Tutorial.Level.Normal"
ROUTE: "Tutorial.Level.Normal": On level 1310, step 1310.1
------------------- RUN TEST -------------------
START_TEST
COMMAND: npm run programmatic-test --reporter=mocha-tap-reporter
Calling command: npm run programmatic-test --reporter=mocha-tap-reporter
STATE: "Tutorial.Level.TestRunning"
ROUTE: "Tutorial.Level.TestRunning": On level 1310, step 1310.1
---------------- TEST RESULTS -----------------
TEST_FAIL
STATE: "Tutorial.Level.Normal"
ROUTE: "Tutorial.Level.Normal": On level 1310, step 1310.1
------------------- RUN TEST -------------------
START_TEST
COMMAND: npm run programmatic-test --reporter=mocha-tap-reporter
Calling command: npm run programmatic-test --reporter=mocha-tap-reporter
STATE: "Tutorial.Level.TestRunning"
ROUTE: "Tutorial.Level.TestRunning": On level 1310, step 1310.1
---------------- TEST RESULTS -----------------
TEST_FAIL
STATE: "Tutorial.Level.Normal"
ROUTE: "Tutorial.Level.Normal": On level 1310, step 1310.1
------------------- RUN TEST -------------------
START_TEST
COMMAND: npm run programmatic-test --reporter=mocha-tap-reporter
Calling command: npm run programmatic-test --reporter=mocha-tap-reporter
STATE: "Tutorial.Level.TestRunning"
ROUTE: "Tutorial.Level.TestRunning": On level 1310, step 1310.1
---------------- TEST RESULTS -----------------
TEST_FAIL
STATE: "Tutorial.Level.Normal"
ROUTE: "Tutorial.Level.Normal": On level 1310, step 1310.1
------------------- RUN TEST -------------------
START_TEST
COMMAND: npm run programmatic-test --reporter=mocha-tap-reporter
Calling command: npm run programmatic-test --reporter=mocha-tap-reporter
STATE: "Tutorial.Level.TestRunning"
ROUTE: "Tutorial.Level.TestRunning": On level 1310, step 1310.1
---------------- TEST RESULTS -----------------
TEST_FAIL
STATE: "Tutorial.Level.Normal"
ROUTE: "Tutorial.Level.Normal": On level 1310, step 1310.1
------------------- RUN TEST -------------------
START_TEST
COMMAND: npm run programmatic-test --reporter=mocha-tap-reporter
Calling command: npm run programmatic-test --reporter=mocha-tap-reporter
STATE: "Tutorial.Level.TestRunning"
ROUTE: "Tutorial.Level.TestRunning": On level 1310, step 1310.1
---------------- TEST RESULTS -----------------
TEST_FAIL
STATE: "Tutorial.Level.Normal"
ROUTE: "Tutorial.Level.Normal": On level 1310, step 1310.1
------------------- RUN TEST -------------------
START_TEST
COMMAND: npm run programmatic-test --reporter=mocha-tap-reporter
Calling command: npm run programmatic-test --reporter=mocha-tap-reporter
STATE: "Tutorial.Level.TestRunning"
ROUTE: "Tutorial.Level.TestRunning": On level 1310, step 1310.1
---------------- TEST RESULTS -----------------
TEST_FAIL
STATE: "Tutorial.Level.Normal"
ROUTE: "Tutorial.Level.Normal": On level 1310, step 1310.1
------------------- RUN TEST -------------------
START_TEST
COMMAND: npm run programmatic-test --reporter=mocha-tap-reporter
Calling command: npm run programmatic-test --reporter=mocha-tap-reporter
STATE: "Tutorial.Level.TestRunning"
ROUTE: "Tutorial.Level.TestRunning": On level 1310, step 1310.1
---------------- TEST RESULTS -----------------
Test pass position: {"stepId":"1310.1","levelId":"1310","complete":false}
TEST_PASS
updateStepPosition: {"type":"TEST_PASS","payload":{"position":{"stepId":"1310.1","levelId":"1310","complete":true}},"source":"coderoad"})
EDITOR_STEP_COMPLETE
Calling command: git commit -am 'Save progress: 1310.1'
STATE: "Tutorial.Level.StepNext"
ROUTE: "Tutorial.Level.StepNext": Completed level 1310, step 1310.1
EDITOR_LEVEL_COMPLETE
STATE: "Tutorial.Level.LevelComplete"
ROUTE: "Tutorial.Level.LevelComplete": Completed level 1310, step 1310.1
Commit saved: [main 66165db] Save progress: 1310.1
 2 files changed, 18 insertions(+)

KEY_PRESS_ENTER
STATE: "Tutorial.Level.LoadNext"
ROUTE: "Tutorial.Level.LoadNext": Completed level 1310, step 1310.1
EDITOR_SYNC_POSITION
EDITOR_LEVEL_ENTER
EDITOR_STEP_ENTER
STATE: "Tutorial.Level.Load"
ROUTE: "Tutorial.Level.Load": On level 1315, step 1315.1
STATE: "Tutorial.Level.Normal"
ROUTE: "Tutorial.Level.Normal": On level 1315, step 1315.1
Calling command: git log -n 1 --pretty=format:%s 705b94cd5db241e9fb092ffc140ad5a4a9be71f6
Calling command: git log -g --grep='1315.1'
Calling command: git cherry-pick -X theirs 705b94cd5db241e9fb092ffc140ad5a4a9be71f6
------------------- RUN TEST -------------------
START_TEST
COMMAND: npm run programmatic-test --reporter=mocha-tap-reporter
Calling command: npm run programmatic-test --reporter=mocha-tap-reporter
STATE: "Tutorial.Level.TestRunning"
ROUTE: "Tutorial.Level.TestRunning": On level 1315, step 1315.1
---------------- TEST RESULTS -----------------
TEST_FAIL
STATE: "Tutorial.Level.Normal"
ROUTE: "Tutorial.Level.Normal": On level 1315, step 1315.1
------------------- RUN TEST -------------------
START_TEST
COMMAND: npm run programmatic-test --reporter=mocha-tap-reporter
Calling command: npm run programmatic-test --reporter=mocha-tap-reporter
STATE: "Tutorial.Level.TestRunning"
ROUTE: "Tutorial.Level.TestRunning": On level 1315, step 1315.1
---------------- TEST RESULTS -----------------
TEST_FAIL
STATE: "Tutorial.Level.Normal"
ROUTE: "Tutorial.Level.Normal": On level 1315, step 1315.1
------------------- RUN TEST -------------------
START_TEST
COMMAND: npm run programmatic-test --reporter=mocha-tap-reporter
Calling command: npm run programmatic-test --reporter=mocha-tap-reporter
STATE: "Tutorial.Level.TestRunning"
ROUTE: "Tutorial.Level.TestRunning": On level 1315, step 1315.1
---------------- TEST RESULTS -----------------
Test pass position: {"stepId":"1315.1","levelId":"1315","complete":false}
TEST_PASS
updateStepPosition: {"type":"TEST_PASS","payload":{"position":{"stepId":"1315.1","levelId":"1315","complete":true}},"source":"coderoad"})
EDITOR_STEP_COMPLETE
Calling command: git commit -am 'Save progress: 1315.1'
STATE: "Tutorial.Level.StepNext"
ROUTE: "Tutorial.Level.StepNext": Completed level 1315, step 1315.1
EDITOR_LEVEL_COMPLETE
STATE: "Tutorial.Level.LevelComplete"
ROUTE: "Tutorial.Level.LevelComplete": Completed level 1315, step 1315.1
Commit saved: [main 940d9fa] Save progress: 1315.1
 2 files changed, 8 insertions(+)

KEY_PRESS_ENTER
STATE: "Tutorial.Level.LoadNext"
ROUTE: "Tutorial.Level.LoadNext": Completed level 1315, step 1315.1
EDITOR_SYNC_POSITION
EDITOR_LEVEL_ENTER
EDITOR_STEP_ENTER
STATE: "Tutorial.Level.Load"
ROUTE: "Tutorial.Level.Load": On level 1320, step 1320.1
STATE: "Tutorial.Level.Normal"
ROUTE: "Tutorial.Level.Normal": On level 1320, step 1320.1
Calling command: git log -n 1 --pretty=format:%s 48ff8782281ee226766f738c266784cb3c2022d6
Calling command: git log -g --grep='1320.1'
Calling command: git cherry-pick -X theirs 48ff8782281ee226766f738c266784cb3c2022d6
------------------- RUN TEST -------------------
START_TEST
COMMAND: npm run programmatic-test --reporter=mocha-tap-reporter
Calling command: npm run programmatic-test --reporter=mocha-tap-reporter
STATE: "Tutorial.Level.TestRunning"
ROUTE: "Tutorial.Level.TestRunning": On level 1320, step 1320.1
---------------- TEST RESULTS -----------------
Test pass position: {"stepId":"1320.1","levelId":"1320","complete":false}
TEST_PASS
updateStepPosition: {"type":"TEST_PASS","payload":{"position":{"stepId":"1320.1","levelId":"1320","complete":true}},"source":"coderoad"})
EDITOR_STEP_COMPLETE
Calling command: git commit -am 'Save progress: 1320.1'
STATE: "Tutorial.Level.StepNext"
ROUTE: "Tutorial.Level.StepNext": Completed level 1320, step 1320.1
EDITOR_LEVEL_COMPLETE
STATE: "Tutorial.Level.LevelComplete"
ROUTE: "Tutorial.Level.LevelComplete": Completed level 1320, step 1320.1
Commit saved: [main 0cb3583] Save progress: 1320.1
 2 files changed, 2 insertions(+)

KEY_PRESS_ENTER
STATE: "Tutorial.Level.LoadNext"
ROUTE: "Tutorial.Level.LoadNext": Completed level 1320, step 1320.1
EDITOR_SYNC_POSITION
EDITOR_LEVEL_ENTER
EDITOR_STEP_ENTER
STATE: "Tutorial.Level.Load"
ROUTE: "Tutorial.Level.Load": On level 1330, step 1330.1
STATE: "Tutorial.Level.Normal"
ROUTE: "Tutorial.Level.Normal": On level 1330, step 1330.1
Calling command: git log -n 1 --pretty=format:%s c16c191f8e7bb7d4551bbfaa997047ff0dbed3c3
Calling command: git log -g --grep='1330.1'
Calling command: git cherry-pick -X theirs c16c191f8e7bb7d4551bbfaa997047ff0dbed3c3
------------------- RUN TEST -------------------
START_TEST
COMMAND: npm run programmatic-test --reporter=mocha-tap-reporter
Calling command: npm run programmatic-test --reporter=mocha-tap-reporter
STATE: "Tutorial.Level.TestRunning"
ROUTE: "Tutorial.Level.TestRunning": On level 1330, step 1330.1
---------------- TEST RESULTS -----------------
Test pass position: {"stepId":"1330.1","levelId":"1330","complete":false}
TEST_PASS
updateStepPosition: {"type":"TEST_PASS","payload":{"position":{"stepId":"1330.1","levelId":"1330","complete":true}},"source":"coderoad"})
EDITOR_STEP_COMPLETE
Calling command: git commit -am 'Save progress: 1330.1'
STATE: "Tutorial.Level.StepNext"
ROUTE: "Tutorial.Level.StepNext": Completed level 1330, step 1330.1
EDITOR_LEVEL_COMPLETE
STATE: "Tutorial.Level.LevelComplete"
ROUTE: "Tutorial.Level.LevelComplete": Completed level 1330, step 1330.1
Commit saved: [main fee3337] Save progress: 1330.1
 2 files changed, 2 insertions(+)

KEY_PRESS_ENTER
STATE: "Tutorial.Level.LoadNext"
ROUTE: "Tutorial.Level.LoadNext": Completed level 1330, step 1330.1
EDITOR_SYNC_POSITION
EDITOR_LEVEL_ENTER
EDITOR_STEP_ENTER
STATE: "Tutorial.Level.Load"
ROUTE: "Tutorial.Level.Load": On level 1340, step 1340.1
STATE: "Tutorial.Level.Normal"
ROUTE: "Tutorial.Level.Normal": On level 1340, step 1340.1
Calling command: git log -n 1 --pretty=format:%s 055e74815752692ffcafa48d360bf31a65343190
Calling command: git log -g --grep='1340.1'
Calling command: git cherry-pick -X theirs 055e74815752692ffcafa48d360bf31a65343190
------------------- RUN TEST -------------------
START_TEST
COMMAND: npm run programmatic-test --reporter=mocha-tap-reporter
Calling command: npm run programmatic-test --reporter=mocha-tap-reporter
STATE: "Tutorial.Level.TestRunning"
ROUTE: "Tutorial.Level.TestRunning": On level 1340, step 1340.1
---------------- TEST RESULTS -----------------
Test pass position: {"stepId":"1340.1","levelId":"1340","complete":false}
TEST_PASS
updateStepPosition: {"type":"TEST_PASS","payload":{"position":{"stepId":"1340.1","levelId":"1340","complete":true}},"source":"coderoad"})
EDITOR_STEP_COMPLETE
Calling command: git commit -am 'Save progress: 1340.1'
STATE: "Tutorial.Level.StepNext"
ROUTE: "Tutorial.Level.StepNext": Completed level 1340, step 1340.1
EDITOR_LEVEL_COMPLETE
STATE: "Tutorial.Level.LevelComplete"
ROUTE: "Tutorial.Level.LevelComplete": Completed level 1340, step 1340.1
Commit saved: [main 87eb886] Save progress: 1340.1
 2 files changed, 2 insertions(+)

KEY_PRESS_ENTER
STATE: "Tutorial.Level.LoadNext"
ROUTE: "Tutorial.Level.LoadNext": Completed level 1340, step 1340.1
EDITOR_SYNC_POSITION
EDITOR_LEVEL_ENTER
EDITOR_STEP_ENTER
STATE: "Tutorial.Level.Load"
ROUTE: "Tutorial.Level.Load": On level 1350, step 1350.1
STATE: "Tutorial.Level.Normal"
ROUTE: "Tutorial.Level.Normal": On level 1350, step 1350.1
Calling command: git log -n 1 --pretty=format:%s a6add6a9408016a46737424d067c562bebe7a0c1
Calling command: git log -g --grep='1350.1'
Calling command: git cherry-pick -X theirs a6add6a9408016a46737424d067c562bebe7a0c1
------------------- RUN TEST -------------------
START_TEST
COMMAND: npm run programmatic-test --reporter=mocha-tap-reporter
Calling command: npm run programmatic-test --reporter=mocha-tap-reporter
STATE: "Tutorial.Level.TestRunning"
ROUTE: "Tutorial.Level.TestRunning": On level 1350, step 1350.1
---------------- TEST RESULTS -----------------
Test pass position: {"stepId":"1350.1","levelId":"1350","complete":false}
TEST_PASS
updateStepPosition: {"type":"TEST_PASS","payload":{"position":{"stepId":"1350.1","levelId":"1350","complete":true}},"source":"coderoad"})
EDITOR_STEP_COMPLETE
Calling command: git commit -am 'Save progress: 1350.1'
STATE: "Tutorial.Level.StepNext"
ROUTE: "Tutorial.Level.StepNext": Completed level 1350, step 1350.1
EDITOR_LEVEL_COMPLETE
STATE: "Tutorial.Level.LevelComplete"
ROUTE: "Tutorial.Level.LevelComplete": Completed level 1350, step 1350.1
Commit saved: [main 8e9081b] Save progress: 1350.1
 2 files changed, 2 insertions(+)

KEY_PRESS_ENTER
STATE: "Tutorial.Level.LoadNext"
ROUTE: "Tutorial.Level.LoadNext": Completed level 1350, step 1350.1
EDITOR_SYNC_POSITION
EDITOR_LEVEL_ENTER
EDITOR_STEP_ENTER
STATE: "Tutorial.Level.Load"
ROUTE: "Tutorial.Level.Load": On level 1360, step 1360.1
STATE: "Tutorial.Level.Normal"
ROUTE: "Tutorial.Level.Normal": On level 1360, step 1360.1
Calling command: git log -n 1 --pretty=format:%s 2b99ca8b5f5707cc90e4fd24d97f3064b44e0f09
Calling command: git log -g --grep='1360.1'
Calling command: git cherry-pick -X theirs 2b99ca8b5f5707cc90e4fd24d97f3064b44e0f09
------------------- RUN TEST -------------------
START_TEST
COMMAND: npm run programmatic-test --reporter=mocha-tap-reporter
Calling command: npm run programmatic-test --reporter=mocha-tap-reporter
STATE: "Tutorial.Level.TestRunning"
ROUTE: "Tutorial.Level.TestRunning": On level 1360, step 1360.1
---------------- TEST RESULTS -----------------
Test pass position: {"stepId":"1360.1","levelId":"1360","complete":false}
TEST_PASS
updateStepPosition: {"type":"TEST_PASS","payload":{"position":{"stepId":"1360.1","levelId":"1360","complete":true}},"source":"coderoad"})
EDITOR_STEP_COMPLETE
Calling command: git commit -am 'Save progress: 1360.1'
STATE: "Tutorial.Level.StepNext"
ROUTE: "Tutorial.Level.StepNext": Completed level 1360, step 1360.1
EDITOR_LEVEL_COMPLETE
STATE: "Tutorial.Level.LevelComplete"
ROUTE: "Tutorial.Level.LevelComplete": Completed level 1360, step 1360.1
Commit saved: [main c55859f] Save progress: 1360.1
 2 files changed, 2 insertions(+)

KEY_PRESS_ENTER
STATE: "Tutorial.Level.LoadNext"
ROUTE: "Tutorial.Level.LoadNext": Completed level 1360, step 1360.1
EDITOR_SYNC_POSITION
EDITOR_LEVEL_ENTER
EDITOR_STEP_ENTER
STATE: "Tutorial.Level.Load"
ROUTE: "Tutorial.Level.Load": On level 1370, step 1370.1
STATE: "Tutorial.Level.Normal"
ROUTE: "Tutorial.Level.Normal": On level 1370, step 1370.1
Calling command: git log -n 1 --pretty=format:%s 13c4990234c4f6a7325315291bdb3ce6520af63a
Calling command: git log -g --grep='1370.1'
Calling command: git cherry-pick -X theirs 13c4990234c4f6a7325315291bdb3ce6520af63a
------------------- RUN TEST -------------------
START_TEST
COMMAND: npm run programmatic-test --reporter=mocha-tap-reporter
Calling command: npm run programmatic-test --reporter=mocha-tap-reporter
STATE: "Tutorial.Level.TestRunning"
ROUTE: "Tutorial.Level.TestRunning": On level 1370, step 1370.1
---------------- TEST RESULTS -----------------
Test pass position: {"stepId":"1370.1","levelId":"1370","complete":false}
TEST_PASS
updateStepPosition: {"type":"TEST_PASS","payload":{"position":{"stepId":"1370.1","levelId":"1370","complete":true}},"source":"coderoad"})
EDITOR_STEP_COMPLETE
Calling command: git commit -am 'Save progress: 1370.1'
STATE: "Tutorial.Level.StepNext"
ROUTE: "Tutorial.Level.StepNext": Completed level 1370, step 1370.1
EDITOR_LEVEL_COMPLETE
STATE: "Tutorial.Level.LevelComplete"
ROUTE: "Tutorial.Level.LevelComplete": Completed level 1370, step 1370.1
Commit saved: [main c23b98a] Save progress: 1370.1
 2 files changed, 2 insertions(+)

KEY_PRESS_ENTER
STATE: "Tutorial.Level.LoadNext"
ROUTE: "Tutorial.Level.LoadNext": Completed level 1370, step 1370.1
EDITOR_SYNC_POSITION
EDITOR_LEVEL_ENTER
EDITOR_STEP_ENTER
STATE: "Tutorial.Level.Load"
ROUTE: "Tutorial.Level.Load": On level 1380, step 1380.1
STATE: "Tutorial.Level.Normal"
ROUTE: "Tutorial.Level.Normal": On level 1380, step 1380.1
Calling command: git log -n 1 --pretty=format:%s 2e066340d169dd669667392e33f26eb46c680c8b
Calling command: git log -g --grep='1380.1'
Calling command: git cherry-pick -X theirs 2e066340d169dd669667392e33f26eb46c680c8b
------------------- RUN TEST -------------------
START_TEST
COMMAND: npm run programmatic-test --reporter=mocha-tap-reporter
Calling command: npm run programmatic-test --reporter=mocha-tap-reporter
STATE: "Tutorial.Level.TestRunning"
ROUTE: "Tutorial.Level.TestRunning": On level 1380, step 1380.1
---------------- TEST RESULTS -----------------
Test pass position: {"stepId":"1380.1","levelId":"1380","complete":false}
TEST_PASS
updateStepPosition: {"type":"TEST_PASS","payload":{"position":{"stepId":"1380.1","levelId":"1380","complete":true}},"source":"coderoad"})
EDITOR_STEP_COMPLETE
Calling command: git commit -am 'Save progress: 1380.1'
STATE: "Tutorial.Level.StepNext"
ROUTE: "Tutorial.Level.StepNext": Completed level 1380, step 1380.1
EDITOR_LEVEL_COMPLETE
STATE: "Tutorial.Level.LevelComplete"
ROUTE: "Tutorial.Level.LevelComplete": Completed level 1380, step 1380.1
Commit saved: [main ee10e50] Save progress: 1380.1
 2 files changed, 2 insertions(+)

KEY_PRESS_ENTER
STATE: "Tutorial.Level.LoadNext"
ROUTE: "Tutorial.Level.LoadNext": Completed level 1380, step 1380.1
EDITOR_SYNC_POSITION
EDITOR_LEVEL_ENTER
EDITOR_STEP_ENTER
STATE: "Tutorial.Level.Load"
ROUTE: "Tutorial.Level.Load": On level 1390, step 1390.1
STATE: "Tutorial.Level.Normal"
ROUTE: "Tutorial.Level.Normal": On level 1390, step 1390.1
Calling command: git log -n 1 --pretty=format:%s 6e55ae7021ab941dbe8ba12d85896fae83e7c12a
Calling command: git log -g --grep='1390.1'
Calling command: git cherry-pick -X theirs 6e55ae7021ab941dbe8ba12d85896fae83e7c12a
------------------- RUN TEST -------------------
START_TEST
COMMAND: npm run programmatic-test --reporter=mocha-tap-reporter
Calling command: npm run programmatic-test --reporter=mocha-tap-reporter
STATE: "Tutorial.Level.TestRunning"
ROUTE: "Tutorial.Level.TestRunning": On level 1390, step 1390.1
---------------- TEST RESULTS -----------------
Test pass position: {"stepId":"1390.1","levelId":"1390","complete":false}
TEST_PASS
updateStepPosition: {"type":"TEST_PASS","payload":{"position":{"stepId":"1390.1","levelId":"1390","complete":true}},"source":"coderoad"})
EDITOR_STEP_COMPLETE
Calling command: git commit -am 'Save progress: 1390.1'
STATE: "Tutorial.Level.StepNext"
ROUTE: "Tutorial.Level.StepNext": Completed level 1390, step 1390.1
EDITOR_LEVEL_COMPLETE
STATE: "Tutorial.Level.LevelComplete"
ROUTE: "Tutorial.Level.LevelComplete": Completed level 1390, step 1390.1
Commit saved: [main 9559a83] Save progress: 1390.1
 2 files changed, 2 insertions(+)

KEY_PRESS_ENTER
STATE: "Tutorial.Level.LoadNext"
ROUTE: "Tutorial.Level.LoadNext": Completed level 1390, step 1390.1
EDITOR_SYNC_POSITION
EDITOR_LEVEL_ENTER
EDITOR_STEP_ENTER
STATE: "Tutorial.Level.Load"
ROUTE: "Tutorial.Level.Load": On level 1400, step 1400.1
STATE: "Tutorial.Level.Normal"
ROUTE: "Tutorial.Level.Normal": On level 1400, step 1400.1
Calling command: git log -n 1 --pretty=format:%s 5721bf703fc1912a58ba7354dd66bfb5b86bf374
Calling command: git log -g --grep='1400.1'
Calling command: git cherry-pick -X theirs 5721bf703fc1912a58ba7354dd66bfb5b86bf374
------------------- RUN TEST -------------------
START_TEST
COMMAND: npm run programmatic-test --reporter=mocha-tap-reporter
Calling command: npm run programmatic-test --reporter=mocha-tap-reporter
STATE: "Tutorial.Level.TestRunning"
ROUTE: "Tutorial.Level.TestRunning": On level 1400, step 1400.1
---------------- TEST RESULTS -----------------
TEST_FAIL
STATE: "Tutorial.Level.Normal"
ROUTE: "Tutorial.Level.Normal": On level 1400, step 1400.1
------------------- RUN TEST -------------------
START_TEST
COMMAND: npm run programmatic-test --reporter=mocha-tap-reporter
Calling command: npm run programmatic-test --reporter=mocha-tap-reporter
STATE: "Tutorial.Level.TestRunning"
ROUTE: "Tutorial.Level.TestRunning": On level 1400, step 1400.1
---------------- TEST RESULTS -----------------
Test pass position: {"stepId":"1400.1","levelId":"1400","complete":false}
TEST_PASS
updateStepPosition: {"type":"TEST_PASS","payload":{"position":{"stepId":"1400.1","levelId":"1400","complete":true}},"source":"coderoad"})
EDITOR_STEP_COMPLETE
Calling command: git commit -am 'Save progress: 1400.1'
STATE: "Tutorial.Level.StepNext"
ROUTE: "Tutorial.Level.StepNext": Completed level 1400, step 1400.1
EDITOR_LEVEL_COMPLETE
STATE: "Tutorial.Level.LevelComplete"
ROUTE: "Tutorial.Level.LevelComplete": Completed level 1400, step 1400.1
Commit saved: [main f36668e] Save progress: 1400.1
 2 files changed, 4 insertions(+)

KEY_PRESS_ENTER
STATE: "Tutorial.Level.LoadNext"
ROUTE: "Tutorial.Level.LoadNext": Completed level 1400, step 1400.1
EDITOR_SYNC_POSITION
EDITOR_LEVEL_ENTER
EDITOR_STEP_ENTER
STATE: "Tutorial.Level.Load"
ROUTE: "Tutorial.Level.Load": On level 1405, step 1405.1
STATE: "Tutorial.Level.Normal"
ROUTE: "Tutorial.Level.Normal": On level 1405, step 1405.1
Calling command: git log -n 1 --pretty=format:%s bba9adc8d009b174a64d56f365a90d334071e89f
Calling command: git log -g --grep='1405.1'
Calling command: git cherry-pick -X theirs bba9adc8d009b174a64d56f365a90d334071e89f
------------------- RUN TEST -------------------
START_TEST
COMMAND: npm run programmatic-test --reporter=mocha-tap-reporter
Calling command: npm run programmatic-test --reporter=mocha-tap-reporter
STATE: "Tutorial.Level.TestRunning"
ROUTE: "Tutorial.Level.TestRunning": On level 1405, step 1405.1
---------------- TEST RESULTS -----------------
Test pass position: {"stepId":"1405.1","levelId":"1405","complete":false}
TEST_PASS
updateStepPosition: {"type":"TEST_PASS","payload":{"position":{"stepId":"1405.1","levelId":"1405","complete":true}},"source":"coderoad"})
EDITOR_STEP_COMPLETE
Calling command: git commit -am 'Save progress: 1405.1'
STATE: "Tutorial.Level.StepNext"
ROUTE: "Tutorial.Level.StepNext": Completed level 1405, step 1405.1
EDITOR_LEVEL_COMPLETE
STATE: "Tutorial.Level.LevelComplete"
ROUTE: "Tutorial.Level.LevelComplete": Completed level 1405, step 1405.1
Commit saved: [main e979221] Save progress: 1405.1
 2 files changed, 2 insertions(+)

KEY_PRESS_ENTER
STATE: "Tutorial.Level.LoadNext"
ROUTE: "Tutorial.Level.LoadNext": Completed level 1405, step 1405.1
EDITOR_SYNC_POSITION
EDITOR_LEVEL_ENTER
EDITOR_STEP_ENTER
STATE: "Tutorial.Level.Load"
ROUTE: "Tutorial.Level.Load": On level 1410, step 1410.1
STATE: "Tutorial.Level.Normal"
ROUTE: "Tutorial.Level.Normal": On level 1410, step 1410.1
Calling command: git log -n 1 --pretty=format:%s b57f2620dd2718bfbb89d84cae84a6cd245d3f61
Calling command: git log -g --grep='1410.1'
Calling command: git cherry-pick -X theirs b57f2620dd2718bfbb89d84cae84a6cd245d3f61
------------------- RUN TEST -------------------
START_TEST
COMMAND: npm run programmatic-test --reporter=mocha-tap-reporter
Calling command: npm run programmatic-test --reporter=mocha-tap-reporter
STATE: "Tutorial.Level.TestRunning"
ROUTE: "Tutorial.Level.TestRunning": On level 1410, step 1410.1
---------------- TEST RESULTS -----------------
Test pass position: {"stepId":"1410.1","levelId":"1410","complete":false}
TEST_PASS
updateStepPosition: {"type":"TEST_PASS","payload":{"position":{"stepId":"1410.1","levelId":"1410","complete":true}},"source":"coderoad"})
EDITOR_STEP_COMPLETE
Calling command: git commit -am 'Save progress: 1410.1'
STATE: "Tutorial.Level.StepNext"
ROUTE: "Tutorial.Level.StepNext": Completed level 1410, step 1410.1
EDITOR_LEVEL_COMPLETE
STATE: "Tutorial.Level.LevelComplete"
ROUTE: "Tutorial.Level.LevelComplete": Completed level 1410, step 1410.1
Commit saved: [main 9c1df94] Save progress: 1410.1
 2 files changed, 2 insertions(+)

KEY_PRESS_ENTER
STATE: "Tutorial.Level.LoadNext"
ROUTE: "Tutorial.Level.LoadNext": Completed level 1410, step 1410.1
EDITOR_SYNC_POSITION
EDITOR_LEVEL_ENTER
EDITOR_STEP_ENTER
STATE: "Tutorial.Level.Load"
ROUTE: "Tutorial.Level.Load": On level 1415, step 1415.1
STATE: "Tutorial.Level.Normal"
ROUTE: "Tutorial.Level.Normal": On level 1415, step 1415.1
Calling command: git log -n 1 --pretty=format:%s c2128e72db06ea79b166660ca43c8926427243ad
Calling command: git log -g --grep='1415.1'
Calling command: git cherry-pick -X theirs c2128e72db06ea79b166660ca43c8926427243ad
------------------- RUN TEST -------------------
START_TEST
COMMAND: npm run programmatic-test --reporter=mocha-tap-reporter
Calling command: npm run programmatic-test --reporter=mocha-tap-reporter
STATE: "Tutorial.Level.TestRunning"
ROUTE: "Tutorial.Level.TestRunning": On level 1415, step 1415.1
---------------- TEST RESULTS -----------------
Test pass position: {"stepId":"1415.1","levelId":"1415","complete":false}
TEST_PASS
updateStepPosition: {"type":"TEST_PASS","payload":{"position":{"stepId":"1415.1","levelId":"1415","complete":true}},"source":"coderoad"})
EDITOR_STEP_COMPLETE
Calling command: git commit -am 'Save progress: 1415.1'
STATE: "Tutorial.Level.StepNext"
ROUTE: "Tutorial.Level.StepNext": Completed level 1415, step 1415.1
EDITOR_LEVEL_COMPLETE
STATE: "Tutorial.Level.LevelComplete"
ROUTE: "Tutorial.Level.LevelComplete": Completed level 1415, step 1415.1
Commit saved: [main 9dc43d6] Save progress: 1415.1
 2 files changed, 2 insertions(+)

KEY_PRESS_ENTER
STATE: "Tutorial.Level.LoadNext"
ROUTE: "Tutorial.Level.LoadNext": Completed level 1415, step 1415.1
EDITOR_SYNC_POSITION
EDITOR_LEVEL_ENTER
EDITOR_STEP_ENTER
STATE: "Tutorial.Level.Load"
ROUTE: "Tutorial.Level.Load": On level 1420, step 1420.1
STATE: "Tutorial.Level.Normal"
ROUTE: "Tutorial.Level.Normal": On level 1420, step 1420.1
Calling command: git log -n 1 --pretty=format:%s 7d8256ce7ba6c947f57a5d6d8aac57f19fea8e46
Calling command: git log -g --grep='1420.1'
Calling command: git cherry-pick -X theirs 7d8256ce7ba6c947f57a5d6d8aac57f19fea8e46
------------------- RUN TEST -------------------
START_TEST
COMMAND: npm run programmatic-test --reporter=mocha-tap-reporter
Calling command: npm run programmatic-test --reporter=mocha-tap-reporter
STATE: "Tutorial.Level.TestRunning"
ROUTE: "Tutorial.Level.TestRunning": On level 1420, step 1420.1
---------------- TEST RESULTS -----------------
Test pass position: {"stepId":"1420.1","levelId":"1420","complete":false}
TEST_PASS
updateStepPosition: {"type":"TEST_PASS","payload":{"position":{"stepId":"1420.1","levelId":"1420","complete":true}},"source":"coderoad"})
EDITOR_STEP_COMPLETE
Calling command: git commit -am 'Save progress: 1420.1'
STATE: "Tutorial.Level.StepNext"
ROUTE: "Tutorial.Level.StepNext": Completed level 1420, step 1420.1
EDITOR_LEVEL_COMPLETE
STATE: "Tutorial.Level.LevelComplete"
ROUTE: "Tutorial.Level.LevelComplete": Completed level 1420, step 1420.1
Commit saved: [main 2e66010] Save progress: 1420.1
 2 files changed, 2 insertions(+)

KEY_PRESS_ENTER
STATE: "Tutorial.Level.LoadNext"
ROUTE: "Tutorial.Level.LoadNext": Completed level 1420, step 1420.1
EDITOR_SYNC_POSITION
EDITOR_LEVEL_ENTER
EDITOR_STEP_ENTER
STATE: "Tutorial.Level.Load"
ROUTE: "Tutorial.Level.Load": On level 1430, step 1430.1
STATE: "Tutorial.Level.Normal"
ROUTE: "Tutorial.Level.Normal": On level 1430, step 1430.1
Calling command: git log -n 1 --pretty=format:%s 5d9491f6749e7ec44fd1fc4ccd16af973337ab05
Calling command: git log -g --grep='1430.1'
Calling command: git cherry-pick -X theirs 5d9491f6749e7ec44fd1fc4ccd16af973337ab05
------------------- RUN TEST -------------------
START_TEST
COMMAND: npm run programmatic-test --reporter=mocha-tap-reporter
Calling command: npm run programmatic-test --reporter=mocha-tap-reporter
STATE: "Tutorial.Level.TestRunning"
ROUTE: "Tutorial.Level.TestRunning": On level 1430, step 1430.1
---------------- TEST RESULTS -----------------
Test pass position: {"stepId":"1430.1","levelId":"1430","complete":false}
TEST_PASS
updateStepPosition: {"type":"TEST_PASS","payload":{"position":{"stepId":"1430.1","levelId":"1430","complete":true}},"source":"coderoad"})
EDITOR_STEP_COMPLETE
Calling command: git commit -am 'Save progress: 1430.1'
STATE: "Tutorial.Level.StepNext"
ROUTE: "Tutorial.Level.StepNext": Completed level 1430, step 1430.1
EDITOR_LEVEL_COMPLETE
STATE: "Tutorial.Level.LevelComplete"
ROUTE: "Tutorial.Level.LevelComplete": Completed level 1430, step 1430.1
Commit saved: [main 3630316] Save progress: 1430.1
 2 files changed, 2 insertions(+)

KEY_PRESS_ENTER
STATE: "Tutorial.Level.LoadNext"
ROUTE: "Tutorial.Level.LoadNext": Completed level 1430, step 1430.1
EDITOR_SYNC_POSITION
EDITOR_LEVEL_ENTER
EDITOR_STEP_ENTER
STATE: "Tutorial.Level.Load"
ROUTE: "Tutorial.Level.Load": On level 1440, step 1440.1
STATE: "Tutorial.Level.Normal"
ROUTE: "Tutorial.Level.Normal": On level 1440, step 1440.1
Calling command: git log -n 1 --pretty=format:%s fc1fdeabcabc635464489f409b78a800a3c213d3
Calling command: git log -g --grep='1440.1'
Calling command: git cherry-pick -X theirs fc1fdeabcabc635464489f409b78a800a3c213d3
------------------- RUN TEST -------------------
START_TEST
COMMAND: npm run programmatic-test --reporter=mocha-tap-reporter
Calling command: npm run programmatic-test --reporter=mocha-tap-reporter
STATE: "Tutorial.Level.TestRunning"
ROUTE: "Tutorial.Level.TestRunning": On level 1440, step 1440.1
---------------- TEST RESULTS -----------------
TEST_FAIL
STATE: "Tutorial.Level.Normal"
ROUTE: "Tutorial.Level.Normal": On level 1440, step 1440.1
------------------- RUN TEST -------------------
START_TEST
COMMAND: npm run programmatic-test --reporter=mocha-tap-reporter
Calling command: npm run programmatic-test --reporter=mocha-tap-reporter
STATE: "Tutorial.Level.TestRunning"
ROUTE: "Tutorial.Level.TestRunning": On level 1440, step 1440.1
---------------- TEST RESULTS -----------------
TEST_FAIL
STATE: "Tutorial.Level.Normal"
ROUTE: "Tutorial.Level.Normal": On level 1440, step 1440.1
------------------- RUN TEST -------------------
START_TEST
COMMAND: npm run programmatic-test --reporter=mocha-tap-reporter
Calling command: npm run programmatic-test --reporter=mocha-tap-reporter
STATE: "Tutorial.Level.TestRunning"
ROUTE: "Tutorial.Level.TestRunning": On level 1440, step 1440.1
---------------- TEST RESULTS -----------------
TEST_FAIL
STATE: "Tutorial.Level.Normal"
ROUTE: "Tutorial.Level.Normal": On level 1440, step 1440.1
------------------- RUN TEST -------------------
START_TEST
COMMAND: npm run programmatic-test --reporter=mocha-tap-reporter
Calling command: npm run programmatic-test --reporter=mocha-tap-reporter
STATE: "Tutorial.Level.TestRunning"
ROUTE: "Tutorial.Level.TestRunning": On level 1440, step 1440.1
---------------- TEST RESULTS -----------------
TEST_FAIL
STATE: "Tutorial.Level.Normal"
ROUTE: "Tutorial.Level.Normal": On level 1440, step 1440.1
------------------- RUN TEST -------------------
START_TEST
COMMAND: npm run programmatic-test --reporter=mocha-tap-reporter
Calling command: npm run programmatic-test --reporter=mocha-tap-reporter
STATE: "Tutorial.Level.TestRunning"
ROUTE: "Tutorial.Level.TestRunning": On level 1440, step 1440.1
---------------- TEST RESULTS -----------------
TEST_FAIL
STATE: "Tutorial.Level.Normal"
ROUTE: "Tutorial.Level.Normal": On level 1440, step 1440.1
------------------- RUN TEST -------------------
START_TEST
COMMAND: npm run programmatic-test --reporter=mocha-tap-reporter
Calling command: npm run programmatic-test --reporter=mocha-tap-reporter
STATE: "Tutorial.Level.TestRunning"
ROUTE: "Tutorial.Level.TestRunning": On level 1440, step 1440.1
---------------- TEST RESULTS -----------------
TEST_FAIL
STATE: "Tutorial.Level.Normal"
ROUTE: "Tutorial.Level.Normal": On level 1440, step 1440.1
------------------- RUN TEST -------------------
START_TEST
COMMAND: npm run programmatic-test --reporter=mocha-tap-reporter
Calling command: npm run programmatic-test --reporter=mocha-tap-reporter
STATE: "Tutorial.Level.TestRunning"
ROUTE: "Tutorial.Level.TestRunning": On level 1440, step 1440.1
---------------- TEST RESULTS -----------------
TEST_FAIL
STATE: "Tutorial.Level.Normal"
ROUTE: "Tutorial.Level.Normal": On level 1440, step 1440.1
EDITOR_RUN_RESET_LATEST
Calling command: git init
STATE: "Tutorial.Reset"
ROUTE: "Tutorial.Reset": On level 1440, step 1440.1
Calling command: git branch --show-current
Calling command: git remote -v
Calling command: git checkout --orphan reset-orphan-branch
Calling command: git stash --include-untracked
Calling command: git rm -rf .
Workspace path: /workspace/project/.gitignore
Removing file: /workspace/project/.gitignore
Calling command: git branch -D main

Calling command: git checkout -b main

Calling command: git fetch coderoad v2.0.0
Calling command: git merge coderoad/v2.0.0
Calling command: git reset --hard fc1fdeabcabc635464489f409b78a800a3c213d3
Command: ./freeCodeCamp/setup.sh
COMMAND_START
Calling command: ./freeCodeCamp/setup.sh
Command output: 
COMMAND_SUCCESS
Command: ./freeCodeCamp/reset.sh
COMMAND_START
Calling command: ./freeCodeCamp/reset.sh
Command output: 
COMMAND_SUCCESS
STATE: "Tutorial.Reset"
ROUTE: "Tutorial.Reset": On level 1440, step 1440.1
STATE: "Tutorial.Reset"
ROUTE: "Tutorial.Reset": On level 1440, step 1440.1
STATE: "Tutorial.Reset"
ROUTE: "Tutorial.Reset": On level 1440, step 1440.1
STATE: "Tutorial.Reset"
ROUTE: "Tutorial.Reset": On level 1440, step 1440.1
EDITOR_LEVEL_ENTER
EDITOR_STEP_ENTER
STATE: "Tutorial.Level.Load"
ROUTE: "Tutorial.Level.Load": On level 1440, step 1440.1
STATE: "Tutorial.Level.Normal"
ROUTE: "Tutorial.Level.Normal": On level 1440, step 1440.1
Calling command: git log -n 1 --pretty=format:%s fc1fdeabcabc635464489f409b78a800a3c213d3
Calling command: git log -g --grep='1440.1'
------------------- RUN TEST -------------------
START_TEST
COMMAND: npm run programmatic-test --reporter=mocha-tap-reporter
Calling command: npm run programmatic-test --reporter=mocha-tap-reporter
STATE: "Tutorial.Level.TestRunning"
ROUTE: "Tutorial.Level.TestRunning": On level 1440, step 1440.1
---------------- TEST RESULTS -----------------
TEST_FAIL
STATE: "Tutorial.Level.Normal"
ROUTE: "Tutorial.Level.Normal": On level 1440, step 1440.1
------------------- RUN TEST -------------------
START_TEST
COMMAND: npm run programmatic-test --reporter=mocha-tap-reporter
Calling command: npm run programmatic-test --reporter=mocha-tap-reporter
STATE: "Tutorial.Level.TestRunning"
ROUTE: "Tutorial.Level.TestRunning": On level 1440, step 1440.1
---------------- TEST RESULTS -----------------
TEST_FAIL
STATE: "Tutorial.Level.Normal"
ROUTE: "Tutorial.Level.Normal": On level 1440, step 1440.1
------------------- RUN TEST -------------------
START_TEST
COMMAND: npm run programmatic-test --reporter=mocha-tap-reporter
Calling command: npm run programmatic-test --reporter=mocha-tap-reporter
STATE: "Tutorial.Level.TestRunning"
ROUTE: "Tutorial.Level.TestRunning": On level 1440, step 1440.1
---------------- TEST RESULTS -----------------
TEST_FAIL
STATE: "Tutorial.Level.Normal"
ROUTE: "Tutorial.Level.Normal": On level 1440, step 1440.1
------------------- RUN TEST -------------------
START_TEST
COMMAND: npm run programmatic-test --reporter=mocha-tap-reporter
Calling command: npm run programmatic-test --reporter=mocha-tap-reporter
STATE: "Tutorial.Level.TestRunning"
ROUTE: "Tutorial.Level.TestRunning": On level 1440, step 1440.1
---------------- TEST RESULTS -----------------
TEST_FAIL
STATE: "Tutorial.Level.Normal"
ROUTE: "Tutorial.Level.Normal": On level 1440, step 1440.1
------------------- RUN TEST -------------------
START_TEST
COMMAND: npm run programmatic-test --reporter=mocha-tap-reporter
Calling command: npm run programmatic-test --reporter=mocha-tap-reporter
STATE: "Tutorial.Level.TestRunning"
ROUTE: "Tutorial.Level.TestRunning": On level 1440, step 1440.1
---------------- TEST RESULTS -----------------
TEST_FAIL
STATE: "Tutorial.Level.Normal"
ROUTE: "Tutorial.Level.Normal": On level 1440, step 1440.1
------------------- RUN TEST -------------------
START_TEST
COMMAND: npm run programmatic-test --reporter=mocha-tap-reporter
Calling command: npm run programmatic-test --reporter=mocha-tap-reporter
STATE: "Tutorial.Level.TestRunning"
ROUTE: "Tutorial.Level.TestRunning": On level 1440, step 1440.1
---------------- TEST RESULTS -----------------
TEST_FAIL
STATE: "Tutorial.Level.Normal"
ROUTE: "Tutorial.Level.Normal": On level 1440, step 1440.1
------------------- RUN TEST -------------------
START_TEST
COMMAND: npm run programmatic-test --reporter=mocha-tap-reporter
Calling command: npm run programmatic-test --reporter=mocha-tap-reporter
STATE: "Tutorial.Level.TestRunning"
ROUTE: "Tutorial.Level.TestRunning": On level 1440, step 1440.1
---------------- TEST RESULTS -----------------
TEST_FAIL
STATE: "Tutorial.Level.Normal"
ROUTE: "Tutorial.Level.Normal": On level 1440, step 1440.1
------------------- RUN TEST -------------------
START_TEST
COMMAND: npm run programmatic-test --reporter=mocha-tap-reporter
Calling command: npm run programmatic-test --reporter=mocha-tap-reporter
STATE: "Tutorial.Level.TestRunning"
ROUTE: "Tutorial.Level.TestRunning": On level 1440, step 1440.1
---------------- TEST RESULTS -----------------
Test pass position: {"stepId":"1440.1","levelId":"1440","complete":false}
TEST_PASS
updateStepPosition: {"type":"TEST_PASS","payload":{"position":{"stepId":"1440.1","levelId":"1440","complete":true}},"source":"coderoad"})
EDITOR_STEP_COMPLETE
Calling command: git commit -am 'Save progress: 1440.1'
STATE: "Tutorial.Level.StepNext"
ROUTE: "Tutorial.Level.StepNext": Completed level 1440, step 1440.1
EDITOR_LEVEL_COMPLETE
STATE: "Tutorial.Level.LevelComplete"
ROUTE: "Tutorial.Level.LevelComplete": Completed level 1440, step 1440.1
Commit saved: [main 37e5864] Save progress: 1440.1
 2 files changed, 18 insertions(+)

KEY_PRESS_ENTER
STATE: "Tutorial.Level.LoadNext"
ROUTE: "Tutorial.Level.LoadNext": Completed level 1440, step 1440.1
EDITOR_SYNC_POSITION
EDITOR_LEVEL_ENTER
EDITOR_STEP_ENTER
STATE: "Tutorial.Level.Load"
ROUTE: "Tutorial.Level.Load": On level 1445, step 1445.1
STATE: "Tutorial.Level.Normal"
ROUTE: "Tutorial.Level.Normal": On level 1445, step 1445.1
Calling command: git log -n 1 --pretty=format:%s 25ba3f3e206b2d40e732378130a8f0e49ef6b077
Calling command: git log -g --grep='1445.1'
Calling command: git cherry-pick -X theirs 25ba3f3e206b2d40e732378130a8f0e49ef6b077
------------------- RUN TEST -------------------
START_TEST
COMMAND: npm run programmatic-test --reporter=mocha-tap-reporter
Calling command: npm run programmatic-test --reporter=mocha-tap-reporter
STATE: "Tutorial.Level.TestRunning"
ROUTE: "Tutorial.Level.TestRunning": On level 1445, step 1445.1
---------------- TEST RESULTS -----------------
Test pass position: {"stepId":"1445.1","levelId":"1445","complete":false}
TEST_PASS
updateStepPosition: {"type":"TEST_PASS","payload":{"position":{"stepId":"1445.1","levelId":"1445","complete":true}},"source":"coderoad"})
EDITOR_STEP_COMPLETE
Calling command: git commit -am 'Save progress: 1445.1'
STATE: "Tutorial.Level.StepNext"
ROUTE: "Tutorial.Level.StepNext": Completed level 1445, step 1445.1
EDITOR_LEVEL_COMPLETE
STATE: "Tutorial.Level.LevelComplete"
ROUTE: "Tutorial.Level.LevelComplete": Completed level 1445, step 1445.1
Commit saved: [main f42fe3f] Save progress: 1445.1
 2 files changed, 2 insertions(+)

KEY_PRESS_ENTER
STATE: "Tutorial.Level.LoadNext"
ROUTE: "Tutorial.Level.LoadNext": Completed level 1445, step 1445.1
EDITOR_SYNC_POSITION
EDITOR_LEVEL_ENTER
EDITOR_STEP_ENTER
STATE: "Tutorial.Level.Load"
ROUTE: "Tutorial.Level.Load": On level 1450, step 1450.1
STATE: "Tutorial.Level.Normal"
ROUTE: "Tutorial.Level.Normal": On level 1450, step 1450.1
Calling command: git log -n 1 --pretty=format:%s 926f5e61cfef22e0a8b98c6dbe5125d3f89f1691
Calling command: git log -g --grep='1450.1'
Calling command: git cherry-pick -X theirs 926f5e61cfef22e0a8b98c6dbe5125d3f89f1691
------------------- RUN TEST -------------------
START_TEST
COMMAND: npm run programmatic-test --reporter=mocha-tap-reporter
Calling command: npm run programmatic-test --reporter=mocha-tap-reporter
STATE: "Tutorial.Level.TestRunning"
ROUTE: "Tutorial.Level.TestRunning": On level 1450, step 1450.1
---------------- TEST RESULTS -----------------
Test pass position: {"stepId":"1450.1","levelId":"1450","complete":false}
TEST_PASS
updateStepPosition: {"type":"TEST_PASS","payload":{"position":{"stepId":"1450.1","levelId":"1450","complete":true}},"source":"coderoad"})
EDITOR_STEP_COMPLETE
Calling command: git commit -am 'Save progress: 1450.1'
STATE: "Tutorial.Level.StepNext"
ROUTE: "Tutorial.Level.StepNext": Completed level 1450, step 1450.1
EDITOR_LEVEL_COMPLETE
STATE: "Tutorial.Level.LevelComplete"
ROUTE: "Tutorial.Level.LevelComplete": Completed level 1450, step 1450.1
Commit saved: [main ed4313d] Save progress: 1450.1
 2 files changed, 2 insertions(+)

KEY_PRESS_ENTER
STATE: "Tutorial.Level.LoadNext"
ROUTE: "Tutorial.Level.LoadNext": Completed level 1450, step 1450.1
EDITOR_SYNC_POSITION
EDITOR_LEVEL_ENTER
EDITOR_STEP_ENTER
STATE: "Tutorial.Level.Load"
ROUTE: "Tutorial.Level.Load": On level 1460, step 1460.1
STATE: "Tutorial.Level.Normal"
ROUTE: "Tutorial.Level.Normal": On level 1460, step 1460.1
Calling command: git log -n 1 --pretty=format:%s b7372c15131d3ef0ca6159ebb6235cf454d346f4
Calling command: git log -g --grep='1460.1'
Calling command: git cherry-pick -X theirs b7372c15131d3ef0ca6159ebb6235cf454d346f4
------------------- RUN TEST -------------------
START_TEST
COMMAND: npm run programmatic-test --reporter=mocha-tap-reporter
Calling command: npm run programmatic-test --reporter=mocha-tap-reporter
STATE: "Tutorial.Level.TestRunning"
ROUTE: "Tutorial.Level.TestRunning": On level 1460, step 1460.1
---------------- TEST RESULTS -----------------
Test pass position: {"stepId":"1460.1","levelId":"1460","complete":false}
TEST_PASS
updateStepPosition: {"type":"TEST_PASS","payload":{"position":{"stepId":"1460.1","levelId":"1460","complete":true}},"source":"coderoad"})
EDITOR_STEP_COMPLETE
Calling command: git commit -am 'Save progress: 1460.1'
STATE: "Tutorial.Level.StepNext"
ROUTE: "Tutorial.Level.StepNext": Completed level 1460, step 1460.1
EDITOR_LEVEL_COMPLETE
STATE: "Tutorial.Level.LevelComplete"
ROUTE: "Tutorial.Level.LevelComplete": Completed level 1460, step 1460.1
Commit saved: [main 95aa581] Save progress: 1460.1
 2 files changed, 2 insertions(+)

KEY_PRESS_ENTER
STATE: "Tutorial.Level.LoadNext"
ROUTE: "Tutorial.Level.LoadNext": Completed level 1460, step 1460.1
EDITOR_SYNC_POSITION
EDITOR_LEVEL_ENTER
EDITOR_STEP_ENTER
STATE: "Tutorial.Level.Load"
ROUTE: "Tutorial.Level.Load": On level 1470, step 1470.1
STATE: "Tutorial.Level.Normal"
ROUTE: "Tutorial.Level.Normal": On level 1470, step 1470.1
Calling command: git log -n 1 --pretty=format:%s 86aa4e76a22bc35fcca2aa35b3b075cc22bb38fd
Calling command: git log -g --grep='1470.1'
Calling command: git cherry-pick -X theirs 86aa4e76a22bc35fcca2aa35b3b075cc22bb38fd
------------------- RUN TEST -------------------
START_TEST
COMMAND: npm run programmatic-test --reporter=mocha-tap-reporter
Calling command: npm run programmatic-test --reporter=mocha-tap-reporter
STATE: "Tutorial.Level.TestRunning"
ROUTE: "Tutorial.Level.TestRunning": On level 1470, step 1470.1
---------------- TEST RESULTS -----------------
Test pass position: {"stepId":"1470.1","levelId":"1470","complete":false}
TEST_PASS
updateStepPosition: {"type":"TEST_PASS","payload":{"position":{"stepId":"1470.1","levelId":"1470","complete":true}},"source":"coderoad"})
EDITOR_STEP_COMPLETE
Calling command: git commit -am 'Save progress: 1470.1'
STATE: "Tutorial.Level.StepNext"
ROUTE: "Tutorial.Level.StepNext": Completed level 1470, step 1470.1
EDITOR_LEVEL_COMPLETE
STATE: "Tutorial.Level.LevelComplete"
ROUTE: "Tutorial.Level.LevelComplete": Completed level 1470, step 1470.1
Commit saved: [main 8d6088f] Save progress: 1470.1
 2 files changed, 2 insertions(+)

KEY_PRESS_ENTER
STATE: "Tutorial.Level.LoadNext"
ROUTE: "Tutorial.Level.LoadNext": Completed level 1470, step 1470.1
EDITOR_SYNC_POSITION
EDITOR_LEVEL_ENTER
EDITOR_STEP_ENTER
STATE: "Tutorial.Level.Load"
ROUTE: "Tutorial.Level.Load": On level 1475, step 1475.1
STATE: "Tutorial.Level.Normal"
ROUTE: "Tutorial.Level.Normal": On level 1475, step 1475.1
Calling command: git log -n 1 --pretty=format:%s e4d7cd964c676fc55af95732cd5c535ba18b55de
Calling command: git log -g --grep='1475.1'
Calling command: git cherry-pick -X theirs e4d7cd964c676fc55af95732cd5c535ba18b55de
------------------- RUN TEST -------------------
START_TEST
COMMAND: npm run programmatic-test --reporter=mocha-tap-reporter
Calling command: npm run programmatic-test --reporter=mocha-tap-reporter
STATE: "Tutorial.Level.TestRunning"
ROUTE: "Tutorial.Level.TestRunning": On level 1475, step 1475.1
---------------- TEST RESULTS -----------------
TEST_FAIL
STATE: "Tutorial.Level.Normal"
ROUTE: "Tutorial.Level.Normal": On level 1475, step 1475.1
------------------- RUN TEST -------------------
START_TEST
COMMAND: npm run programmatic-test --reporter=mocha-tap-reporter
Calling command: npm run programmatic-test --reporter=mocha-tap-reporter
STATE: "Tutorial.Level.TestRunning"
ROUTE: "Tutorial.Level.TestRunning": On level 1475, step 1475.1
---------------- TEST RESULTS -----------------
Test pass position: {"stepId":"1475.1","levelId":"1475","complete":false}
TEST_PASS
updateStepPosition: {"type":"TEST_PASS","payload":{"position":{"stepId":"1475.1","levelId":"1475","complete":true}},"source":"coderoad"})
EDITOR_STEP_COMPLETE
Calling command: git commit -am 'Save progress: 1475.1'
STATE: "Tutorial.Level.StepNext"
ROUTE: "Tutorial.Level.StepNext": Completed level 1475, step 1475.1
EDITOR_LEVEL_COMPLETE
STATE: "Tutorial.Level.LevelComplete"
ROUTE: "Tutorial.Level.LevelComplete": Completed level 1475, step 1475.1
Commit saved: [main c24acd6] Save progress: 1475.1
 2 files changed, 4 insertions(+)

KEY_PRESS_ENTER
STATE: "Tutorial.Level.LoadNext"
ROUTE: "Tutorial.Level.LoadNext": Completed level 1475, step 1475.1
EDITOR_SYNC_POSITION
EDITOR_LEVEL_ENTER
EDITOR_STEP_ENTER
STATE: "Tutorial.Level.Load"
ROUTE: "Tutorial.Level.Load": On level 1480, step 1480.1
STATE: "Tutorial.Level.Normal"
ROUTE: "Tutorial.Level.Normal": On level 1480, step 1480.1
Calling command: git log -n 1 --pretty=format:%s 742a1037d087bbfaf8b69e70107ac4d75d652976
Calling command: git log -g --grep='1480.1'
Calling command: git cherry-pick -X theirs 742a1037d087bbfaf8b69e70107ac4d75d652976
------------------- RUN TEST -------------------
START_TEST
COMMAND: npm run programmatic-test --reporter=mocha-tap-reporter
Calling command: npm run programmatic-test --reporter=mocha-tap-reporter
STATE: "Tutorial.Level.TestRunning"
ROUTE: "Tutorial.Level.TestRunning": On level 1480, step 1480.1
---------------- TEST RESULTS -----------------
Test pass position: {"stepId":"1480.1","levelId":"1480","complete":false}
TEST_PASS
updateStepPosition: {"type":"TEST_PASS","payload":{"position":{"stepId":"1480.1","levelId":"1480","complete":true}},"source":"coderoad"})
EDITOR_STEP_COMPLETE
Calling command: git commit -am 'Save progress: 1480.1'
STATE: "Tutorial.Level.StepNext"
ROUTE: "Tutorial.Level.StepNext": Completed level 1480, step 1480.1
EDITOR_LEVEL_COMPLETE
STATE: "Tutorial.Level.LevelComplete"
ROUTE: "Tutorial.Level.LevelComplete": Completed level 1480, step 1480.1
Commit saved: [main 09a6fb5] Save progress: 1480.1
 2 files changed, 4 insertions(+)

KEY_PRESS_ENTER
STATE: "Tutorial.Level.LoadNext"
ROUTE: "Tutorial.Level.LoadNext": Completed level 1480, step 1480.1
EDITOR_SYNC_POSITION
EDITOR_LEVEL_ENTER
EDITOR_STEP_ENTER
STATE: "Tutorial.Level.Load"
ROUTE: "Tutorial.Level.Load": On level 1490, step 1490.1
STATE: "Tutorial.Level.Normal"
ROUTE: "Tutorial.Level.Normal": On level 1490, step 1490.1
Calling command: git log -n 1 --pretty=format:%s ec7e69ba2c5cce2d4f1218303b17ac34c11661ab
Calling command: git log -g --grep='1490.1'
Calling command: git cherry-pick -X theirs ec7e69ba2c5cce2d4f1218303b17ac34c11661ab
------------------- RUN TEST -------------------
START_TEST
COMMAND: npm run programmatic-test --reporter=mocha-tap-reporter
Calling command: npm run programmatic-test --reporter=mocha-tap-reporter
STATE: "Tutorial.Level.TestRunning"
ROUTE: "Tutorial.Level.TestRunning": On level 1490, step 1490.1
---------------- TEST RESULTS -----------------
Test pass position: {"stepId":"1490.1","levelId":"1490","complete":false}
TEST_PASS
updateStepPosition: {"type":"TEST_PASS","payload":{"position":{"stepId":"1490.1","levelId":"1490","complete":true}},"source":"coderoad"})
EDITOR_STEP_COMPLETE
Calling command: git commit -am 'Save progress: 1490.1'
STATE: "Tutorial.Level.StepNext"
ROUTE: "Tutorial.Level.StepNext": Completed level 1490, step 1490.1
EDITOR_LEVEL_COMPLETE
STATE: "Tutorial.Level.LevelComplete"
ROUTE: "Tutorial.Level.LevelComplete": Completed level 1490, step 1490.1
Commit saved: [main e7a3726] Save progress: 1490.1
 2 files changed, 2 insertions(+)

KEY_PRESS_ENTER
STATE: "Tutorial.Level.LoadNext"
ROUTE: "Tutorial.Level.LoadNext": Completed level 1490, step 1490.1
EDITOR_SYNC_POSITION
EDITOR_LEVEL_ENTER
EDITOR_STEP_ENTER
STATE: "Tutorial.Level.Load"
ROUTE: "Tutorial.Level.Load": On level 1500, step 1500.1
STATE: "Tutorial.Level.Normal"
ROUTE: "Tutorial.Level.Normal": On level 1500, step 1500.1
Calling command: git log -n 1 --pretty=format:%s 4f1289c3ea1f7ca3f9cc9d8acd83b5054d443c44
Calling command: git log -g --grep='1500.1'
Calling command: git cherry-pick -X theirs 4f1289c3ea1f7ca3f9cc9d8acd83b5054d443c44
------------------- RUN TEST -------------------
START_TEST
COMMAND: npm run programmatic-test --reporter=mocha-tap-reporter
Calling command: npm run programmatic-test --reporter=mocha-tap-reporter
STATE: "Tutorial.Level.TestRunning"
ROUTE: "Tutorial.Level.TestRunning": On level 1500, step 1500.1
---------------- TEST RESULTS -----------------
Test pass position: {"stepId":"1500.1","levelId":"1500","complete":false}
TEST_PASS
updateStepPosition: {"type":"TEST_PASS","payload":{"position":{"stepId":"1500.1","levelId":"1500","complete":true}},"source":"coderoad"})
EDITOR_STEP_COMPLETE
Calling command: git commit -am 'Save progress: 1500.1'
STATE: "Tutorial.Level.StepNext"
ROUTE: "Tutorial.Level.StepNext": Completed level 1500, step 1500.1
EDITOR_LEVEL_COMPLETE
STATE: "Tutorial.Level.LevelComplete"
ROUTE: "Tutorial.Level.LevelComplete": Completed level 1500, step 1500.1
Commit saved: [main 6d240cc] Save progress: 1500.1
 2 files changed, 2 insertions(+)

KEY_PRESS_ENTER
STATE: "Tutorial.Level.LoadNext"
ROUTE: "Tutorial.Level.LoadNext": Completed level 1500, step 1500.1
EDITOR_SYNC_POSITION
EDITOR_LEVEL_ENTER
EDITOR_STEP_ENTER
STATE: "Tutorial.Level.Load"
ROUTE: "Tutorial.Level.Load": On level 1510, step 1510.1
STATE: "Tutorial.Level.Normal"
ROUTE: "Tutorial.Level.Normal": On level 1510, step 1510.1
Calling command: git log -n 1 --pretty=format:%s bfb69c09c052fa2e4c40684a42c708b254596dfd
Calling command: git log -g --grep='1510.1'
Calling command: git cherry-pick -X theirs bfb69c09c052fa2e4c40684a42c708b254596dfd
------------------- RUN TEST -------------------
START_TEST
COMMAND: npm run programmatic-test --reporter=mocha-tap-reporter
Calling command: npm run programmatic-test --reporter=mocha-tap-reporter
STATE: "Tutorial.Level.TestRunning"
ROUTE: "Tutorial.Level.TestRunning": On level 1510, step 1510.1
---------------- TEST RESULTS -----------------
Test pass position: {"stepId":"1510.1","levelId":"1510","complete":false}
TEST_PASS
updateStepPosition: {"type":"TEST_PASS","payload":{"position":{"stepId":"1510.1","levelId":"1510","complete":true}},"source":"coderoad"})
EDITOR_STEP_COMPLETE
Calling command: git commit -am 'Save progress: 1510.1'
STATE: "Tutorial.Level.StepNext"
ROUTE: "Tutorial.Level.StepNext": Completed level 1510, step 1510.1
EDITOR_LEVEL_COMPLETE
STATE: "Tutorial.Level.LevelComplete"
ROUTE: "Tutorial.Level.LevelComplete": Completed level 1510, step 1510.1
Commit saved: [main 951c419] Save progress: 1510.1
 2 files changed, 4 insertions(+)

KEY_PRESS_ENTER
STATE: "Tutorial.Level.LoadNext"
ROUTE: "Tutorial.Level.LoadNext": Completed level 1510, step 1510.1
EDITOR_SYNC_POSITION
EDITOR_LEVEL_ENTER
EDITOR_STEP_ENTER
STATE: "Tutorial.Level.Load"
ROUTE: "Tutorial.Level.Load": On level 1520, step 1520.1
STATE: "Tutorial.Level.Normal"
ROUTE: "Tutorial.Level.Normal": On level 1520, step 1520.1
Calling command: git log -n 1 --pretty=format:%s a7ad3f3b45eefcf5d510cc26dbc3645833035fdf
Calling command: git log -g --grep='1520.1'
Calling command: git cherry-pick -X theirs a7ad3f3b45eefcf5d510cc26dbc3645833035fdf
------------------- RUN TEST -------------------
START_TEST
COMMAND: npm run programmatic-test --reporter=mocha-tap-reporter
Calling command: npm run programmatic-test --reporter=mocha-tap-reporter
STATE: "Tutorial.Level.TestRunning"
ROUTE: "Tutorial.Level.TestRunning": On level 1520, step 1520.1
---------------- TEST RESULTS -----------------
Test pass position: {"stepId":"1520.1","levelId":"1520","complete":false}
TEST_PASS
updateStepPosition: {"type":"TEST_PASS","payload":{"position":{"stepId":"1520.1","levelId":"1520","complete":true}},"source":"coderoad"})
EDITOR_STEP_COMPLETE
Calling command: git commit -am 'Save progress: 1520.1'
STATE: "Tutorial.Level.StepNext"
ROUTE: "Tutorial.Level.StepNext": Completed level 1520, step 1520.1
EDITOR_LEVEL_COMPLETE
STATE: "Tutorial.Level.LevelComplete"
ROUTE: "Tutorial.Level.LevelComplete": Completed level 1520, step 1520.1
Commit saved: [main 4abe6a7] Save progress: 1520.1
 2 files changed, 2 insertions(+)

KEY_PRESS_ENTER
STATE: "Tutorial.Level.LoadNext"
ROUTE: "Tutorial.Level.LoadNext": Completed level 1520, step 1520.1
EDITOR_SYNC_POSITION
EDITOR_LEVEL_ENTER
EDITOR_STEP_ENTER
STATE: "Tutorial.Level.Load"
ROUTE: "Tutorial.Level.Load": On level 1530, step 1530.1
STATE: "Tutorial.Level.Normal"
ROUTE: "Tutorial.Level.Normal": On level 1530, step 1530.1
Calling command: git log -n 1 --pretty=format:%s eda90592b199cd2b88c81dfb582b4addf9733bbc
Calling command: git log -g --grep='1530.1'
Calling command: git cherry-pick -X theirs eda90592b199cd2b88c81dfb582b4addf9733bbc
------------------- RUN TEST -------------------
START_TEST
COMMAND: npm run programmatic-test --reporter=mocha-tap-reporter
Calling command: npm run programmatic-test --reporter=mocha-tap-reporter
STATE: "Tutorial.Level.TestRunning"
ROUTE: "Tutorial.Level.TestRunning": On level 1530, step 1530.1
---------------- TEST RESULTS -----------------
Test pass position: {"stepId":"1530.1","levelId":"1530","complete":false}
TEST_PASS
updateStepPosition: {"type":"TEST_PASS","payload":{"position":{"stepId":"1530.1","levelId":"1530","complete":true}},"source":"coderoad"})
EDITOR_STEP_COMPLETE
Calling command: git commit -am 'Save progress: 1530.1'
STATE: "Tutorial.Level.StepNext"
ROUTE: "Tutorial.Level.StepNext": Completed level 1530, step 1530.1
EDITOR_LEVEL_COMPLETE
STATE: "Tutorial.Level.LevelComplete"
ROUTE: "Tutorial.Level.LevelComplete": Completed level 1530, step 1530.1
Commit saved: [main a503321] Save progress: 1530.1
 1 file changed, 1 insertion(+)

KEY_PRESS_ENTER
STATE: "Tutorial.Level.LoadNext"
ROUTE: "Tutorial.Level.LoadNext": Completed level 1530, step 1530.1
EDITOR_SYNC_POSITION
EDITOR_TUTORIAL_COMPLETE
STATE: "Tutorial.Completed"
ROUTE: "Tutorial.Completed": Completed level 1530, step 1530.1
Called webhook endpoint https://api.freecodecamp.org/coderoad-challenge-completed with body "{\"tutorialId\":\"freeCodeCamp/learn-bash-by-building-a-boilerplate:v1.0.0\"}"
EDITOR_REQUEST_WORKSPACE
STATE: "Tutorial.Completed"
ROUTE: "Tutorial.Completed": Completed level 1530, step 1530.1
