2024-05-25 04:12:15.820 [warning] /home/gitpod/.ssh/config: ENOENT: no such file or directory, open '/home/gitpod/.ssh/config'
2024-05-25 04:12:15.820 [info] Activation> Extension version: 0.88.1
2024-05-25 04:12:18.605 [info] Looking for git repository
2024-05-25 04:12:18.605 [info] Found 0 repositories during activation
2024-05-25 04:12:18.605 [info] Git repository found, initializing review manager and pr tree view.
2024-05-25 04:12:18.610 [info] Registering git provider
2024-05-25 04:12:18.610 [info] Review+0> Validate state in progress
2024-05-25 04:12:18.610 [info] Review+0> Validating state...
2024-05-25 04:12:18.814 [info] Found GitHub remote for folder /workspace/project
2024-05-25 04:12:18.816 [info] Trying to use globalState for assignableUsers.
2024-05-25 04:12:18.833 [info] Review+0> No matching pull request metadata found locally for current branch main
2024-05-25 04:12:18.834 [info] Review+0> No matching pull request metadata found on GitHub for current branch main
2024-05-25 04:12:19.033 [info] GlobalState does not exist for assignableUsers.
2024-05-25 04:38:03.450 [info] Review+0> Validate state in progress
2024-05-25 04:38:03.450 [info] Review+0> Validating state...
2024-05-25 04:38:03.451 [info] Repo state for file:///workspace/project changed.
2024-05-25 04:38:03.451 [info] Repo file:///workspace/project has already been setup.
2024-05-25 04:38:03.684 [info] Found GitHub remote for folder /workspace/project
2024-05-25 04:38:03.686 [info] Using in-memory cached assignable users.
2024-05-25 04:38:03.702 [info] Review+0> No matching pull request metadata found locally for current branch main
2024-05-25 04:38:03.702 [info] Review+0> No matching pull request metadata found on GitHub for current branch main
2024-05-25 04:38:08.527 [info] Review+0> Validate state in progress
2024-05-25 04:38:08.527 [info] Review+0> Validating state...
2024-05-25 04:38:08.756 [info] Found GitHub remote for folder /workspace/project
2024-05-25 04:38:08.760 [info] Using in-memory cached assignable users.
2024-05-25 04:38:08.775 [info] Review+0> No matching pull request metadata found locally for current branch main
2024-05-25 04:38:08.775 [info] Review+0> No matching pull request metadata found on GitHub for current branch main
2024-05-25 04:38:29.922 [info] Review+0> Validate state in progress
2024-05-25 04:38:29.922 [info] Review+0> Validating state...
2024-05-25 04:38:30.194 [info] Found GitHub remote for folder /workspace/project
2024-05-25 04:38:30.195 [info] Using in-memory cached assignable users.
2024-05-25 04:38:30.209 [info] Review+0> No matching pull request metadata found locally for current branch main
2024-05-25 04:38:30.209 [info] Review+0> No matching pull request metadata found on GitHub for current branch main
2024-05-25 04:38:34.988 [info] Review+0> Validate state in progress
2024-05-25 04:38:34.988 [info] Review+0> Validating state...
2024-05-25 04:38:35.217 [info] Found GitHub remote for folder /workspace/project
2024-05-25 04:38:35.218 [info] Using in-memory cached assignable users.
2024-05-25 04:38:35.232 [info] Review+0> No matching pull request metadata found locally for current branch main
2024-05-25 04:38:35.232 [info] Review+0> No matching pull request metadata found on GitHub for current branch main
2024-05-25 04:38:59.027 [info] Review+0> Validate state in progress
2024-05-25 04:38:59.027 [info] Review+0> Validating state...
2024-05-25 04:38:59.378 [info] Found GitHub remote for folder /workspace/project
2024-05-25 04:38:59.379 [info] Using in-memory cached assignable users.
2024-05-25 04:38:59.395 [info] Review+0> No matching pull request metadata found locally for current branch main
2024-05-25 04:38:59.395 [info] Review+0> No matching pull request metadata found on GitHub for current branch main
2024-05-25 04:39:04.097 [info] Review+0> Validate state in progress
2024-05-25 04:39:04.097 [info] Review+0> Validating state...
2024-05-25 04:39:04.475 [info] Found GitHub remote for folder /workspace/project
2024-05-25 04:39:04.476 [info] Using in-memory cached assignable users.
2024-05-25 04:39:04.494 [info] Review+0> No matching pull request metadata found locally for current branch main
2024-05-25 04:39:04.494 [info] Review+0> No matching pull request metadata found on GitHub for current branch main
2024-05-25 04:39:21.668 [info] Review+0> Validate state in progress
2024-05-25 04:39:21.668 [info] Review+0> Validating state...
2024-05-25 04:39:21.903 [info] Found GitHub remote for folder /workspace/project
2024-05-25 04:39:21.903 [info] Using in-memory cached assignable users.
2024-05-25 04:39:21.919 [info] Review+0> No matching pull request metadata found locally for current branch main
2024-05-25 04:39:21.919 [info] Review+0> No matching pull request metadata found on GitHub for current branch main
2024-05-25 04:39:26.747 [info] Review+0> Validate state in progress
2024-05-25 04:39:26.747 [info] Review+0> Validating state...
2024-05-25 04:39:26.948 [info] Found GitHub remote for folder /workspace/project
2024-05-25 04:39:26.949 [info] Using in-memory cached assignable users.
2024-05-25 04:39:26.962 [info] Review+0> No matching pull request metadata found locally for current branch main
2024-05-25 04:39:26.963 [info] Review+0> No matching pull request metadata found on GitHub for current branch main
2024-05-25 04:39:35.265 [info] Review+0> Validate state in progress
2024-05-25 04:39:35.265 [info] Review+0> Validating state...
2024-05-25 04:39:35.459 [info] Found GitHub remote for folder /workspace/project
2024-05-25 04:39:35.459 [info] Using in-memory cached assignable users.
2024-05-25 04:39:35.474 [info] Review+0> No matching pull request metadata found locally for current branch main
2024-05-25 04:39:35.474 [info] Review+0> No matching pull request metadata found on GitHub for current branch main
2024-05-25 04:39:55.314 [info] Review+0> Validate state in progress
2024-05-25 04:39:55.314 [info] Review+0> Validating state...
2024-05-25 04:39:55.505 [info] Found GitHub remote for folder /workspace/project
2024-05-25 04:39:55.505 [info] Using in-memory cached assignable users.
2024-05-25 04:39:55.519 [info] Review+0> No matching pull request metadata found locally for current branch main
2024-05-25 04:39:55.520 [info] Review+0> No matching pull request metadata found on GitHub for current branch main
2024-05-25 04:40:07.202 [info] Review+0> Validate state in progress
2024-05-25 04:40:07.202 [info] Review+0> Validating state...
2024-05-25 04:40:07.920 [info] Found GitHub remote for folder /workspace/project
2024-05-25 04:40:07.920 [info] Using in-memory cached assignable users.
2024-05-25 04:40:07.934 [info] Review+0> No matching pull request metadata found locally for current branch main
2024-05-25 04:40:07.934 [info] Review+0> No matching pull request metadata found on GitHub for current branch main
2024-05-25 04:40:21.274 [info] Review+0> Validate state in progress
2024-05-25 04:40:21.274 [info] Review+0> Validating state...
2024-05-25 04:40:21.598 [info] Found GitHub remote for folder /workspace/project
2024-05-25 04:40:21.598 [info] Using in-memory cached assignable users.
2024-05-25 04:40:21.616 [info] Review+0> No matching pull request metadata found locally for current branch main
2024-05-25 04:40:21.616 [info] Review+0> No matching pull request metadata found on GitHub for current branch main
2024-05-25 04:40:26.340 [info] Review+0> Validate state in progress
2024-05-25 04:40:26.340 [info] Review+0> Validating state...
2024-05-25 04:40:26.597 [info] Found GitHub remote for folder /workspace/project
2024-05-25 04:40:26.598 [info] Using in-memory cached assignable users.
2024-05-25 04:40:26.613 [info] Review+0> No matching pull request metadata found locally for current branch main
2024-05-25 04:40:26.613 [info] Review+0> No matching pull request metadata found on GitHub for current branch main
2024-05-25 04:40:43.484 [info] Review+0> Validate state in progress
2024-05-25 04:40:43.484 [info] Review+0> Validating state...
2024-05-25 04:40:43.787 [info] Found GitHub remote for folder /workspace/project
2024-05-25 04:40:43.788 [info] Using in-memory cached assignable users.
2024-05-25 04:40:43.809 [info] Review+0> No matching pull request metadata found locally for current branch main
2024-05-25 04:40:43.809 [info] Review+0> No matching pull request metadata found on GitHub for current branch main
2024-05-25 04:40:53.621 [info] Review+0> Validate state in progress
2024-05-25 04:40:53.621 [info] Review+0> Validating state...
2024-05-25 04:40:53.867 [info] Found GitHub remote for folder /workspace/project
2024-05-25 04:40:53.868 [info] Using in-memory cached assignable users.
2024-05-25 04:40:53.882 [info] Review+0> No matching pull request metadata found locally for current branch main
2024-05-25 04:40:53.882 [info] Review+0> No matching pull request metadata found on GitHub for current branch main
2024-05-25 04:41:36.976 [info] Review+0> Validate state in progress
2024-05-25 04:41:36.976 [info] Review+0> Validating state...
2024-05-25 04:41:37.292 [info] Found GitHub remote for folder /workspace/project
2024-05-25 04:41:37.293 [info] Using in-memory cached assignable users.
2024-05-25 04:41:37.309 [info] Review+0> No matching pull request metadata found locally for current branch main
2024-05-25 04:41:37.309 [info] Review+0> No matching pull request metadata found on GitHub for current branch main
2024-05-25 04:41:42.050 [info] Review+0> Validate state in progress
2024-05-25 04:41:42.050 [info] Review+0> Validating state...
2024-05-25 04:41:42.357 [info] Found GitHub remote for folder /workspace/project
2024-05-25 04:41:42.358 [info] Using in-memory cached assignable users.
2024-05-25 04:41:42.372 [info] Review+0> No matching pull request metadata found locally for current branch main
2024-05-25 04:41:42.373 [info] Review+0> No matching pull request metadata found on GitHub for current branch main
2024-05-25 04:41:50.355 [info] Review+0> Validate state in progress
2024-05-25 04:41:50.355 [info] Review+0> Validating state...
2024-05-25 04:41:50.733 [info] Found GitHub remote for folder /workspace/project
2024-05-25 04:41:50.733 [info] Using in-memory cached assignable users.
2024-05-25 04:41:50.752 [info] Review+0> No matching pull request metadata found locally for current branch main
2024-05-25 04:41:50.752 [info] Review+0> No matching pull request metadata found on GitHub for current branch main
2024-05-25 04:42:27.042 [info] Review+0> Validate state in progress
2024-05-25 04:42:27.042 [info] Review+0> Validating state...
2024-05-25 04:42:27.254 [info] Found GitHub remote for folder /workspace/project
2024-05-25 04:42:27.255 [info] Using in-memory cached assignable users.
2024-05-25 04:42:27.270 [info] Review+0> No matching pull request metadata found locally for current branch main
2024-05-25 04:42:27.270 [info] Review+0> No matching pull request metadata found on GitHub for current branch main
2024-05-25 04:42:32.106 [info] Review+0> Validate state in progress
2024-05-25 04:42:32.106 [info] Review+0> Validating state...
2024-05-25 04:42:32.307 [info] Found GitHub remote for folder /workspace/project
2024-05-25 04:42:32.308 [info] Using in-memory cached assignable users.
2024-05-25 04:42:32.324 [info] Review+0> No matching pull request metadata found locally for current branch main
2024-05-25 04:42:32.324 [info] Review+0> No matching pull request metadata found on GitHub for current branch main
2024-05-25 04:42:37.181 [info] Review+0> Validate state in progress
2024-05-25 04:42:37.181 [info] Review+0> Validating state...
2024-05-25 04:42:37.398 [info] Found GitHub remote for folder /workspace/project
2024-05-25 04:42:37.399 [info] Using in-memory cached assignable users.
2024-05-25 04:42:37.413 [info] Review+0> No matching pull request metadata found locally for current branch main
2024-05-25 04:42:37.413 [info] Review+0> No matching pull request metadata found on GitHub for current branch main
2024-05-25 04:42:42.256 [info] Review+0> Validate state in progress
2024-05-25 04:42:42.256 [info] Review+0> Validating state...
2024-05-25 04:42:42.447 [info] Found GitHub remote for folder /workspace/project
2024-05-25 04:42:42.448 [info] Using in-memory cached assignable users.
2024-05-25 04:42:42.463 [info] Review+0> No matching pull request metadata found locally for current branch main
2024-05-25 04:42:42.463 [info] Review+0> No matching pull request metadata found on GitHub for current branch main
2024-05-25 04:42:52.390 [info] Review+0> Validate state in progress
2024-05-25 04:42:52.390 [info] Review+0> Validating state...
2024-05-25 04:42:52.805 [info] Found GitHub remote for folder /workspace/project
2024-05-25 04:42:52.806 [info] Using in-memory cached assignable users.
2024-05-25 04:42:52.820 [info] Review+0> No matching pull request metadata found locally for current branch main
2024-05-25 04:42:52.820 [info] Review+0> No matching pull request metadata found on GitHub for current branch main
2024-05-25 04:42:57.458 [info] Review+0> Validate state in progress
2024-05-25 04:42:57.458 [info] Review+0> Validating state...
2024-05-25 04:42:57.655 [info] Found GitHub remote for folder /workspace/project
2024-05-25 04:42:57.656 [info] Using in-memory cached assignable users.
2024-05-25 04:42:57.671 [info] Review+0> No matching pull request metadata found locally for current branch main
2024-05-25 04:42:57.671 [info] Review+0> No matching pull request metadata found on GitHub for current branch main
2024-05-25 04:43:02.537 [info] Review+0> Validate state in progress
2024-05-25 04:43:02.537 [info] Review+0> Validating state...
2024-05-25 04:43:02.725 [info] Found GitHub remote for folder /workspace/project
2024-05-25 04:43:02.726 [info] Using in-memory cached assignable users.
2024-05-25 04:43:02.740 [info] Review+0> No matching pull request metadata found locally for current branch main
2024-05-25 04:43:02.741 [info] Review+0> No matching pull request metadata found on GitHub for current branch main
2024-05-25 04:43:23.091 [info] Review+0> Validate state in progress
2024-05-25 04:43:23.091 [info] Review+0> Validating state...
2024-05-25 04:43:23.296 [info] Found GitHub remote for folder /workspace/project
2024-05-25 04:43:23.297 [info] Using in-memory cached assignable users.
2024-05-25 04:43:23.310 [info] Review+0> No matching pull request metadata found locally for current branch main
2024-05-25 04:43:23.311 [info] Review+0> No matching pull request metadata found on GitHub for current branch main
2024-05-25 04:43:28.159 [info] Review+0> Validate state in progress
2024-05-25 04:43:28.159 [info] Review+0> Validating state...
2024-05-25 04:43:28.371 [info] Found GitHub remote for folder /workspace/project
2024-05-25 04:43:28.372 [info] Using in-memory cached assignable users.
2024-05-25 04:43:28.385 [info] Review+0> No matching pull request metadata found locally for current branch main
2024-05-25 04:43:28.385 [info] Review+0> No matching pull request metadata found on GitHub for current branch main
2024-05-25 04:44:01.028 [info] Review+0> Validate state in progress
2024-05-25 04:44:01.028 [info] Review+0> Validating state...
2024-05-25 04:44:01.276 [info] Found GitHub remote for folder /workspace/project
2024-05-25 04:44:01.276 [info] Using in-memory cached assignable users.
2024-05-25 04:44:01.291 [info] Review+0> No matching pull request metadata found locally for current branch main
2024-05-25 04:44:01.291 [info] Review+0> No matching pull request metadata found on GitHub for current branch main
2024-05-25 04:44:06.146 [info] Review+0> Validate state in progress
2024-05-25 04:44:06.146 [info] Review+0> Validating state...
2024-05-25 04:44:06.436 [info] Found GitHub remote for folder /workspace/project
2024-05-25 04:44:06.437 [info] Using in-memory cached assignable users.
2024-05-25 04:44:06.451 [info] Review+0> No matching pull request metadata found locally for current branch main
2024-05-25 04:44:06.451 [info] Review+0> No matching pull request metadata found on GitHub for current branch main
2024-05-25 04:44:11.227 [info] Review+0> Validate state in progress
2024-05-25 04:44:11.227 [info] Review+0> Validating state...
2024-05-25 04:44:11.467 [info] Found GitHub remote for folder /workspace/project
2024-05-25 04:44:11.467 [info] Using in-memory cached assignable users.
2024-05-25 04:44:11.482 [info] Review+0> No matching pull request metadata found locally for current branch main
2024-05-25 04:44:11.482 [info] Review+0> No matching pull request metadata found on GitHub for current branch main
2024-05-25 04:44:26.437 [info] Review+0> Validate state in progress
2024-05-25 04:44:26.437 [info] Review+0> Validating state...
2024-05-25 04:44:26.739 [info] Found GitHub remote for folder /workspace/project
2024-05-25 04:44:26.740 [info] Using in-memory cached assignable users.
2024-05-25 04:44:26.761 [info] Review+0> No matching pull request metadata found locally for current branch main
2024-05-25 04:44:26.761 [info] Review+0> No matching pull request metadata found on GitHub for current branch main
2024-05-25 04:44:31.540 [info] Review+0> Validate state in progress
2024-05-25 04:44:31.540 [info] Review+0> Validating state...
2024-05-25 04:44:31.938 [info] Found GitHub remote for folder /workspace/project
2024-05-25 04:44:31.938 [info] Using in-memory cached assignable users.
2024-05-25 04:44:31.964 [info] Review+0> No matching pull request metadata found locally for current branch main
2024-05-25 04:44:31.965 [info] Review+0> No matching pull request metadata found on GitHub for current branch main
2024-05-25 04:44:36.645 [info] Review+0> Validate state in progress
2024-05-25 04:44:36.645 [info] Review+0> Validating state...
2024-05-25 04:44:36.922 [info] Found GitHub remote for folder /workspace/project
2024-05-25 04:44:36.923 [info] Using in-memory cached assignable users.
2024-05-25 04:44:36.944 [info] Review+0> No matching pull request metadata found locally for current branch main
2024-05-25 04:44:36.944 [info] Review+0> No matching pull request metadata found on GitHub for current branch main
2024-05-25 04:45:22.515 [info] Review+0> Validate state in progress
2024-05-25 04:45:22.515 [info] Review+0> Validating state...
2024-05-25 04:45:22.848 [info] Found GitHub remote for folder /workspace/project
2024-05-25 04:45:22.849 [info] Using in-memory cached assignable users.
2024-05-25 04:45:22.866 [info] Review+0> No matching pull request metadata found locally for current branch main
2024-05-25 04:45:22.866 [info] Review+0> No matching pull request metadata found on GitHub for current branch main
2024-05-25 04:45:34.627 [info] Review+0> Validate state in progress
2024-05-25 04:45:34.627 [info] Review+0> Validating state...
2024-05-25 04:45:34.815 [info] Found GitHub remote for folder /workspace/project
2024-05-25 04:45:34.816 [info] Using in-memory cached assignable users.
2024-05-25 04:45:34.832 [info] Review+0> No matching pull request metadata found locally for current branch main
2024-05-25 04:45:34.832 [info] Review+0> No matching pull request metadata found on GitHub for current branch main
2024-05-25 04:45:39.699 [info] Review+0> Validate state in progress
2024-05-25 04:45:39.699 [info] Review+0> Validating state...
2024-05-25 04:45:39.970 [info] Found GitHub remote for folder /workspace/project
2024-05-25 04:45:39.970 [info] Using in-memory cached assignable users.
2024-05-25 04:45:39.988 [info] Review+0> No matching pull request metadata found locally for current branch main
2024-05-25 04:45:39.988 [info] Review+0> No matching pull request metadata found on GitHub for current branch main
2024-05-25 04:45:44.762 [info] Review+0> Validate state in progress
2024-05-25 04:45:44.762 [info] Review+0> Validating state...
2024-05-25 04:45:45.071 [info] Found GitHub remote for folder /workspace/project
2024-05-25 04:45:45.072 [info] Using in-memory cached assignable users.
2024-05-25 04:45:45.087 [info] Review+0> No matching pull request metadata found locally for current branch main
2024-05-25 04:45:45.087 [info] Review+0> No matching pull request metadata found on GitHub for current branch main
2024-05-25 04:45:49.830 [info] Review+0> Validate state in progress
2024-05-25 04:45:49.830 [info] Review+0> Validating state...
2024-05-25 04:45:50.052 [info] Found GitHub remote for folder /workspace/project
2024-05-25 04:45:50.053 [info] Using in-memory cached assignable users.
2024-05-25 04:45:50.067 [info] Review+0> No matching pull request metadata found locally for current branch main
2024-05-25 04:45:50.067 [info] Review+0> No matching pull request metadata found on GitHub for current branch main
2024-05-25 04:46:10.894 [info] Review+0> Validate state in progress
2024-05-25 04:46:10.895 [info] Review+0> Validating state...
2024-05-25 04:46:11.120 [info] Found GitHub remote for folder /workspace/project
2024-05-25 04:46:11.121 [info] Using in-memory cached assignable users.
2024-05-25 04:46:11.134 [info] Review+0> No matching pull request metadata found locally for current branch main
2024-05-25 04:46:11.134 [info] Review+0> No matching pull request metadata found on GitHub for current branch main
2024-05-25 04:46:21.021 [info] Review+0> Validate state in progress
2024-05-25 04:46:21.021 [info] Review+0> Validating state...
2024-05-25 04:46:21.245 [info] Found GitHub remote for folder /workspace/project
2024-05-25 04:46:21.246 [info] Using in-memory cached assignable users.
2024-05-25 04:46:21.261 [info] Review+0> No matching pull request metadata found locally for current branch main
2024-05-25 04:46:21.261 [info] Review+0> No matching pull request metadata found on GitHub for current branch main
2024-05-25 04:46:31.164 [info] Review+0> Validate state in progress
2024-05-25 04:46:31.164 [info] Review+0> Validating state...
2024-05-25 04:46:31.383 [info] Found GitHub remote for folder /workspace/project
2024-05-25 04:46:31.384 [info] Using in-memory cached assignable users.
2024-05-25 04:46:31.401 [info] Review+0> No matching pull request metadata found locally for current branch main
2024-05-25 04:46:31.402 [info] Review+0> No matching pull request metadata found on GitHub for current branch main
2024-05-25 04:46:46.346 [info] Review+0> Validate state in progress
2024-05-25 04:46:46.346 [info] Review+0> Validating state...
2024-05-25 04:46:46.562 [info] Found GitHub remote for folder /workspace/project
2024-05-25 04:46:46.562 [info] Using in-memory cached assignable users.
2024-05-25 04:46:46.576 [info] Review+0> No matching pull request metadata found locally for current branch main
2024-05-25 04:46:46.576 [info] Review+0> No matching pull request metadata found on GitHub for current branch main
2024-05-25 04:46:56.469 [info] Review+0> Validate state in progress
2024-05-25 04:46:56.469 [info] Review+0> Validating state...
2024-05-25 04:46:56.727 [info] Found GitHub remote for folder /workspace/project
2024-05-25 04:46:56.727 [info] Using in-memory cached assignable users.
2024-05-25 04:46:56.743 [info] Review+0> No matching pull request metadata found locally for current branch main
2024-05-25 04:46:56.744 [info] Review+0> No matching pull request metadata found on GitHub for current branch main
2024-05-25 04:47:16.134 [info] Review+0> Validate state in progress
2024-05-25 04:47:16.134 [info] Review+0> Validating state...
2024-05-25 04:47:17.556 [info] Found GitHub remote for folder /workspace/project
2024-05-25 04:47:17.557 [info] Using in-memory cached assignable users.
2024-05-25 04:47:17.572 [info] Review+0> No matching pull request metadata found locally for current branch main
2024-05-25 04:47:17.572 [info] Review+0> No matching pull request metadata found on GitHub for current branch main
2024-05-25 04:47:21.200 [info] Review+0> Validate state in progress
2024-05-25 04:47:21.200 [info] Review+0> Validating state...
2024-05-25 04:47:21.415 [info] Found GitHub remote for folder /workspace/project
2024-05-25 04:47:21.416 [info] Using in-memory cached assignable users.
2024-05-25 04:47:21.430 [info] Review+0> No matching pull request metadata found locally for current branch main
2024-05-25 04:47:21.430 [info] Review+0> No matching pull request metadata found on GitHub for current branch main
2024-05-25 04:47:26.267 [info] Review+0> Validate state in progress
2024-05-25 04:47:26.267 [info] Review+0> Validating state...
2024-05-25 04:47:26.546 [info] Found GitHub remote for folder /workspace/project
2024-05-25 04:47:26.546 [info] Using in-memory cached assignable users.
2024-05-25 04:47:26.562 [info] Review+0> No matching pull request metadata found locally for current branch main
2024-05-25 04:47:26.562 [info] Review+0> No matching pull request metadata found on GitHub for current branch main
2024-05-25 04:47:31.332 [info] Review+0> Validate state in progress
2024-05-25 04:47:31.332 [info] Review+0> Validating state...
2024-05-25 04:47:31.633 [info] Found GitHub remote for folder /workspace/project
2024-05-25 04:47:31.634 [info] Using in-memory cached assignable users.
2024-05-25 04:47:31.650 [info] Review+0> No matching pull request metadata found locally for current branch main
2024-05-25 04:47:31.650 [info] Review+0> No matching pull request metadata found on GitHub for current branch main
2024-05-25 04:47:39.611 [info] Review+0> Validate state in progress
2024-05-25 04:47:39.611 [info] Review+0> Validating state...
2024-05-25 04:47:39.967 [info] Found GitHub remote for folder /workspace/project
2024-05-25 04:47:39.968 [info] Using in-memory cached assignable users.
2024-05-25 04:47:39.982 [info] Review+0> No matching pull request metadata found locally for current branch main
2024-05-25 04:47:39.982 [info] Review+0> No matching pull request metadata found on GitHub for current branch main
2024-05-25 04:47:49.740 [info] Review+0> Validate state in progress
2024-05-25 04:47:49.740 [info] Review+0> Validating state...
2024-05-25 04:47:50.348 [info] Found GitHub remote for folder /workspace/project
2024-05-25 04:47:50.349 [info] Using in-memory cached assignable users.
2024-05-25 04:47:50.363 [info] Review+0> No matching pull request metadata found locally for current branch main
2024-05-25 04:47:50.363 [info] Review+0> No matching pull request metadata found on GitHub for current branch main
2024-05-25 04:47:54.822 [info] Review+0> Validate state in progress
2024-05-25 04:47:54.822 [info] Review+0> Validating state...
2024-05-25 04:47:55.622 [info] Found GitHub remote for folder /workspace/project
2024-05-25 04:47:55.622 [info] Using in-memory cached assignable users.
2024-05-25 04:47:55.637 [info] Review+0> No matching pull request metadata found locally for current branch main
2024-05-25 04:47:55.637 [info] Review+0> No matching pull request metadata found on GitHub for current branch main
2024-05-25 04:47:59.888 [info] Review+0> Validate state in progress
2024-05-25 04:47:59.888 [info] Review+0> Validating state...
2024-05-25 04:48:00.078 [info] Found GitHub remote for folder /workspace/project
2024-05-25 04:48:00.078 [info] Using in-memory cached assignable users.
2024-05-25 04:48:00.095 [info] Review+0> No matching pull request metadata found locally for current branch main
2024-05-25 04:48:00.095 [info] Review+0> No matching pull request metadata found on GitHub for current branch main
2024-05-25 04:48:15.080 [info] Review+0> Validate state in progress
2024-05-25 04:48:15.080 [info] Review+0> Validating state...
2024-05-25 04:48:15.269 [info] Found GitHub remote for folder /workspace/project
2024-05-25 04:48:15.270 [info] Using in-memory cached assignable users.
2024-05-25 04:48:15.283 [info] Review+0> No matching pull request metadata found locally for current branch main
2024-05-25 04:48:15.283 [info] Review+0> No matching pull request metadata found on GitHub for current branch main
2024-05-25 04:48:33.680 [info] Review+0> Validate state in progress
2024-05-25 04:48:33.680 [info] Review+0> Validating state...
2024-05-25 04:48:33.907 [info] Found GitHub remote for folder /workspace/project
2024-05-25 04:48:33.908 [info] Using in-memory cached assignable users.
2024-05-25 04:48:33.924 [info] Review+0> No matching pull request metadata found locally for current branch main
2024-05-25 04:48:33.924 [info] Review+0> No matching pull request metadata found on GitHub for current branch main
2024-05-25 04:48:48.888 [info] Review+0> Validate state in progress
2024-05-25 04:48:48.888 [info] Review+0> Validating state...
2024-05-25 04:48:49.079 [info] Found GitHub remote for folder /workspace/project
2024-05-25 04:48:49.079 [info] Using in-memory cached assignable users.
2024-05-25 04:48:49.093 [info] Review+0> No matching pull request metadata found locally for current branch main
2024-05-25 04:48:49.093 [info] Review+0> No matching pull request metadata found on GitHub for current branch main
2024-05-25 04:48:53.955 [info] Review+0> Validate state in progress
2024-05-25 04:48:53.955 [info] Review+0> Validating state...
2024-05-25 04:48:54.144 [info] Found GitHub remote for folder /workspace/project
2024-05-25 04:48:54.144 [info] Using in-memory cached assignable users.
2024-05-25 04:48:54.161 [info] Review+0> No matching pull request metadata found locally for current branch main
2024-05-25 04:48:54.161 [info] Review+0> No matching pull request metadata found on GitHub for current branch main
2024-05-25 04:49:27.256 [info] Review+0> Validate state in progress
2024-05-25 04:49:27.256 [info] Review+0> Validating state...
2024-05-25 04:49:27.446 [info] Found GitHub remote for folder /workspace/project
2024-05-25 04:49:27.446 [info] Using in-memory cached assignable users.
2024-05-25 04:49:27.461 [info] Review+0> No matching pull request metadata found locally for current branch main
2024-05-25 04:49:27.461 [info] Review+0> No matching pull request metadata found on GitHub for current branch main
2024-05-25 04:49:37.643 [info] Review+0> Validate state in progress
2024-05-25 04:49:37.643 [info] Review+0> Validating state...
2024-05-25 04:49:37.840 [info] Found GitHub remote for folder /workspace/project
2024-05-25 04:49:37.840 [info] Using in-memory cached assignable users.
2024-05-25 04:49:37.855 [info] Review+0> No matching pull request metadata found locally for current branch main
2024-05-25 04:49:37.855 [info] Review+0> No matching pull request metadata found on GitHub for current branch main
2024-05-25 04:49:42.716 [info] Review+0> Validate state in progress
2024-05-25 04:49:42.716 [info] Review+0> Validating state...
2024-05-25 04:49:42.912 [info] Found GitHub remote for folder /workspace/project
2024-05-25 04:49:42.912 [info] Using in-memory cached assignable users.
2024-05-25 04:49:42.928 [info] Review+0> No matching pull request metadata found locally for current branch main
2024-05-25 04:49:42.929 [info] Review+0> No matching pull request metadata found on GitHub for current branch main
2024-05-25 04:49:56.944 [info] Review+0> Validate state in progress
2024-05-25 04:49:56.944 [info] Review+0> Validating state...
2024-05-25 04:49:57.144 [info] Found GitHub remote for folder /workspace/project
2024-05-25 04:49:57.145 [info] Using in-memory cached assignable users.
2024-05-25 04:49:57.161 [info] Review+0> No matching pull request metadata found locally for current branch main
2024-05-25 04:49:57.161 [info] Review+0> No matching pull request metadata found on GitHub for current branch main
2024-05-25 04:50:02.021 [info] Review+0> Validate state in progress
2024-05-25 04:50:02.021 [info] Review+0> Validating state...
2024-05-25 04:50:02.214 [info] Found GitHub remote for folder /workspace/project
2024-05-25 04:50:02.214 [info] Using in-memory cached assignable users.
2024-05-25 04:50:02.230 [info] Review+0> No matching pull request metadata found locally for current branch main
2024-05-25 04:50:02.230 [info] Review+0> No matching pull request metadata found on GitHub for current branch main
2024-05-25 04:50:07.839 [info] Review+0> Validate state in progress
2024-05-25 04:50:07.839 [info] Review+0> Validating state...
2024-05-25 04:50:08.029 [info] Found GitHub remote for folder /workspace/project
2024-05-25 04:50:08.029 [info] Using in-memory cached assignable users.
2024-05-25 04:50:08.044 [info] Review+0> No matching pull request metadata found locally for current branch main
2024-05-25 04:50:08.045 [info] Review+0> No matching pull request metadata found on GitHub for current branch main
2024-05-25 04:50:12.905 [info] Review+0> Validate state in progress
2024-05-25 04:50:12.905 [info] Review+0> Validating state...
2024-05-25 04:50:13.102 [info] Found GitHub remote for folder /workspace/project
2024-05-25 04:50:13.103 [info] Using in-memory cached assignable users.
2024-05-25 04:50:13.116 [info] Review+0> No matching pull request metadata found locally for current branch main
2024-05-25 04:50:13.116 [info] Review+0> No matching pull request metadata found on GitHub for current branch main
2024-05-25 04:50:26.261 [info] Review+0> Validate state in progress
2024-05-25 04:50:26.261 [info] Review+0> Validating state...
2024-05-25 04:50:26.451 [info] Found GitHub remote for folder /workspace/project
2024-05-25 04:50:26.452 [info] Using in-memory cached assignable users.
2024-05-25 04:50:26.466 [info] Review+0> No matching pull request metadata found locally for current branch main
2024-05-25 04:50:26.466 [info] Review+0> No matching pull request metadata found on GitHub for current branch main
2024-05-25 04:50:31.334 [info] Review+0> Validate state in progress
2024-05-25 04:50:31.335 [info] Review+0> Validating state...
2024-05-25 04:50:31.527 [info] Found GitHub remote for folder /workspace/project
2024-05-25 04:50:31.527 [info] Using in-memory cached assignable users.
2024-05-25 04:50:31.541 [info] Review+0> No matching pull request metadata found locally for current branch main
2024-05-25 04:50:31.541 [info] Review+0> No matching pull request metadata found on GitHub for current branch main
2024-05-25 04:50:50.192 [info] Review+0> Validate state in progress
2024-05-25 04:50:50.192 [info] Review+0> Validating state...
2024-05-25 04:50:50.448 [info] Found GitHub remote for folder /workspace/project
2024-05-25 04:50:50.448 [info] Using in-memory cached assignable users.
2024-05-25 04:50:50.464 [info] Review+0> No matching pull request metadata found locally for current branch main
2024-05-25 04:50:50.464 [info] Review+0> No matching pull request metadata found on GitHub for current branch main
2024-05-25 04:51:03.925 [info] Review+0> Validate state in progress
2024-05-25 04:51:03.925 [info] Review+0> Validating state...
2024-05-25 04:51:04.120 [info] Found GitHub remote for folder /workspace/project
2024-05-25 04:51:04.121 [info] Using in-memory cached assignable users.
2024-05-25 04:51:04.141 [info] Review+0> No matching pull request metadata found locally for current branch main
2024-05-25 04:51:04.141 [info] Review+0> No matching pull request metadata found on GitHub for current branch main
2024-05-25 04:51:14.050 [info] Review+0> Validate state in progress
2024-05-25 04:51:14.050 [info] Review+0> Validating state...
2024-05-25 04:51:14.242 [info] Found GitHub remote for folder /workspace/project
2024-05-25 04:51:14.243 [info] Using in-memory cached assignable users.
2024-05-25 04:51:14.259 [info] Review+0> No matching pull request metadata found locally for current branch main
2024-05-25 04:51:14.259 [info] Review+0> No matching pull request metadata found on GitHub for current branch main
2024-05-25 04:51:19.117 [info] Review+0> Validate state in progress
2024-05-25 04:51:19.117 [info] Review+0> Validating state...
2024-05-25 04:51:19.306 [info] Found GitHub remote for folder /workspace/project
2024-05-25 04:51:19.306 [info] Using in-memory cached assignable users.
2024-05-25 04:51:19.320 [info] Review+0> No matching pull request metadata found locally for current branch main
2024-05-25 04:51:19.321 [info] Review+0> No matching pull request metadata found on GitHub for current branch main
2024-05-25 04:51:33.781 [info] Review+0> Validate state in progress
2024-05-25 04:51:33.781 [info] Review+0> Validating state...
2024-05-25 04:51:33.991 [info] Found GitHub remote for folder /workspace/project
2024-05-25 04:51:33.992 [info] Using in-memory cached assignable users.
2024-05-25 04:51:34.007 [info] Review+0> No matching pull request metadata found locally for current branch main
2024-05-25 04:51:34.007 [info] Review+0> No matching pull request metadata found on GitHub for current branch main
2024-05-25 04:51:38.861 [info] Review+0> Validate state in progress
2024-05-25 04:51:38.861 [info] Review+0> Validating state...
2024-05-25 04:51:39.056 [info] Found GitHub remote for folder /workspace/project
2024-05-25 04:51:39.057 [info] Using in-memory cached assignable users.
2024-05-25 04:51:39.072 [info] Review+0> No matching pull request metadata found locally for current branch main
2024-05-25 04:51:39.073 [info] Review+0> No matching pull request metadata found on GitHub for current branch main
2024-05-25 04:51:45.508 [info] Review+0> Validate state in progress
2024-05-25 04:51:45.508 [info] Review+0> Validating state...
2024-05-25 04:51:45.708 [info] Found GitHub remote for folder /workspace/project
2024-05-25 04:51:45.709 [info] Using in-memory cached assignable users.
2024-05-25 04:51:45.726 [info] Review+0> No matching pull request metadata found locally for current branch main
2024-05-25 04:51:45.726 [info] Review+0> No matching pull request metadata found on GitHub for current branch main
2024-05-25 04:51:53.405 [info] Review+0> Validate state in progress
2024-05-25 04:51:53.405 [info] Review+0> Validating state...
2024-05-25 04:51:53.595 [info] Found GitHub remote for folder /workspace/project
2024-05-25 04:51:53.595 [info] Using in-memory cached assignable users.
2024-05-25 04:51:53.613 [info] Review+0> No matching pull request metadata found locally for current branch main
2024-05-25 04:51:53.613 [info] Review+0> No matching pull request metadata found on GitHub for current branch main
2024-05-25 04:51:58.482 [info] Review+0> Validate state in progress
2024-05-25 04:51:58.482 [info] Review+0> Validating state...
2024-05-25 04:51:58.671 [info] Found GitHub remote for folder /workspace/project
2024-05-25 04:51:58.671 [info] Using in-memory cached assignable users.
2024-05-25 04:51:58.688 [info] Review+0> No matching pull request metadata found locally for current branch main
2024-05-25 04:51:58.688 [info] Review+0> No matching pull request metadata found on GitHub for current branch main
2024-05-25 04:52:05.536 [info] Review+0> Validate state in progress
2024-05-25 04:52:05.536 [info] Review+0> Validating state...
2024-05-25 04:52:05.731 [info] Found GitHub remote for folder /workspace/project
2024-05-25 04:52:05.731 [info] Using in-memory cached assignable users.
2024-05-25 04:52:05.745 [info] Review+0> No matching pull request metadata found locally for current branch main
2024-05-25 04:52:05.745 [info] Review+0> No matching pull request metadata found on GitHub for current branch main
2024-05-25 04:52:26.967 [info] Review+0> Validate state in progress
2024-05-25 04:52:26.967 [info] Review+0> Validating state...
2024-05-25 04:52:27.159 [info] Found GitHub remote for folder /workspace/project
2024-05-25 04:52:27.160 [info] Using in-memory cached assignable users.
2024-05-25 04:52:27.174 [info] Review+0> No matching pull request metadata found locally for current branch main
2024-05-25 04:52:27.174 [info] Review+0> No matching pull request metadata found on GitHub for current branch main
2024-05-25 04:52:46.052 [info] Review+0> Validate state in progress
2024-05-25 04:52:46.053 [info] Review+0> Validating state...
2024-05-25 04:52:46.244 [info] Found GitHub remote for folder /workspace/project
2024-05-25 04:52:46.244 [info] Using in-memory cached assignable users.
2024-05-25 04:52:46.258 [info] Review+0> No matching pull request metadata found locally for current branch main
2024-05-25 04:52:46.258 [info] Review+0> No matching pull request metadata found on GitHub for current branch main
2024-05-25 04:52:55.174 [info] Review+0> Validate state in progress
2024-05-25 04:52:55.174 [info] Review+0> Validating state...
2024-05-25 04:52:55.360 [info] Found GitHub remote for folder /workspace/project
2024-05-25 04:52:55.361 [info] Using in-memory cached assignable users.
2024-05-25 04:52:55.376 [info] Review+0> No matching pull request metadata found locally for current branch main
2024-05-25 04:52:55.376 [info] Review+0> No matching pull request metadata found on GitHub for current branch main
2024-05-25 04:53:01.823 [info] Review+0> Validate state in progress
2024-05-25 04:53:01.823 [info] Review+0> Validating state...
2024-05-25 04:53:02.019 [info] Found GitHub remote for folder /workspace/project
2024-05-25 04:53:02.020 [info] Using in-memory cached assignable users.
2024-05-25 04:53:02.034 [info] Review+0> No matching pull request metadata found locally for current branch main
2024-05-25 04:53:02.034 [info] Review+0> No matching pull request metadata found on GitHub for current branch main
2024-05-25 04:53:15.014 [info] Review+0> Validate state in progress
2024-05-25 04:53:15.014 [info] Review+0> Validating state...
2024-05-25 04:53:15.206 [info] Found GitHub remote for folder /workspace/project
2024-05-25 04:53:15.206 [info] Using in-memory cached assignable users.
2024-05-25 04:53:15.221 [info] Review+0> No matching pull request metadata found locally for current branch main
2024-05-25 04:53:15.221 [info] Review+0> No matching pull request metadata found on GitHub for current branch main
2024-05-25 04:53:20.088 [info] Review+0> Validate state in progress
2024-05-25 04:53:20.088 [info] Review+0> Validating state...
2024-05-25 04:53:20.304 [info] Found GitHub remote for folder /workspace/project
2024-05-25 04:53:20.304 [info] Using in-memory cached assignable users.
2024-05-25 04:53:20.319 [info] Review+0> No matching pull request metadata found locally for current branch main
2024-05-25 04:53:20.319 [info] Review+0> No matching pull request metadata found on GitHub for current branch main
2024-05-25 04:56:54.749 [info] Review+0> Validate state in progress
2024-05-25 04:56:54.749 [info] Review+0> Validating state...
2024-05-25 04:56:54.941 [info] Found GitHub remote for folder /workspace/project
2024-05-25 04:56:54.941 [info] Using in-memory cached assignable users.
2024-05-25 04:56:54.956 [info] Review+0> No matching pull request metadata found locally for current branch main
2024-05-25 04:56:54.956 [info] Review+0> No matching pull request metadata found on GitHub for current branch main
2024-05-25 04:56:59.818 [info] Review+0> Validate state in progress
2024-05-25 04:56:59.818 [info] Review+0> Validating state...
2024-05-25 04:57:00.014 [info] Found GitHub remote for folder /workspace/project
2024-05-25 04:57:00.015 [info] Using in-memory cached assignable users.
2024-05-25 04:57:00.029 [info] Review+0> No matching pull request metadata found locally for current branch main
2024-05-25 04:57:00.029 [info] Review+0> No matching pull request metadata found on GitHub for current branch main
2024-05-25 04:57:19.802 [info] Review+0> Validate state in progress
2024-05-25 04:57:19.802 [info] Review+0> Validating state...
2024-05-25 04:57:19.999 [info] Found GitHub remote for folder /workspace/project
2024-05-25 04:57:20.000 [info] Using in-memory cached assignable users.
2024-05-25 04:57:20.014 [info] Review+0> No matching pull request metadata found locally for current branch main
2024-05-25 04:57:20.014 [info] Review+0> No matching pull request metadata found on GitHub for current branch main
2024-05-25 04:57:25.221 [info] Review+0> Validate state in progress
2024-05-25 04:57:25.221 [info] Review+0> Validating state...
2024-05-25 04:57:25.412 [info] Found GitHub remote for folder /workspace/project
2024-05-25 04:57:25.413 [info] Using in-memory cached assignable users.
2024-05-25 04:57:25.426 [info] Review+0> No matching pull request metadata found locally for current branch main
2024-05-25 04:57:25.426 [info] Review+0> No matching pull request metadata found on GitHub for current branch main
2024-05-25 04:57:30.295 [info] Review+0> Validate state in progress
2024-05-25 04:57:30.295 [info] Review+0> Validating state...
2024-05-25 04:57:30.493 [info] Found GitHub remote for folder /workspace/project
2024-05-25 04:57:30.494 [info] Using in-memory cached assignable users.
2024-05-25 04:57:30.509 [info] Review+0> No matching pull request metadata found locally for current branch main
2024-05-25 04:57:30.509 [info] Review+0> No matching pull request metadata found on GitHub for current branch main
2024-05-25 04:57:37.062 [info] Review+0> Validate state in progress
2024-05-25 04:57:37.062 [info] Review+0> Validating state...
2024-05-25 04:57:37.259 [info] Found GitHub remote for folder /workspace/project
2024-05-25 04:57:37.259 [info] Using in-memory cached assignable users.
2024-05-25 04:57:37.274 [info] Review+0> No matching pull request metadata found locally for current branch main
2024-05-25 04:57:37.274 [info] Review+0> No matching pull request metadata found on GitHub for current branch main
2024-05-25 04:57:42.128 [info] Review+0> Validate state in progress
2024-05-25 04:57:42.128 [info] Review+0> Validating state...
2024-05-25 04:57:42.325 [info] Found GitHub remote for folder /workspace/project
2024-05-25 04:57:42.325 [info] Using in-memory cached assignable users.
2024-05-25 04:57:42.339 [info] Review+0> No matching pull request metadata found locally for current branch main
2024-05-25 04:57:42.339 [info] Review+0> No matching pull request metadata found on GitHub for current branch main
2024-05-25 04:57:52.749 [info] Review+0> Validate state in progress
2024-05-25 04:57:52.749 [info] Review+0> Validating state...
2024-05-25 04:57:52.945 [info] Found GitHub remote for folder /workspace/project
2024-05-25 04:57:52.945 [info] Using in-memory cached assignable users.
2024-05-25 04:57:52.958 [info] Review+0> No matching pull request metadata found locally for current branch main
2024-05-25 04:57:52.958 [info] Review+0> No matching pull request metadata found on GitHub for current branch main
2024-05-25 04:57:57.817 [info] Review+0> Validate state in progress
2024-05-25 04:57:57.817 [info] Review+0> Validating state...
2024-05-25 04:57:58.016 [info] Found GitHub remote for folder /workspace/project
2024-05-25 04:57:58.016 [info] Using in-memory cached assignable users.
2024-05-25 04:57:58.031 [info] Review+0> No matching pull request metadata found locally for current branch main
2024-05-25 04:57:58.031 [info] Review+0> No matching pull request metadata found on GitHub for current branch main
2024-05-25 04:59:18.883 [info] Review+0> Validate state in progress
2024-05-25 04:59:18.883 [info] Review+0> Validating state...
2024-05-25 04:59:19.078 [info] Found GitHub remote for folder /workspace/project
2024-05-25 04:59:19.079 [info] Using in-memory cached assignable users.
2024-05-25 04:59:19.092 [info] Review+0> No matching pull request metadata found locally for current branch main
2024-05-25 04:59:19.092 [info] Review+0> No matching pull request metadata found on GitHub for current branch main
2024-05-25 04:59:40.918 [info] Review+0> Validate state in progress
2024-05-25 04:59:40.918 [info] Review+0> Validating state...
2024-05-25 04:59:41.111 [info] Found GitHub remote for folder /workspace/project
2024-05-25 04:59:41.111 [info] Using in-memory cached assignable users.
2024-05-25 04:59:41.126 [info] Review+0> No matching pull request metadata found locally for current branch main
2024-05-25 04:59:41.126 [info] Review+0> No matching pull request metadata found on GitHub for current branch main
2024-05-25 04:59:45.984 [info] Review+0> Validate state in progress
2024-05-25 04:59:45.984 [info] Review+0> Validating state...
2024-05-25 04:59:46.171 [info] Found GitHub remote for folder /workspace/project
2024-05-25 04:59:46.171 [info] Using in-memory cached assignable users.
2024-05-25 04:59:46.186 [info] Review+0> No matching pull request metadata found locally for current branch main
2024-05-25 04:59:46.186 [info] Review+0> No matching pull request metadata found on GitHub for current branch main
2024-05-25 04:59:51.056 [info] Review+0> Validate state in progress
2024-05-25 04:59:51.056 [info] Review+0> Validating state...
2024-05-25 04:59:51.248 [info] Found GitHub remote for folder /workspace/project
2024-05-25 04:59:51.249 [info] Using in-memory cached assignable users.
2024-05-25 04:59:51.264 [info] Review+0> No matching pull request metadata found locally for current branch main
2024-05-25 04:59:51.264 [info] Review+0> No matching pull request metadata found on GitHub for current branch main
2024-05-25 04:59:56.125 [info] Review+0> Validate state in progress
2024-05-25 04:59:56.125 [info] Review+0> Validating state...
2024-05-25 04:59:56.315 [info] Found GitHub remote for folder /workspace/project
2024-05-25 04:59:56.316 [info] Using in-memory cached assignable users.
2024-05-25 04:59:56.331 [info] Review+0> No matching pull request metadata found locally for current branch main
2024-05-25 04:59:56.332 [info] Review+0> No matching pull request metadata found on GitHub for current branch main
2024-05-25 05:00:06.823 [info] Review+0> Validate state in progress
2024-05-25 05:00:06.823 [info] Review+0> Validating state...
2024-05-25 05:00:07.020 [info] Found GitHub remote for folder /workspace/project
2024-05-25 05:00:07.021 [info] Using in-memory cached assignable users.
2024-05-25 05:00:07.036 [info] Review+0> No matching pull request metadata found locally for current branch main
2024-05-25 05:00:07.036 [info] Review+0> No matching pull request metadata found on GitHub for current branch main
2024-05-25 05:00:14.257 [info] Review+0> Validate state in progress
2024-05-25 05:00:14.257 [info] Review+0> Validating state...
2024-05-25 05:00:14.595 [info] Found GitHub remote for folder /workspace/project
2024-05-25 05:00:14.595 [info] Using in-memory cached assignable users.
2024-05-25 05:00:14.622 [info] Review+0> No matching pull request metadata found locally for current branch main
2024-05-25 05:00:14.622 [info] Review+0> No matching pull request metadata found on GitHub for current branch main
2024-05-25 05:00:19.324 [info] Review+0> Validate state in progress
2024-05-25 05:00:19.324 [info] Review+0> Validating state...
2024-05-25 05:00:19.519 [info] Found GitHub remote for folder /workspace/project
2024-05-25 05:00:19.519 [info] Using in-memory cached assignable users.
2024-05-25 05:00:19.534 [info] Review+0> No matching pull request metadata found locally for current branch main
2024-05-25 05:00:19.534 [info] Review+0> No matching pull request metadata found on GitHub for current branch main
2024-05-25 05:01:04.080 [info] Review+0> Validate state in progress
2024-05-25 05:01:04.080 [info] Review+0> Validating state...
2024-05-25 05:01:04.271 [info] Found GitHub remote for folder /workspace/project
2024-05-25 05:01:04.271 [info] Using in-memory cached assignable users.
2024-05-25 05:01:04.285 [info] Review+0> No matching pull request metadata found locally for current branch main
2024-05-25 05:01:04.286 [info] Review+0> No matching pull request metadata found on GitHub for current branch main
2024-05-25 05:01:09.152 [info] Review+0> Validate state in progress
2024-05-25 05:01:09.152 [info] Review+0> Validating state...
2024-05-25 05:01:09.345 [info] Found GitHub remote for folder /workspace/project
2024-05-25 05:01:09.346 [info] Using in-memory cached assignable users.
2024-05-25 05:01:09.360 [info] Review+0> No matching pull request metadata found locally for current branch main
2024-05-25 05:01:09.360 [info] Review+0> No matching pull request metadata found on GitHub for current branch main
2024-05-25 05:01:29.860 [info] Review+0> Validate state in progress
2024-05-25 05:01:29.860 [info] Review+0> Validating state...
2024-05-25 05:01:30.057 [info] Found GitHub remote for folder /workspace/project
2024-05-25 05:01:30.057 [info] Using in-memory cached assignable users.
2024-05-25 05:01:30.073 [info] Review+0> No matching pull request metadata found locally for current branch main
2024-05-25 05:01:30.073 [info] Review+0> No matching pull request metadata found on GitHub for current branch main
2024-05-25 05:01:39.925 [info] Review+0> Validate state in progress
2024-05-25 05:01:39.925 [info] Review+0> Validating state...
2024-05-25 05:01:40.120 [info] Found GitHub remote for folder /workspace/project
2024-05-25 05:01:40.121 [info] Using in-memory cached assignable users.
2024-05-25 05:01:40.134 [info] Review+0> No matching pull request metadata found locally for current branch main
2024-05-25 05:01:40.134 [info] Review+0> No matching pull request metadata found on GitHub for current branch main
2024-05-25 05:01:45.002 [info] Review+0> Validate state in progress
2024-05-25 05:01:45.002 [info] Review+0> Validating state...
2024-05-25 05:01:45.191 [info] Found GitHub remote for folder /workspace/project
2024-05-25 05:01:45.192 [info] Using in-memory cached assignable users.
2024-05-25 05:01:45.207 [info] Review+0> No matching pull request metadata found locally for current branch main
2024-05-25 05:01:45.207 [info] Review+0> No matching pull request metadata found on GitHub for current branch main
2024-05-25 05:02:00.754 [info] Review+0> Validate state in progress
2024-05-25 05:02:00.754 [info] Review+0> Validating state...
2024-05-25 05:02:00.948 [info] Found GitHub remote for folder /workspace/project
2024-05-25 05:02:00.949 [info] Using in-memory cached assignable users.
2024-05-25 05:02:00.963 [info] Review+0> No matching pull request metadata found locally for current branch main
2024-05-25 05:02:00.963 [info] Review+0> No matching pull request metadata found on GitHub for current branch main
2024-05-25 05:02:05.821 [info] Review+0> Validate state in progress
2024-05-25 05:02:05.821 [info] Review+0> Validating state...
2024-05-25 05:02:06.014 [info] Found GitHub remote for folder /workspace/project
2024-05-25 05:02:06.014 [info] Using in-memory cached assignable users.
2024-05-25 05:02:06.029 [info] Review+0> No matching pull request metadata found locally for current branch main
2024-05-25 05:02:06.030 [info] Review+0> No matching pull request metadata found on GitHub for current branch main
2024-05-25 05:03:17.684 [info] Review+0> Validate state in progress
2024-05-25 05:03:17.684 [info] Review+0> Validating state...
2024-05-25 05:03:17.878 [info] Found GitHub remote for folder /workspace/project
2024-05-25 05:03:17.878 [info] Using in-memory cached assignable users.
2024-05-25 05:03:17.891 [info] Review+0> No matching pull request metadata found locally for current branch main
2024-05-25 05:03:17.892 [info] Review+0> No matching pull request metadata found on GitHub for current branch main
2024-05-25 05:03:28.333 [info] Review+0> Validate state in progress
2024-05-25 05:03:28.333 [info] Review+0> Validating state...
2024-05-25 05:03:28.524 [info] Found GitHub remote for folder /workspace/project
2024-05-25 05:03:28.524 [info] Using in-memory cached assignable users.
2024-05-25 05:03:28.540 [info] Review+0> No matching pull request metadata found locally for current branch main
2024-05-25 05:03:28.540 [info] Review+0> No matching pull request metadata found on GitHub for current branch main
2024-05-25 05:03:34.863 [info] Review+0> Validate state in progress
2024-05-25 05:03:34.863 [info] Review+0> Validating state...
2024-05-25 05:03:35.053 [info] Found GitHub remote for folder /workspace/project
2024-05-25 05:03:35.053 [info] Using in-memory cached assignable users.
2024-05-25 05:03:35.068 [info] Review+0> No matching pull request metadata found locally for current branch main
2024-05-25 05:03:35.068 [info] Review+0> No matching pull request metadata found on GitHub for current branch main
2024-05-25 05:08:01.193 [info] Review+0> Validate state in progress
2024-05-25 05:08:01.193 [info] Review+0> Validating state...
2024-05-25 05:08:01.381 [info] Found GitHub remote for folder /workspace/project
2024-05-25 05:08:01.382 [info] Using in-memory cached assignable users.
2024-05-25 05:08:01.395 [info] Review+0> No matching pull request metadata found locally for current branch main
2024-05-25 05:08:01.395 [info] Review+0> No matching pull request metadata found on GitHub for current branch main
2024-05-25 05:08:36.135 [info] Review+0> Validate state in progress
2024-05-25 05:08:36.135 [info] Review+0> Validating state...
2024-05-25 05:08:36.326 [info] Found GitHub remote for folder /workspace/project
2024-05-25 05:08:36.327 [info] Using in-memory cached assignable users.
2024-05-25 05:08:36.342 [info] Review+0> No matching pull request metadata found locally for current branch main
2024-05-25 05:08:36.342 [info] Review+0> No matching pull request metadata found on GitHub for current branch main
2024-05-25 05:08:41.216 [info] Review+0> Validate state in progress
2024-05-25 05:08:41.216 [info] Review+0> Validating state...
2024-05-25 05:08:41.491 [info] Found GitHub remote for folder /workspace/project
2024-05-25 05:08:41.492 [info] Using in-memory cached assignable users.
2024-05-25 05:08:41.506 [info] Review+0> No matching pull request metadata found locally for current branch main
2024-05-25 05:08:41.506 [info] Review+0> No matching pull request metadata found on GitHub for current branch main
2024-05-25 05:08:59.876 [info] Review+0> Validate state in progress
2024-05-25 05:08:59.876 [info] Review+0> Validating state...
2024-05-25 05:09:00.075 [info] Found GitHub remote for folder /workspace/project
2024-05-25 05:09:00.076 [info] Using in-memory cached assignable users.
2024-05-25 05:09:00.095 [info] Review+0> No matching pull request metadata found locally for current branch main
2024-05-25 05:09:00.095 [info] Review+0> No matching pull request metadata found on GitHub for current branch main
2024-05-25 05:09:21.357 [info] Review+0> Validate state in progress
2024-05-25 05:09:21.357 [info] Review+0> Validating state...
2024-05-25 05:09:21.551 [info] Found GitHub remote for folder /workspace/project
2024-05-25 05:09:21.551 [info] Using in-memory cached assignable users.
2024-05-25 05:09:21.566 [info] Review+0> No matching pull request metadata found locally for current branch main
2024-05-25 05:09:21.566 [info] Review+0> No matching pull request metadata found on GitHub for current branch main
2024-05-25 05:09:43.240 [info] Review+0> Validate state in progress
2024-05-25 05:09:43.240 [info] Review+0> Validating state...
2024-05-25 05:09:43.434 [info] Found GitHub remote for folder /workspace/project
2024-05-25 05:09:43.435 [info] Using in-memory cached assignable users.
2024-05-25 05:09:43.449 [info] Review+0> No matching pull request metadata found locally for current branch main
2024-05-25 05:09:43.450 [info] Review+0> No matching pull request metadata found on GitHub for current branch main
2024-05-25 05:09:48.310 [info] Review+0> Validate state in progress
2024-05-25 05:09:48.310 [info] Review+0> Validating state...
2024-05-25 05:09:48.508 [info] Found GitHub remote for folder /workspace/project
2024-05-25 05:09:48.509 [info] Using in-memory cached assignable users.
2024-05-25 05:09:48.523 [info] Review+0> No matching pull request metadata found locally for current branch main
2024-05-25 05:09:48.524 [info] Review+0> No matching pull request metadata found on GitHub for current branch main
2024-05-25 05:09:53.389 [info] Review+0> Validate state in progress
2024-05-25 05:09:53.389 [info] Review+0> Validating state...
2024-05-25 05:09:53.587 [info] Found GitHub remote for folder /workspace/project
2024-05-25 05:09:53.587 [info] Using in-memory cached assignable users.
2024-05-25 05:09:53.601 [info] Review+0> No matching pull request metadata found locally for current branch main
2024-05-25 05:09:53.601 [info] Review+0> No matching pull request metadata found on GitHub for current branch main
2024-05-25 05:11:26.184 [info] Review+0> Validate state in progress
2024-05-25 05:11:26.184 [info] Review+0> Validating state...
2024-05-25 05:11:26.379 [info] Found GitHub remote for folder /workspace/project
2024-05-25 05:11:26.380 [info] Using in-memory cached assignable users.
2024-05-25 05:11:26.404 [info] Review+0> No matching pull request metadata found locally for current branch main
2024-05-25 05:11:26.418 [info] Review+0> No matching pull request metadata found on GitHub for current branch main
2024-05-25 05:16:12.956 [info] Review+0> Validate state in progress
2024-05-25 05:16:12.956 [info] Review+0> Validating state...
2024-05-25 05:16:13.148 [info] Found GitHub remote for folder /workspace/project
2024-05-25 05:16:13.149 [info] Using in-memory cached assignable users.
2024-05-25 05:16:13.173 [info] Review+0> No matching pull request metadata found locally for current branch main
2024-05-25 05:16:13.187 [info] Review+0> No matching pull request metadata found on GitHub for current branch main
2024-05-25 05:16:26.803 [info] Review+0> Validate state in progress
2024-05-25 05:16:26.803 [info] Review+0> Validating state...
2024-05-25 05:16:26.998 [info] Found GitHub remote for folder /workspace/project
2024-05-25 05:16:26.999 [info] Using in-memory cached assignable users.
2024-05-25 05:16:27.022 [info] Review+0> No matching pull request metadata found locally for current branch main
2024-05-25 05:16:27.035 [info] Review+0> No matching pull request metadata found on GitHub for current branch main
2024-05-25 05:16:31.845 [info] Review+0> Validate state in progress
2024-05-25 05:16:31.845 [info] Review+0> Validating state...
2024-05-25 05:16:32.039 [info] Found GitHub remote for folder /workspace/project
2024-05-25 05:16:32.040 [info] Using in-memory cached assignable users.
2024-05-25 05:16:32.069 [info] Review+0> No matching pull request metadata found locally for current branch main
2024-05-25 05:16:32.085 [info] Review+0> No matching pull request metadata found on GitHub for current branch main
2024-05-25 05:16:42.294 [info] Review+0> Validate state in progress
2024-05-25 05:16:42.294 [info] Review+0> Validating state...
2024-05-25 05:16:42.483 [info] Found GitHub remote for folder /workspace/project
2024-05-25 05:16:42.483 [info] Using in-memory cached assignable users.
2024-05-25 05:16:42.507 [info] Review+0> No matching pull request metadata found locally for current branch main
2024-05-25 05:16:42.522 [info] Review+0> No matching pull request metadata found on GitHub for current branch main
2024-05-25 05:16:47.337 [info] Review+0> Validate state in progress
2024-05-25 05:16:47.338 [info] Review+0> Validating state...
2024-05-25 05:16:47.531 [info] Found GitHub remote for folder /workspace/project
2024-05-25 05:16:47.531 [info] Using in-memory cached assignable users.
2024-05-25 05:16:47.557 [info] Review+0> No matching pull request metadata found locally for current branch main
2024-05-25 05:16:47.570 [info] Review+0> No matching pull request metadata found on GitHub for current branch main
2024-05-25 05:16:57.370 [info] Review+0> Validate state in progress
2024-05-25 05:16:57.370 [info] Review+0> Validating state...
2024-05-25 05:16:57.565 [info] Found GitHub remote for folder /workspace/project
2024-05-25 05:16:57.566 [info] Using in-memory cached assignable users.
2024-05-25 05:16:57.588 [info] Review+0> No matching pull request metadata found locally for current branch main
2024-05-25 05:16:57.600 [info] Review+0> No matching pull request metadata found on GitHub for current branch main
2024-05-25 05:17:12.119 [info] Review+0> Validate state in progress
2024-05-25 05:17:12.119 [info] Review+0> Validating state...
2024-05-25 05:17:12.308 [info] Found GitHub remote for folder /workspace/project
2024-05-25 05:17:12.308 [info] Using in-memory cached assignable users.
2024-05-25 05:17:12.334 [info] Review+0> No matching pull request metadata found locally for current branch main
2024-05-25 05:17:12.347 [info] Review+0> No matching pull request metadata found on GitHub for current branch main
2024-05-25 05:17:33.133 [info] Review+0> Validate state in progress
2024-05-25 05:17:33.133 [info] Review+0> Validating state...
2024-05-25 05:17:33.359 [info] Found GitHub remote for folder /workspace/project
2024-05-25 05:17:33.360 [info] Using in-memory cached assignable users.
2024-05-25 05:17:33.388 [info] Review+0> No matching pull request metadata found locally for current branch main
2024-05-25 05:17:33.405 [info] Review+0> No matching pull request metadata found on GitHub for current branch main
2024-05-25 05:17:38.172 [info] Review+0> Validate state in progress
2024-05-25 05:17:38.172 [info] Review+0> Validating state...
2024-05-25 05:17:38.359 [info] Found GitHub remote for folder /workspace/project
2024-05-25 05:17:38.360 [info] Using in-memory cached assignable users.
2024-05-25 05:17:38.386 [info] Review+0> No matching pull request metadata found locally for current branch main
2024-05-25 05:17:38.403 [info] Review+0> No matching pull request metadata found on GitHub for current branch main
2024-05-25 05:17:43.217 [info] Review+0> Validate state in progress
2024-05-25 05:17:43.217 [info] Review+0> Validating state...
2024-05-25 05:17:43.406 [info] Found GitHub remote for folder /workspace/project
2024-05-25 05:17:43.406 [info] Using in-memory cached assignable users.
2024-05-25 05:17:43.430 [info] Review+0> No matching pull request metadata found locally for current branch main
2024-05-25 05:17:43.443 [info] Review+0> No matching pull request metadata found on GitHub for current branch main
2024-05-25 05:17:48.266 [info] Review+0> Validate state in progress
2024-05-25 05:17:48.266 [info] Review+0> Validating state...
2024-05-25 05:17:48.460 [info] Found GitHub remote for folder /workspace/project
2024-05-25 05:17:48.460 [info] Using in-memory cached assignable users.
2024-05-25 05:17:48.488 [info] Review+0> No matching pull request metadata found locally for current branch main
2024-05-25 05:17:48.507 [info] Review+0> No matching pull request metadata found on GitHub for current branch main
2024-05-25 05:17:53.311 [info] Review+0> Validate state in progress
2024-05-25 05:17:53.311 [info] Review+0> Validating state...
2024-05-25 05:17:53.504 [info] Found GitHub remote for folder /workspace/project
2024-05-25 05:17:53.504 [info] Using in-memory cached assignable users.
2024-05-25 05:17:53.529 [info] Review+0> No matching pull request metadata found locally for current branch main
2024-05-25 05:17:53.543 [info] Review+0> No matching pull request metadata found on GitHub for current branch main
2024-05-25 05:18:03.395 [info] Review+0> Validate state in progress
2024-05-25 05:18:03.395 [info] Review+0> Validating state...
2024-05-25 05:18:03.584 [info] Found GitHub remote for folder /workspace/project
2024-05-25 05:18:03.585 [info] Using in-memory cached assignable users.
2024-05-25 05:18:03.613 [info] Review+0> No matching pull request metadata found locally for current branch main
2024-05-25 05:18:03.632 [info] Review+0> No matching pull request metadata found on GitHub for current branch main
2024-05-25 05:18:08.443 [info] Review+0> Validate state in progress
2024-05-25 05:18:08.443 [info] Review+0> Validating state...
2024-05-25 05:18:08.631 [info] Found GitHub remote for folder /workspace/project
2024-05-25 05:18:08.632 [info] Using in-memory cached assignable users.
2024-05-25 05:18:08.661 [info] Review+0> No matching pull request metadata found locally for current branch main
2024-05-25 05:18:08.679 [info] Review+0> No matching pull request metadata found on GitHub for current branch main
2024-05-25 05:18:18.534 [info] Review+0> Validate state in progress
2024-05-25 05:18:18.534 [info] Review+0> Validating state...
2024-05-25 05:18:18.727 [info] Found GitHub remote for folder /workspace/project
2024-05-25 05:18:18.728 [info] Using in-memory cached assignable users.
2024-05-25 05:18:18.756 [info] Review+0> No matching pull request metadata found locally for current branch main
2024-05-25 05:18:18.784 [info] Review+0> No matching pull request metadata found on GitHub for current branch main
2024-05-25 05:18:23.576 [info] Review+0> Validate state in progress
2024-05-25 05:18:23.576 [info] Review+0> Validating state...
2024-05-25 05:18:23.767 [info] Found GitHub remote for folder /workspace/project
2024-05-25 05:18:23.767 [info] Using in-memory cached assignable users.
2024-05-25 05:18:23.792 [info] Review+0> No matching pull request metadata found locally for current branch main
2024-05-25 05:18:23.809 [info] Review+0> No matching pull request metadata found on GitHub for current branch main
2024-05-25 05:18:28.617 [info] Review+0> Validate state in progress
2024-05-25 05:18:28.617 [info] Review+0> Validating state...
2024-05-25 05:18:28.817 [info] Found GitHub remote for folder /workspace/project
2024-05-25 05:18:28.818 [info] Using in-memory cached assignable users.
2024-05-25 05:18:28.850 [info] Review+0> No matching pull request metadata found locally for current branch main
2024-05-25 05:18:28.866 [info] Review+0> No matching pull request metadata found on GitHub for current branch main
2024-05-25 05:18:33.667 [info] Review+0> Validate state in progress
2024-05-25 05:18:33.667 [info] Review+0> Validating state...
2024-05-25 05:18:33.854 [info] Found GitHub remote for folder /workspace/project
2024-05-25 05:18:33.854 [info] Using in-memory cached assignable users.
2024-05-25 05:18:33.878 [info] Review+0> No matching pull request metadata found locally for current branch main
2024-05-25 05:18:33.891 [info] Review+0> No matching pull request metadata found on GitHub for current branch main
2024-05-25 05:18:43.745 [info] Review+0> Validate state in progress
2024-05-25 05:18:43.745 [info] Review+0> Validating state...
2024-05-25 05:18:43.931 [info] Found GitHub remote for folder /workspace/project
2024-05-25 05:18:43.932 [info] Using in-memory cached assignable users.
2024-05-25 05:18:43.954 [info] Review+0> No matching pull request metadata found locally for current branch main
2024-05-25 05:18:43.969 [info] Review+0> No matching pull request metadata found on GitHub for current branch main
2024-05-25 05:18:58.880 [info] Review+0> Validate state in progress
2024-05-25 05:18:58.880 [info] Review+0> Validating state...
2024-05-25 05:18:59.072 [info] Found GitHub remote for folder /workspace/project
2024-05-25 05:18:59.072 [info] Using in-memory cached assignable users.
2024-05-25 05:18:59.103 [info] Review+0> No matching pull request metadata found locally for current branch main
2024-05-25 05:18:59.119 [info] Review+0> No matching pull request metadata found on GitHub for current branch main
