2024-05-25 07:51:40.126 [warning] /home/gitpod/.ssh/config: ENOENT: no such file or directory, open '/home/gitpod/.ssh/config'
2024-05-25 07:51:40.126 [info] Activation> Extension version: 0.88.1
2024-05-25 07:51:42.701 [info] Looking for git repository
2024-05-25 07:51:42.701 [info] Found 0 repositories during activation
2024-05-25 07:51:42.701 [info] Git repository found, initializing review manager and pr tree view.
2024-05-25 07:51:42.705 [info] Registering git provider
2024-05-25 07:51:42.705 [info] Review+0> Validate state in progress
2024-05-25 07:51:42.705 [info] Review+0> Validating state...
2024-05-25 07:51:42.914 [info] Found GitHub remote for folder /workspace/project
2024-05-25 07:51:42.916 [info] Trying to use globalState for assignableUsers.
2024-05-25 07:51:42.944 [info] Review+0> No matching pull request metadata found locally for current branch main
2024-05-25 07:51:42.962 [info] Review+0> No matching pull request metadata found on GitHub for current branch main
2024-05-25 07:51:43.126 [info] GlobalState does not exist for assignableUsers.
2024-05-25 07:51:52.839 [info] Repo state for file:///workspace/project changed.
2024-05-25 07:51:52.839 [info] Repo file:///workspace/project has already been setup.
2024-05-25 07:53:53.593 [info] Review+0> Validate state in progress
2024-05-25 07:53:53.593 [info] Review+0> Validating state...
2024-05-25 07:53:53.793 [info] Found GitHub remote for folder /workspace/project
2024-05-25 07:53:53.794 [info] Using in-memory cached assignable users.
2024-05-25 07:53:53.826 [info] Review+0> No matching pull request metadata found locally for current branch main
2024-05-25 07:53:53.861 [info] Review+0> No matching pull request metadata found on GitHub for current branch main
2024-05-25 07:54:51.703 [error] Error signing in to GitHub: Error: 4 DEADLINE_EXCEEDED: Deadline exceeded
2024-05-25 07:54:51.703 [error] Error: 4 DEADLINE_EXCEEDED: Deadline exceeded
	at t.callErrorFromStatus (/ide/extensions/gitpod-web/out/extension.js:2:271675)
	at Object.onReceiveStatus (/ide/extensions/gitpod-web/out/extension.js:2:296882)
	at Object.onReceiveStatus (/ide/extensions/gitpod-web/out/extension.js:2:292767)
	at Object.onReceiveStatus (/ide/extensions/gitpod-web/out/extension.js:2:292212)
	at /ide/extensions/gitpod-web/out/extension.js:2:376194
	at process.processTicksAndRejections (node:internal/process/task_queues:77:11)
for call at
	at a.makeUnaryRequest (/ide/extensions/gitpod-web/out/extension.js:2:296423)
	at a.getToken (/ide/extensions/gitpod-web/out/extension.js:2:361597)
	at node:internal/util:375:7
	at new Promise (<anonymous>)
	at bound  (node:internal/util:361:12)
	at A.getToken (/ide/extensions/gitpod-web/out/extension.js:2:1045235)
	at c.loginGitHub (/ide/extensions/gitpod-web/out/extension.js:2:1402967)
	at c.createSession (/ide/extensions/gitpod-web/out/extension.js:2:1403217)
	at E.$createSession (/ide/out/vs/workbench/api/node/extensionHostProcess.js:151:58387)
	at c.S (/ide/out/vs/workbench/api/node/extensionHostProcess.js:150:5505)
	at c.Q (/ide/out/vs/workbench/api/node/extensionHostProcess.js:150:5271)
	at c.M (/ide/out/vs/workbench/api/node/extensionHostProcess.js:150:4361)
	at c.L (/ide/out/vs/workbench/api/node/extensionHostProcess.js:150:3440)
	at a.value (/ide/out/vs/workbench/api/node/extensionHostProcess.js:150:2227)
	at o.y (/ide/out/vs/workbench/api/node/extensionHostProcess.js:82:660)
	at o.fire (/ide/out/vs/workbench/api/node/extensionHostProcess.js:82:877)
	at u.fire (/ide/out/vs/workbench/api/node/extensionHostProcess.js:107:14175)
	at a.value (/ide/out/vs/workbench/api/node/extensionHostProcess.js:176:8023)
	at o.y (/ide/out/vs/workbench/api/node/extensionHostProcess.js:82:660)
	at o.fire (/ide/out/vs/workbench/api/node/extensionHostProcess.js:82:877)
	at u.fire (/ide/out/vs/workbench/api/node/extensionHostProcess.js:107:14175)
	at r.z (/ide/out/vs/workbench/api/node/extensionHostProcess.js:107:17240)
	at a.value (/ide/out/vs/workbench/api/node/extensionHostProcess.js:107:15692)
	at o.y (/ide/out/vs/workbench/api/node/extensionHostProcess.js:82:660)
	at o.fire (/ide/out/vs/workbench/api/node/extensionHostProcess.js:82:877)
	at f.acceptChunk (/ide/out/vs/workbench/api/node/extensionHostProcess.js:107:11949)
	at a.value (/ide/out/vs/workbench/api/node/extensionHostProcess.js:107:11236)
	at o.y (/ide/out/vs/workbench/api/node/extensionHostProcess.js:82:660)
	at o.fire (/ide/out/vs/workbench/api/node/extensionHostProcess.js:82:877)
	at i.z (/ide/out/vs/workbench/api/node/extensionHostProcess.js:173:19712)
2024-05-25 07:54:51.704 [error] Error signing in to GitHub: Error: 4 DEADLINE_EXCEEDED: Deadline exceeded
2024-05-25 07:54:51.704 [error] Error: 4 DEADLINE_EXCEEDED: Deadline exceeded
	at t.callErrorFromStatus (/ide/extensions/gitpod-web/out/extension.js:2:271675)
	at Object.onReceiveStatus (/ide/extensions/gitpod-web/out/extension.js:2:296882)
	at Object.onReceiveStatus (/ide/extensions/gitpod-web/out/extension.js:2:292767)
	at Object.onReceiveStatus (/ide/extensions/gitpod-web/out/extension.js:2:292212)
	at /ide/extensions/gitpod-web/out/extension.js:2:376194
	at process.processTicksAndRejections (node:internal/process/task_queues:77:11)
for call at
	at a.makeUnaryRequest (/ide/extensions/gitpod-web/out/extension.js:2:296423)
	at a.getToken (/ide/extensions/gitpod-web/out/extension.js:2:361597)
	at node:internal/util:375:7
	at new Promise (<anonymous>)
	at bound  (node:internal/util:361:12)
	at A.getToken (/ide/extensions/gitpod-web/out/extension.js:2:1045235)
	at c.loginGitHub (/ide/extensions/gitpod-web/out/extension.js:2:1402967)
	at c.createSession (/ide/extensions/gitpod-web/out/extension.js:2:1403217)
	at E.$createSession (/ide/out/vs/workbench/api/node/extensionHostProcess.js:151:58387)
	at c.S (/ide/out/vs/workbench/api/node/extensionHostProcess.js:150:5505)
	at c.Q (/ide/out/vs/workbench/api/node/extensionHostProcess.js:150:5271)
	at c.M (/ide/out/vs/workbench/api/node/extensionHostProcess.js:150:4361)
	at c.L (/ide/out/vs/workbench/api/node/extensionHostProcess.js:150:3440)
	at a.value (/ide/out/vs/workbench/api/node/extensionHostProcess.js:150:2227)
	at o.y (/ide/out/vs/workbench/api/node/extensionHostProcess.js:82:660)
	at o.fire (/ide/out/vs/workbench/api/node/extensionHostProcess.js:82:877)
	at u.fire (/ide/out/vs/workbench/api/node/extensionHostProcess.js:107:14175)
	at a.value (/ide/out/vs/workbench/api/node/extensionHostProcess.js:176:8023)
	at o.y (/ide/out/vs/workbench/api/node/extensionHostProcess.js:82:660)
	at o.fire (/ide/out/vs/workbench/api/node/extensionHostProcess.js:82:877)
	at u.fire (/ide/out/vs/workbench/api/node/extensionHostProcess.js:107:14175)
	at r.z (/ide/out/vs/workbench/api/node/extensionHostProcess.js:107:17240)
	at a.value (/ide/out/vs/workbench/api/node/extensionHostProcess.js:107:15692)
	at o.y (/ide/out/vs/workbench/api/node/extensionHostProcess.js:82:660)
	at o.fire (/ide/out/vs/workbench/api/node/extensionHostProcess.js:82:877)
	at f.acceptChunk (/ide/out/vs/workbench/api/node/extensionHostProcess.js:107:11949)
	at a.value (/ide/out/vs/workbench/api/node/extensionHostProcess.js:107:11236)
	at o.y (/ide/out/vs/workbench/api/node/extensionHostProcess.js:82:660)
	at o.fire (/ide/out/vs/workbench/api/node/extensionHostProcess.js:82:877)
	at i.z (/ide/out/vs/workbench/api/node/extensionHostProcess.js:173:19712)
2024-05-25 07:55:06.192 [info] Review+0> Validate state in progress
2024-05-25 07:55:06.192 [info] Review+0> Validating state...
2024-05-25 07:55:06.430 [info] Found GitHub remote for folder /workspace/project
2024-05-25 07:55:06.431 [info] Using in-memory cached assignable users.
2024-05-25 07:55:06.455 [info] Review+0> No matching pull request metadata found locally for current branch main
2024-05-25 07:55:06.469 [info] Review+0> No matching pull request metadata found on GitHub for current branch main
2024-05-25 07:55:11.238 [info] Review+0> Validate state in progress
2024-05-25 07:55:11.238 [info] Review+0> Validating state...
2024-05-25 07:55:11.423 [info] Found GitHub remote for folder /workspace/project
2024-05-25 07:55:11.424 [info] Using in-memory cached assignable users.
2024-05-25 07:55:11.448 [info] Review+0> No matching pull request metadata found locally for current branch main
2024-05-25 07:55:11.462 [info] Review+0> No matching pull request metadata found on GitHub for current branch main
2024-05-25 07:55:16.279 [info] Review+0> Validate state in progress
2024-05-25 07:55:16.279 [info] Review+0> Validating state...
2024-05-25 07:55:16.473 [info] Found GitHub remote for folder /workspace/project
2024-05-25 07:55:16.474 [info] Using in-memory cached assignable users.
2024-05-25 07:55:16.497 [info] Review+0> No matching pull request metadata found locally for current branch main
2024-05-25 07:55:16.511 [info] Review+0> No matching pull request metadata found on GitHub for current branch main
2024-05-25 07:56:21.418 [info] Review+0> Validate state in progress
2024-05-25 07:56:21.418 [info] Review+0> Validating state...
2024-05-25 07:56:21.607 [info] Found GitHub remote for folder /workspace/project
2024-05-25 07:56:21.608 [info] Using in-memory cached assignable users.
2024-05-25 07:56:21.630 [info] Review+0> No matching pull request metadata found locally for current branch main
2024-05-25 07:56:21.644 [info] Review+0> No matching pull request metadata found on GitHub for current branch main
2024-05-25 07:56:59.228 [info] Review+0> Validate state in progress
2024-05-25 07:56:59.228 [info] Review+0> Validating state...
2024-05-25 07:56:59.416 [info] Found GitHub remote for folder /workspace/project
2024-05-25 07:56:59.417 [info] Using in-memory cached assignable users.
2024-05-25 07:56:59.442 [info] Review+0> No matching pull request metadata found locally for current branch main
2024-05-25 07:56:59.455 [info] Review+0> No matching pull request metadata found on GitHub for current branch main
2024-05-25 07:57:15.956 [info] Review+0> Validate state in progress
2024-05-25 07:57:15.956 [info] Review+0> Validating state...
2024-05-25 07:57:16.144 [info] Found GitHub remote for folder /workspace/project
2024-05-25 07:57:16.144 [info] Using in-memory cached assignable users.
2024-05-25 07:57:16.169 [info] Review+0> No matching pull request metadata found locally for current branch main
2024-05-25 07:57:16.182 [info] Review+0> No matching pull request metadata found on GitHub for current branch main
2024-05-25 07:57:48.764 [info] Review+0> Validate state in progress
2024-05-25 07:57:48.764 [info] Review+0> Validating state...
2024-05-25 07:57:48.958 [info] Found GitHub remote for folder /workspace/project
2024-05-25 07:57:48.958 [info] Using in-memory cached assignable users.
2024-05-25 07:57:48.982 [info] Review+0> No matching pull request metadata found locally for current branch main
2024-05-25 07:57:48.995 [info] Review+0> No matching pull request metadata found on GitHub for current branch main
2024-05-25 07:57:53.816 [info] Review+0> Validate state in progress
2024-05-25 07:57:53.816 [info] Review+0> Validating state...
2024-05-25 07:57:54.007 [info] Found GitHub remote for folder /workspace/project
2024-05-25 07:57:54.008 [info] Using in-memory cached assignable users.
2024-05-25 07:57:54.033 [info] Review+0> No matching pull request metadata found locally for current branch main
2024-05-25 07:57:54.047 [info] Review+0> No matching pull request metadata found on GitHub for current branch main
2024-05-25 07:58:16.008 [info] Review+0> Validate state in progress
2024-05-25 07:58:16.008 [info] Review+0> Validating state...
2024-05-25 07:58:16.202 [info] Found GitHub remote for folder /workspace/project
2024-05-25 07:58:16.203 [info] Using in-memory cached assignable users.
2024-05-25 07:58:16.227 [info] Review+0> No matching pull request metadata found locally for current branch main
2024-05-25 07:58:16.242 [info] Review+0> No matching pull request metadata found on GitHub for current branch main
2024-05-25 07:58:34.910 [info] Review+0> Validate state in progress
2024-05-25 07:58:34.910 [info] Review+0> Validating state...
2024-05-25 07:58:35.100 [info] Found GitHub remote for folder /workspace/project
2024-05-25 07:58:35.101 [info] Using in-memory cached assignable users.
2024-05-25 07:58:35.129 [info] Review+0> No matching pull request metadata found locally for current branch main
2024-05-25 07:58:35.146 [info] Review+0> No matching pull request metadata found on GitHub for current branch main
2024-05-25 07:58:44.994 [info] Review+0> Validate state in progress
2024-05-25 07:58:44.994 [info] Review+0> Validating state...
2024-05-25 07:58:45.186 [info] Found GitHub remote for folder /workspace/project
2024-05-25 07:58:45.187 [info] Using in-memory cached assignable users.
2024-05-25 07:58:45.210 [info] Review+0> No matching pull request metadata found locally for current branch main
2024-05-25 07:58:45.223 [info] Review+0> No matching pull request metadata found on GitHub for current branch main
2024-05-25 08:00:31.913 [info] Review+0> Validate state in progress
2024-05-25 08:00:31.913 [info] Review+0> Validating state...
2024-05-25 08:00:32.102 [info] Found GitHub remote for folder /workspace/project
2024-05-25 08:00:32.102 [info] Using in-memory cached assignable users.
2024-05-25 08:00:32.127 [info] Review+0> No matching pull request metadata found locally for current branch main
2024-05-25 08:00:32.140 [info] Review+0> No matching pull request metadata found on GitHub for current branch main
2024-05-25 08:00:36.955 [info] Review+0> Validate state in progress
2024-05-25 08:00:36.955 [info] Review+0> Validating state...
2024-05-25 08:00:37.456 [info] Found GitHub remote for folder /workspace/project
2024-05-25 08:00:37.456 [info] Using in-memory cached assignable users.
2024-05-25 08:00:37.481 [info] Review+0> No matching pull request metadata found locally for current branch main
2024-05-25 08:00:37.494 [info] Review+0> No matching pull request metadata found on GitHub for current branch main
2024-05-25 08:01:28.665 [info] Review+0> Validate state in progress
2024-05-25 08:01:28.665 [info] Review+0> Validating state...
2024-05-25 08:01:28.863 [info] Found GitHub remote for folder /workspace/project
2024-05-25 08:01:28.863 [info] Using in-memory cached assignable users.
2024-05-25 08:01:28.888 [info] Review+0> No matching pull request metadata found locally for current branch main
2024-05-25 08:01:28.902 [info] Review+0> No matching pull request metadata found on GitHub for current branch main
2024-05-25 08:01:33.707 [info] Review+0> Validate state in progress
2024-05-25 08:01:33.707 [info] Review+0> Validating state...
2024-05-25 08:01:33.892 [info] Found GitHub remote for folder /workspace/project
2024-05-25 08:01:33.892 [info] Using in-memory cached assignable users.
2024-05-25 08:01:33.916 [info] Review+0> No matching pull request metadata found locally for current branch main
2024-05-25 08:01:33.930 [info] Review+0> No matching pull request metadata found on GitHub for current branch main
2024-05-25 08:01:38.749 [info] Review+0> Validate state in progress
2024-05-25 08:01:38.749 [info] Review+0> Validating state...
2024-05-25 08:01:38.938 [info] Found GitHub remote for folder /workspace/project
2024-05-25 08:01:38.938 [info] Using in-memory cached assignable users.
2024-05-25 08:01:38.966 [info] Review+0> No matching pull request metadata found locally for current branch main
2024-05-25 08:01:38.983 [info] Review+0> No matching pull request metadata found on GitHub for current branch main
2024-05-25 08:02:11.422 [info] Review+0> Validate state in progress
2024-05-25 08:02:11.422 [info] Review+0> Validating state...
2024-05-25 08:02:11.617 [info] Found GitHub remote for folder /workspace/project
2024-05-25 08:02:11.618 [info] Using in-memory cached assignable users.
2024-05-25 08:02:11.642 [info] Review+0> No matching pull request metadata found locally for current branch main
2024-05-25 08:02:11.655 [info] Review+0> No matching pull request metadata found on GitHub for current branch main
2024-05-25 08:02:18.477 [info] Review+0> Validate state in progress
2024-05-25 08:02:18.477 [info] Review+0> Validating state...
2024-05-25 08:02:18.665 [info] Found GitHub remote for folder /workspace/project
2024-05-25 08:02:18.665 [info] Using in-memory cached assignable users.
2024-05-25 08:02:18.688 [info] Review+0> No matching pull request metadata found locally for current branch main
2024-05-25 08:02:18.701 [info] Review+0> No matching pull request metadata found on GitHub for current branch main
2024-05-25 08:02:29.256 [info] Review+0> Validate state in progress
2024-05-25 08:02:29.256 [info] Review+0> Validating state...
2024-05-25 08:02:29.447 [info] Found GitHub remote for folder /workspace/project
2024-05-25 08:02:29.448 [info] Using in-memory cached assignable users.
2024-05-25 08:02:29.475 [info] Review+0> No matching pull request metadata found locally for current branch main
2024-05-25 08:02:29.492 [info] Review+0> No matching pull request metadata found on GitHub for current branch main
2024-05-25 08:02:34.297 [info] Review+0> Validate state in progress
2024-05-25 08:02:34.297 [info] Review+0> Validating state...
2024-05-25 08:02:34.490 [info] Found GitHub remote for folder /workspace/project
2024-05-25 08:02:34.491 [info] Using in-memory cached assignable users.
2024-05-25 08:02:34.516 [info] Review+0> No matching pull request metadata found locally for current branch main
2024-05-25 08:02:34.530 [info] Review+0> No matching pull request metadata found on GitHub for current branch main
2024-05-25 08:04:16.551 [info] Review+0> Validate state in progress
2024-05-25 08:04:16.552 [info] Review+0> Validating state...
2024-05-25 08:04:16.742 [info] Found GitHub remote for folder /workspace/project
2024-05-25 08:04:16.743 [info] Using in-memory cached assignable users.
2024-05-25 08:04:16.769 [info] Review+0> No matching pull request metadata found locally for current branch main
2024-05-25 08:04:16.785 [info] Review+0> No matching pull request metadata found on GitHub for current branch main
2024-05-25 08:04:21.595 [info] Review+0> Validate state in progress
2024-05-25 08:04:21.595 [info] Review+0> Validating state...
2024-05-25 08:04:21.780 [info] Found GitHub remote for folder /workspace/project
2024-05-25 08:04:21.781 [info] Using in-memory cached assignable users.
2024-05-25 08:04:21.805 [info] Review+0> No matching pull request metadata found locally for current branch main
2024-05-25 08:04:21.820 [info] Review+0> No matching pull request metadata found on GitHub for current branch main
2024-05-25 08:04:32.891 [info] Review+0> Validate state in progress
2024-05-25 08:04:32.891 [info] Review+0> Validating state...
2024-05-25 08:04:33.082 [info] Found GitHub remote for folder /workspace/project
2024-05-25 08:04:33.083 [info] Using in-memory cached assignable users.
2024-05-25 08:04:33.108 [info] Review+0> No matching pull request metadata found locally for current branch main
2024-05-25 08:04:33.122 [info] Review+0> No matching pull request metadata found on GitHub for current branch main
2024-05-25 08:04:42.971 [info] Review+0> Validate state in progress
2024-05-25 08:04:42.971 [info] Review+0> Validating state...
2024-05-25 08:04:43.172 [info] Found GitHub remote for folder /workspace/project
2024-05-25 08:04:43.172 [info] Using in-memory cached assignable users.
2024-05-25 08:04:43.195 [info] Review+0> No matching pull request metadata found locally for current branch main
2024-05-25 08:04:43.209 [info] Review+0> No matching pull request metadata found on GitHub for current branch main
2024-05-25 08:05:38.906 [info] Review+0> Validate state in progress
2024-05-25 08:05:38.906 [info] Review+0> Validating state...
2024-05-25 08:05:39.126 [info] Found GitHub remote for folder /workspace/project
2024-05-25 08:05:39.126 [info] Using in-memory cached assignable users.
2024-05-25 08:05:39.152 [info] Review+0> No matching pull request metadata found locally for current branch main
2024-05-25 08:05:39.170 [info] Review+0> No matching pull request metadata found on GitHub for current branch main
2024-05-25 08:05:43.953 [info] Review+0> Validate state in progress
2024-05-25 08:05:43.953 [info] Review+0> Validating state...
2024-05-25 08:05:44.153 [info] Found GitHub remote for folder /workspace/project
2024-05-25 08:05:44.154 [info] Using in-memory cached assignable users.
2024-05-25 08:05:44.181 [info] Review+0> No matching pull request metadata found locally for current branch main
2024-05-25 08:05:44.195 [info] Review+0> No matching pull request metadata found on GitHub for current branch main
2024-05-25 08:05:49.001 [info] Review+0> Validate state in progress
2024-05-25 08:05:49.001 [info] Review+0> Validating state...
2024-05-25 08:05:49.199 [info] Found GitHub remote for folder /workspace/project
2024-05-25 08:05:49.199 [info] Using in-memory cached assignable users.
2024-05-25 08:05:49.228 [info] Review+0> No matching pull request metadata found locally for current branch main
2024-05-25 08:05:49.242 [info] Review+0> No matching pull request metadata found on GitHub for current branch main
2024-05-25 08:05:54.045 [info] Review+0> Validate state in progress
2024-05-25 08:05:54.045 [info] Review+0> Validating state...
2024-05-25 08:05:54.250 [info] Found GitHub remote for folder /workspace/project
2024-05-25 08:05:54.250 [info] Using in-memory cached assignable users.
2024-05-25 08:05:54.276 [info] Review+0> No matching pull request metadata found locally for current branch main
2024-05-25 08:05:54.290 [info] Review+0> No matching pull request metadata found on GitHub for current branch main
2024-05-25 08:06:12.114 [info] Review+0> Validate state in progress
2024-05-25 08:06:12.114 [info] Review+0> Validating state...
2024-05-25 08:06:12.309 [info] Found GitHub remote for folder /workspace/project
2024-05-25 08:06:12.310 [info] Using in-memory cached assignable users.
2024-05-25 08:06:12.334 [info] Review+0> No matching pull request metadata found locally for current branch main
2024-05-25 08:06:12.347 [info] Review+0> No matching pull request metadata found on GitHub for current branch main
2024-05-25 08:06:17.156 [info] Review+0> Validate state in progress
2024-05-25 08:06:17.156 [info] Review+0> Validating state...
2024-05-25 08:06:17.358 [info] Found GitHub remote for folder /workspace/project
2024-05-25 08:06:17.358 [info] Using in-memory cached assignable users.
2024-05-25 08:06:17.383 [info] Review+0> No matching pull request metadata found locally for current branch main
2024-05-25 08:06:17.398 [info] Review+0> No matching pull request metadata found on GitHub for current branch main
2024-05-25 08:06:22.204 [info] Review+0> Validate state in progress
2024-05-25 08:06:22.204 [info] Review+0> Validating state...
2024-05-25 08:06:22.402 [info] Found GitHub remote for folder /workspace/project
2024-05-25 08:06:22.402 [info] Using in-memory cached assignable users.
2024-05-25 08:06:22.433 [info] Review+0> No matching pull request metadata found locally for current branch main
2024-05-25 08:06:22.453 [info] Review+0> No matching pull request metadata found on GitHub for current branch main
2024-05-25 08:06:49.259 [info] Review+0> Validate state in progress
2024-05-25 08:06:49.259 [info] Review+0> Validating state...
2024-05-25 08:06:49.453 [info] Found GitHub remote for folder /workspace/project
2024-05-25 08:06:49.454 [info] Using in-memory cached assignable users.
2024-05-25 08:06:49.481 [info] Review+0> No matching pull request metadata found locally for current branch main
2024-05-25 08:06:49.498 [info] Review+0> No matching pull request metadata found on GitHub for current branch main
2024-05-25 08:06:54.309 [info] Review+0> Validate state in progress
2024-05-25 08:06:54.309 [info] Review+0> Validating state...
2024-05-25 08:06:54.503 [info] Found GitHub remote for folder /workspace/project
2024-05-25 08:06:54.504 [info] Using in-memory cached assignable users.
2024-05-25 08:06:54.529 [info] Review+0> No matching pull request metadata found locally for current branch main
2024-05-25 08:06:54.543 [info] Review+0> No matching pull request metadata found on GitHub for current branch main
2024-05-25 08:06:59.351 [info] Review+0> Validate state in progress
2024-05-25 08:06:59.351 [info] Review+0> Validating state...
2024-05-25 08:06:59.549 [info] Found GitHub remote for folder /workspace/project
2024-05-25 08:06:59.549 [info] Using in-memory cached assignable users.
2024-05-25 08:06:59.576 [info] Review+0> No matching pull request metadata found locally for current branch main
2024-05-25 08:06:59.592 [info] Review+0> No matching pull request metadata found on GitHub for current branch main
2024-05-25 08:07:34.653 [info] Review+0> Validate state in progress
2024-05-25 08:07:34.653 [info] Review+0> Validating state...
2024-05-25 08:07:34.851 [info] Found GitHub remote for folder /workspace/project
2024-05-25 08:07:34.852 [info] Using in-memory cached assignable users.
2024-05-25 08:07:34.876 [info] Review+0> No matching pull request metadata found locally for current branch main
2024-05-25 08:07:34.889 [info] Review+0> No matching pull request metadata found on GitHub for current branch main
2024-05-25 08:07:59.861 [info] Review+0> Validate state in progress
2024-05-25 08:07:59.861 [info] Review+0> Validating state...
2024-05-25 08:08:00.059 [info] Found GitHub remote for folder /workspace/project
2024-05-25 08:08:00.060 [info] Using in-memory cached assignable users.
2024-05-25 08:08:00.088 [info] Review+0> No matching pull request metadata found locally for current branch main
2024-05-25 08:08:00.105 [info] Review+0> No matching pull request metadata found on GitHub for current branch main
2024-05-25 08:08:09.942 [info] Review+0> Validate state in progress
2024-05-25 08:08:09.942 [info] Review+0> Validating state...
2024-05-25 08:08:10.239 [info] Found GitHub remote for folder /workspace/project
2024-05-25 08:08:10.239 [info] Using in-memory cached assignable users.
2024-05-25 08:08:10.265 [info] Review+0> No matching pull request metadata found locally for current branch main
2024-05-25 08:08:10.281 [info] Review+0> No matching pull request metadata found on GitHub for current branch main
2024-05-25 08:08:22.852 [info] Review+0> Validate state in progress
2024-05-25 08:08:22.852 [info] Review+0> Validating state...
2024-05-25 08:08:23.049 [info] Found GitHub remote for folder /workspace/project
2024-05-25 08:08:23.049 [info] Using in-memory cached assignable users.
2024-05-25 08:08:23.071 [info] Review+0> No matching pull request metadata found locally for current branch main
2024-05-25 08:08:23.084 [info] Review+0> No matching pull request metadata found on GitHub for current branch main
2024-05-25 08:08:27.900 [info] Review+0> Validate state in progress
2024-05-25 08:08:27.900 [info] Review+0> Validating state...
2024-05-25 08:08:28.094 [info] Found GitHub remote for folder /workspace/project
2024-05-25 08:08:28.094 [info] Using in-memory cached assignable users.
2024-05-25 08:08:28.117 [info] Review+0> No matching pull request metadata found locally for current branch main
2024-05-25 08:08:28.130 [info] Review+0> No matching pull request metadata found on GitHub for current branch main
2024-05-25 08:08:32.944 [info] Review+0> Validate state in progress
2024-05-25 08:08:32.944 [info] Review+0> Validating state...
2024-05-25 08:08:33.146 [info] Found GitHub remote for folder /workspace/project
2024-05-25 08:08:33.146 [info] Using in-memory cached assignable users.
2024-05-25 08:08:33.173 [info] Review+0> No matching pull request metadata found locally for current branch main
2024-05-25 08:08:33.190 [info] Review+0> No matching pull request metadata found on GitHub for current branch main
2024-05-25 08:08:42.366 [info] Review+0> Validate state in progress
2024-05-25 08:08:42.366 [info] Review+0> Validating state...
2024-05-25 08:08:42.568 [info] Found GitHub remote for folder /workspace/project
2024-05-25 08:08:42.569 [info] Using in-memory cached assignable users.
2024-05-25 08:08:42.593 [info] Review+0> No matching pull request metadata found locally for current branch main
2024-05-25 08:08:42.610 [info] Review+0> No matching pull request metadata found on GitHub for current branch main
2024-05-25 08:08:47.412 [info] Review+0> Validate state in progress
2024-05-25 08:08:47.412 [info] Review+0> Validating state...
2024-05-25 08:08:47.609 [info] Found GitHub remote for folder /workspace/project
2024-05-25 08:08:47.610 [info] Using in-memory cached assignable users.
2024-05-25 08:08:47.633 [info] Review+0> No matching pull request metadata found locally for current branch main
2024-05-25 08:08:47.646 [info] Review+0> No matching pull request metadata found on GitHub for current branch main
2024-05-25 08:09:34.473 [info] Review+0> Validate state in progress
2024-05-25 08:09:34.473 [info] Review+0> Validating state...
2024-05-25 08:09:34.680 [info] Found GitHub remote for folder /workspace/project
2024-05-25 08:09:34.680 [info] Using in-memory cached assignable users.
2024-05-25 08:09:34.717 [info] Review+0> No matching pull request metadata found locally for current branch main
2024-05-25 08:09:34.741 [info] Review+0> No matching pull request metadata found on GitHub for current branch main
2024-05-25 08:09:39.544 [info] Review+0> Validate state in progress
2024-05-25 08:09:39.544 [info] Review+0> Validating state...
2024-05-25 08:09:39.748 [info] Found GitHub remote for folder /workspace/project
2024-05-25 08:09:39.748 [info] Using in-memory cached assignable users.
2024-05-25 08:09:39.787 [info] Review+0> No matching pull request metadata found locally for current branch main
2024-05-25 08:09:39.812 [info] Review+0> No matching pull request metadata found on GitHub for current branch main
2024-05-25 08:09:44.604 [info] Review+0> Validate state in progress
2024-05-25 08:09:44.604 [info] Review+0> Validating state...
2024-05-25 08:09:44.807 [info] Found GitHub remote for folder /workspace/project
2024-05-25 08:09:44.808 [info] Using in-memory cached assignable users.
2024-05-25 08:09:44.847 [info] Review+0> No matching pull request metadata found locally for current branch main
2024-05-25 08:09:44.868 [info] Review+0> No matching pull request metadata found on GitHub for current branch main
2024-05-25 08:09:49.673 [info] Review+0> Validate state in progress
2024-05-25 08:09:49.673 [info] Review+0> Validating state...
2024-05-25 08:09:49.930 [info] Found GitHub remote for folder /workspace/project
2024-05-25 08:09:49.931 [info] Using in-memory cached assignable users.
2024-05-25 08:09:49.965 [info] Review+0> No matching pull request metadata found locally for current branch main
2024-05-25 08:09:49.988 [info] Review+0> No matching pull request metadata found on GitHub for current branch main
2024-05-25 08:09:54.723 [info] Review+0> Validate state in progress
2024-05-25 08:09:54.723 [info] Review+0> Validating state...
2024-05-25 08:09:54.930 [info] Found GitHub remote for folder /workspace/project
2024-05-25 08:09:54.931 [info] Using in-memory cached assignable users.
2024-05-25 08:09:54.958 [info] Review+0> No matching pull request metadata found locally for current branch main
2024-05-25 08:09:54.974 [info] Review+0> No matching pull request metadata found on GitHub for current branch main
2024-05-25 08:10:04.805 [info] Review+0> Validate state in progress
2024-05-25 08:10:04.805 [info] Review+0> Validating state...
2024-05-25 08:10:05.014 [info] Found GitHub remote for folder /workspace/project
2024-05-25 08:10:05.015 [info] Using in-memory cached assignable users.
2024-05-25 08:10:05.050 [info] Review+0> No matching pull request metadata found locally for current branch main
2024-05-25 08:10:05.066 [info] Review+0> No matching pull request metadata found on GitHub for current branch main
2024-05-25 08:10:09.846 [info] Review+0> Validate state in progress
2024-05-25 08:10:09.846 [info] Review+0> Validating state...
2024-05-25 08:10:10.055 [info] Found GitHub remote for folder /workspace/project
2024-05-25 08:10:10.055 [info] Using in-memory cached assignable users.
2024-05-25 08:10:10.083 [info] Review+0> No matching pull request metadata found locally for current branch main
2024-05-25 08:10:10.098 [info] Review+0> No matching pull request metadata found on GitHub for current branch main
2024-05-25 08:10:14.885 [info] Review+0> Validate state in progress
2024-05-25 08:10:14.885 [info] Review+0> Validating state...
2024-05-25 08:10:15.082 [info] Found GitHub remote for folder /workspace/project
2024-05-25 08:10:15.083 [info] Using in-memory cached assignable users.
2024-05-25 08:10:15.109 [info] Review+0> No matching pull request metadata found locally for current branch main
2024-05-25 08:10:15.125 [info] Review+0> No matching pull request metadata found on GitHub for current branch main
2024-05-25 08:10:24.967 [info] Review+0> Validate state in progress
2024-05-25 08:10:24.967 [info] Review+0> Validating state...
2024-05-25 08:10:25.171 [info] Found GitHub remote for folder /workspace/project
2024-05-25 08:10:25.171 [info] Using in-memory cached assignable users.
2024-05-25 08:10:25.195 [info] Review+0> No matching pull request metadata found locally for current branch main
2024-05-25 08:10:25.209 [info] Review+0> No matching pull request metadata found on GitHub for current branch main
2024-05-25 08:10:30.010 [info] Review+0> Validate state in progress
2024-05-25 08:10:30.010 [info] Review+0> Validating state...
2024-05-25 08:10:30.210 [info] Found GitHub remote for folder /workspace/project
2024-05-25 08:10:30.211 [info] Using in-memory cached assignable users.
2024-05-25 08:10:30.240 [info] Review+0> No matching pull request metadata found locally for current branch main
2024-05-25 08:10:30.256 [info] Review+0> No matching pull request metadata found on GitHub for current branch main
