2024-05-25 07:39:19.728 [info] Log level: Info
2024-05-25 07:39:19.728 [info] Validating found git in: "git"
2024-05-25 07:39:19.728 [info] Using git "2.43.0" from "git"
2024-05-25 07:39:19.728 [info] > git rev-parse --show-toplevel [59ms]
2024-05-25 07:39:19.728 [info] > git rev-parse --git-dir --git-common-dir [1ms]
2024-05-25 07:39:19.728 [info] Open repository: /workspace/project
2024-05-25 07:39:19.728 [info] > git rev-parse --show-toplevel [6ms]
2024-05-25 07:39:19.728 [info] > git config --get commit.template [14ms]
2024-05-25 07:39:19.728 [info] > git rev-parse --show-toplevel [14ms]
2024-05-25 07:39:19.728 [info] > git for-each-ref --format=%(refname)%00%(upstream:short)%00%(objectname)%00%(upstream:track)%00%(upstream:remotename)%00%(upstream:remoteref) refs/heads/main refs/remotes/main [10ms]
2024-05-25 07:39:19.728 [info] > git rev-parse --show-toplevel [9ms]
2024-05-25 07:39:19.728 [info] > git status -z -uall [3ms]
2024-05-25 07:39:19.728 [info] > git config --get commit.template [4ms]
2024-05-25 07:39:19.728 [info] > git for-each-ref --format=%(refname)%00%(upstream:short)%00%(objectname)%00%(upstream:track)%00%(upstream:remotename)%00%(upstream:remoteref) refs/heads/main refs/remotes/main [4ms]
2024-05-25 07:39:19.729 [info] > git status -z -uall [4ms]
2024-05-25 07:39:20.271 [info] > git check-ignore -v -z --stdin [2ms]
2024-05-25 07:39:23.988 [info] > git config --local branch.main.github-pr-owner-number [2ms]
2024-05-25 07:39:23.988 [warning] git config failed: Failed to execute git
2024-05-25 07:39:24.003 [info] > git config --local branch.main.remote [1ms]
2024-05-25 07:39:24.003 [warning] git config failed: Failed to execute git
2024-05-25 07:39:24.017 [info] > git config --local branch.main.merge [2ms]
2024-05-25 07:39:24.017 [warning] git config failed: Failed to execute git
2024-05-25 07:39:32.249 [info] > git config --get commit.template [10ms]
2024-05-25 07:39:32.249 [info] > git for-each-ref --format=%(refname)%00%(upstream:short)%00%(objectname)%00%(upstream:track)%00%(upstream:remotename)%00%(upstream:remoteref) refs/heads/main refs/remotes/main [2ms]
2024-05-25 07:39:32.263 [info] > git status -z -uall [4ms]
2024-05-25 07:39:57.853 [info] > git config --get commit.template [10ms]
2024-05-25 07:39:57.854 [info] > git for-each-ref --format=%(refname)%00%(upstream:short)%00%(objectname)%00%(upstream:track)%00%(upstream:remotename)%00%(upstream:remoteref) refs/heads/main refs/remotes/main [2ms]
2024-05-25 07:39:57.867 [info] > git status -z -uall [4ms]
2024-05-25 07:40:03.761 [info] > git config --get commit.template [10ms]
2024-05-25 07:40:03.762 [info] > git for-each-ref --format=%(refname)%00%(upstream:short)%00%(objectname)%00%(upstream:track)%00%(upstream:remotename)%00%(upstream:remoteref) refs/heads/main refs/remotes/main [2ms]
2024-05-25 07:40:03.774 [info] > git status -z -uall [4ms]
2024-05-25 07:40:15.024 [info] > git config --get commit.template [11ms]
2024-05-25 07:40:15.025 [info] > git for-each-ref --format=%(refname)%00%(upstream:short)%00%(objectname)%00%(upstream:track)%00%(upstream:remotename)%00%(upstream:remoteref) refs/heads/main refs/remotes/main [2ms]
2024-05-25 07:40:15.038 [info] > git status -z -uall [3ms]
2024-05-25 07:40:20.066 [info] > git config --get commit.template [11ms]
2024-05-25 07:40:20.068 [info] > git for-each-ref --format=%(refname)%00%(upstream:short)%00%(objectname)%00%(upstream:track)%00%(upstream:remotename)%00%(upstream:remoteref) refs/heads/main refs/remotes/main [2ms]
2024-05-25 07:40:20.081 [info] > git status -z -uall [3ms]
2024-05-25 07:40:25.111 [info] > git config --get commit.template [12ms]
2024-05-25 07:40:25.112 [info] > git for-each-ref --format=%(refname)%00%(upstream:short)%00%(objectname)%00%(upstream:track)%00%(upstream:remotename)%00%(upstream:remoteref) refs/heads/main refs/remotes/main [2ms]
2024-05-25 07:40:25.127 [info] > git status -z -uall [4ms]
2024-05-25 07:40:31.828 [info] > git config --get commit.template [10ms]
2024-05-25 07:40:31.829 [info] > git for-each-ref --format=%(refname)%00%(upstream:short)%00%(objectname)%00%(upstream:track)%00%(upstream:remotename)%00%(upstream:remoteref) refs/heads/main refs/remotes/main [2ms]
2024-05-25 07:40:31.842 [info] > git status -z -uall [4ms]
2024-05-25 07:42:30.156 [info] > git config --get commit.template [13ms]
2024-05-25 07:42:30.157 [info] > git for-each-ref --format=%(refname)%00%(upstream:short)%00%(objectname)%00%(upstream:track)%00%(upstream:remotename)%00%(upstream:remoteref) refs/heads/main refs/remotes/main [2ms]
2024-05-25 07:42:30.170 [info] > git status -z -uall [3ms]
2024-05-25 07:42:35.199 [info] > git config --get commit.template [11ms]
2024-05-25 07:42:35.200 [info] > git for-each-ref --format=%(refname)%00%(upstream:short)%00%(objectname)%00%(upstream:track)%00%(upstream:remotename)%00%(upstream:remoteref) refs/heads/main refs/remotes/main [2ms]
2024-05-25 07:42:35.213 [info] > git status -z -uall [4ms]
2024-05-25 07:42:40.246 [info] > git config --get commit.template [13ms]
2024-05-25 07:42:40.246 [info] > git for-each-ref --format=%(refname)%00%(upstream:short)%00%(objectname)%00%(upstream:track)%00%(upstream:remotename)%00%(upstream:remoteref) refs/heads/main refs/remotes/main [2ms]
2024-05-25 07:42:40.262 [info] > git status -z -uall [5ms]
2024-05-25 07:42:45.291 [info] > git config --get commit.template [12ms]
2024-05-25 07:42:45.292 [info] > git for-each-ref --format=%(refname)%00%(upstream:short)%00%(objectname)%00%(upstream:track)%00%(upstream:remotename)%00%(upstream:remoteref) refs/heads/main refs/remotes/main [2ms]
2024-05-25 07:42:45.304 [info] > git status -z -uall [3ms]
2024-05-25 07:42:54.942 [info] > git config --get commit.template [14ms]
2024-05-25 07:42:54.942 [info] > git for-each-ref --format=%(refname)%00%(upstream:short)%00%(objectname)%00%(upstream:track)%00%(upstream:remotename)%00%(upstream:remoteref) refs/heads/main refs/remotes/main [2ms]
2024-05-25 07:42:54.958 [info] > git status -z -uall [3ms]
2024-05-25 07:43:12.245 [info] > git for-each-ref --format=%(refname)%00%(upstream:short)%00%(objectname)%00%(upstream:track)%00%(upstream:remotename)%00%(upstream:remoteref) refs/heads/main refs/remotes/main [2ms]
2024-05-25 07:43:12.262 [info] > git status -z -uall [4ms]
2024-05-25 07:43:12.487 [info] > git config --local branch.main.github-pr-owner-number [4ms]
2024-05-25 07:43:12.487 [warning] git config failed: Failed to execute git
2024-05-25 07:43:12.501 [info] > git config --local branch.main.remote [2ms]
2024-05-25 07:43:12.501 [warning] git config failed: Failed to execute git
2024-05-25 07:43:12.515 [info] > git config --local branch.main.merge [2ms]
2024-05-25 07:43:12.515 [warning] git config failed: Failed to execute git
2024-05-25 07:43:17.282 [info] > git for-each-ref --format=%(refname)%00%(upstream:short)%00%(objectname)%00%(upstream:track)%00%(upstream:remotename)%00%(upstream:remoteref) refs/heads/main refs/remotes/main [2ms]
2024-05-25 07:43:17.295 [info] > git status -z -uall [3ms]
2024-05-25 07:43:34.895 [info] > git for-each-ref --format=%(refname)%00%(upstream:short)%00%(objectname)%00%(upstream:track)%00%(upstream:remotename)%00%(upstream:remoteref) refs/heads/main refs/remotes/main [2ms]
2024-05-25 07:43:34.908 [info] > git status -z -uall [3ms]
2024-05-25 07:43:48.246 [info] > git for-each-ref --format=%(refname)%00%(upstream:short)%00%(objectname)%00%(upstream:track)%00%(upstream:remotename)%00%(upstream:remoteref) refs/heads/main refs/remotes/main [2ms]
2024-05-25 07:43:48.258 [info] > git status -z -uall [3ms]
2024-05-25 07:43:57.585 [info] > git for-each-ref --format=%(refname)%00%(upstream:short)%00%(objectname)%00%(upstream:track)%00%(upstream:remotename)%00%(upstream:remoteref) refs/heads/main refs/remotes/main [2ms]
2024-05-25 07:43:57.599 [info] > git status -z -uall [3ms]
2024-05-25 07:44:08.966 [info] > git for-each-ref --format=%(refname)%00%(upstream:short)%00%(objectname)%00%(upstream:track)%00%(upstream:remotename)%00%(upstream:remoteref) refs/heads/main refs/remotes/main [2ms]
2024-05-25 07:44:08.978 [info] > git status -z -uall [3ms]
2024-05-25 07:44:13.993 [info] > git for-each-ref --format=%(refname)%00%(upstream:short)%00%(objectname)%00%(upstream:track)%00%(upstream:remotename)%00%(upstream:remoteref) refs/heads/main refs/remotes/main [2ms]
2024-05-25 07:44:14.006 [info] > git status -z -uall [4ms]
2024-05-25 07:44:19.022 [info] > git for-each-ref --format=%(refname)%00%(upstream:short)%00%(objectname)%00%(upstream:track)%00%(upstream:remotename)%00%(upstream:remoteref) refs/heads/main refs/remotes/main [2ms]
2024-05-25 07:44:19.035 [info] > git status -z -uall [4ms]
2024-05-25 07:44:23.776 [info] > git config --local branch.main.github-pr-owner-number [1ms]
2024-05-25 07:44:23.777 [warning] git config failed: Failed to execute git
2024-05-25 07:44:33.367 [info] > git for-each-ref --format=%(refname)%00%(upstream:short)%00%(objectname)%00%(upstream:track)%00%(upstream:remotename)%00%(upstream:remoteref) refs/heads/main refs/remotes/main [2ms]
2024-05-25 07:44:33.380 [info] > git status -z -uall [3ms]
2024-05-25 07:44:47.398 [info] > git for-each-ref --format=%(refname)%00%(upstream:short)%00%(objectname)%00%(upstream:track)%00%(upstream:remotename)%00%(upstream:remoteref) refs/heads/main refs/remotes/main [2ms]
2024-05-25 07:44:47.413 [info] > git status -z -uall [4ms]
2024-05-25 07:44:58.254 [info] > git for-each-ref --format=%(refname)%00%(upstream:short)%00%(objectname)%00%(upstream:track)%00%(upstream:remotename)%00%(upstream:remoteref) refs/heads/main refs/remotes/main [2ms]
2024-05-25 07:44:58.269 [info] > git status -z -uall [4ms]
2024-05-25 07:45:09.779 [info] > git for-each-ref --format=%(refname)%00%(upstream:short)%00%(objectname)%00%(upstream:track)%00%(upstream:remotename)%00%(upstream:remoteref) refs/heads/main refs/remotes/main [2ms]
2024-05-25 07:45:09.792 [info] > git status -z -uall [3ms]
2024-05-25 07:45:14.809 [info] > git for-each-ref --format=%(refname)%00%(upstream:short)%00%(objectname)%00%(upstream:track)%00%(upstream:remotename)%00%(upstream:remoteref) refs/heads/main refs/remotes/main [2ms]
2024-05-25 07:45:14.823 [info] > git status -z -uall [3ms]
2024-05-25 07:45:19.840 [info] > git for-each-ref --format=%(refname)%00%(upstream:short)%00%(objectname)%00%(upstream:track)%00%(upstream:remotename)%00%(upstream:remoteref) refs/heads/main refs/remotes/main [2ms]
2024-05-25 07:45:19.855 [info] > git status -z -uall [3ms]
2024-05-25 07:45:24.873 [info] > git for-each-ref --format=%(refname)%00%(upstream:short)%00%(objectname)%00%(upstream:track)%00%(upstream:remotename)%00%(upstream:remoteref) refs/heads/main refs/remotes/main [2ms]
2024-05-25 07:45:24.885 [info] > git status -z -uall [3ms]
2024-05-25 07:45:35.493 [info] > git for-each-ref --format=%(refname)%00%(upstream:short)%00%(objectname)%00%(upstream:track)%00%(upstream:remotename)%00%(upstream:remoteref) refs/heads/main refs/remotes/main [2ms]
2024-05-25 07:45:35.507 [info] > git status -z -uall [4ms]
2024-05-25 07:45:40.522 [info] > git for-each-ref --format=%(refname)%00%(upstream:short)%00%(objectname)%00%(upstream:track)%00%(upstream:remotename)%00%(upstream:remoteref) refs/heads/main refs/remotes/main [2ms]
2024-05-25 07:45:40.534 [info] > git status -z -uall [3ms]
2024-05-25 07:45:43.689 [info] > git check-ignore -v -z --stdin [1ms]
