2024-05-25 05:22:16.039 [info] Log level: Info
2024-05-25 05:22:16.039 [info] VSCODE_MACHINE_ID: someValue.machineId
2024-05-25 05:22:16.039 [info] VSCODE_SESSION_ID: someValue.sessionId
2024-05-25 05:22:16.039 [info] VSCODE_VERSION: 1.89.1
2024-05-25 05:22:16.039 [info] VSCODE_APP_NAME: Gitpod Code
2024-05-25 05:22:16.039 [info] VSCODE_APP_HOST: Gitpod
2024-05-25 05:22:16.039 [info] VSCODE_UI_KIND: web
2024-05-25 05:22:16.039 [info] GITPOD_WORKSPACE_CONTEXT_URL: https://github.com/freeCodeCamp/learn-bash-by-building-a-boilerplate
2024-05-25 05:22:16.039 [info] GITPOD_INSTANCE_ID: 65b11b25-e93d-42ea-8eca-313b0ee63c39
2024-05-25 05:22:16.039 [info] GITPOD_WORKSPACE_URL: https://freecodecam-learnbashby-xrdgt2lz3wl.ws-us114.gitpod.io
2024-05-25 05:22:16.039 [info] Gitpod Web 7ff72a2
2024-05-25 05:22:16.039 [info] Reading sessions from keychain...
2024-05-25 05:22:16.246 [info] Getting sessions for all scopes...
2024-05-25 05:22:16.246 [info] Getting GitHub sessions for all scopes...
2024-05-25 05:22:16.246 [info] Getting sessions for function:accessCodeSyncStorage...
2024-05-25 05:22:16.247 [info] Got stored sessions!
2024-05-25 05:22:16.247 [info] Verified session with the following scopes: function:accessCodeSyncStorage function:closePort function:controlAdmission function:deleteEnvVar function:generateNewGitpodToken function:getDefaultWorkspaceImage function:getEnvVars function:getGitpodTokenScopes function:getIDToken function:getLoggedInUser function:getOpenPorts function:getSupportedWorkspaceClasses function:getTeams function:getToken function:getWorkspace function:getWorkspaceEnvVars function:getWorkspaceOwner function:getWorkspaceTimeout function:getWorkspaceUsers function:guessGitTokenScopes function:isWorkspaceOwner function:openPort function:sendHeartBeat function:setEnvVar function:setWorkspaceTimeout function:stopWorkspace function:takeSnapshot function:trackEvent function:updateGitStatus function:waitForSnapshot resource:contentBlob::*::create/get resource:envVar::freeCodeCamp/learn-bash-by-building-a-boilerplate::create/get/update/delete resource:gitpodToken::*::create resource:snapshot::ws-freecodecam-learnbashby-xrdgt2lz3wl::create resource:token::*::get resource:userStorage::*::create/get/update resource:workspace::freecodecam-learnbashby-xrdgt2lz3wl::get/update resource:workspaceInstance::65b11b25-e93d-42ea-8eca-313b0ee63c39::get/update/delete
2024-05-25 05:22:16.247 [info] Got 1 verified sessions.
2024-05-25 05:22:16.247 [info] Got 1 sessions for all scopes...
2024-05-25 05:22:16.247 [info] Got 1 sessions for function:accessCodeSyncStorage...
2024-05-25 05:22:16.339 [info] Got 1 GitHub sessions for all scopes...
2024-05-25 05:22:16.340 [info] Getting GitHub sessions for all scopes...
2024-05-25 05:22:16.340 [info] Got 1 GitHub sessions for all scopes...
2024-05-25 05:22:16.604 [info] Getting sessions for all scopes...
2024-05-25 05:22:16.604 [info] Got 1 sessions for all scopes...
2024-05-25 05:22:16.646 [info] Getting GitHub sessions for all scopes...
2024-05-25 05:22:16.646 [info] Got 1 GitHub sessions for all scopes...
2024-05-25 05:22:17.266 [info] Getting GitHub sessions for read:user,repo,user:email,workflow...
2024-05-25 05:22:17.266 [info] Got 0 GitHub sessions for read:user,repo,user:email,workflow...
2024-05-25 05:22:17.895 [info] Getting GitHub sessions for project,read:org,read:user,repo,user:email,workflow...
2024-05-25 05:22:17.895 [info] Got 0 GitHub sessions for project,read:org,read:user,repo,user:email,workflow...
2024-05-25 05:22:18.511 [info] Getting GitHub sessions for read:user,repo,user:email,workflow...
2024-05-25 05:22:18.511 [info] Got 0 GitHub sessions for read:user,repo,user:email,workflow...
2024-05-25 05:22:19.108 [info] Getting GitHub sessions for read:user,repo,user:email...
2024-05-25 05:22:19.108 [info] Got 0 GitHub sessions for read:user,repo,user:email...
2024-05-25 05:22:19.860 [info] Getting GitHub sessions for read:user,repo,user:email,workflow...
2024-05-25 05:22:19.860 [info] Got 0 GitHub sessions for read:user,repo,user:email,workflow...
