2024-05-25 07:39:21.099 [warning] /home/gitpod/.ssh/config: ENOENT: no such file or directory, open '/home/gitpod/.ssh/config'
2024-05-25 07:39:21.099 [info] Activation> Extension version: 0.88.1
2024-05-25 07:39:23.759 [info] Looking for git repository
2024-05-25 07:39:23.759 [info] Found 0 repositories during activation
2024-05-25 07:39:23.759 [info] Git repository found, initializing review manager and pr tree view.
2024-05-25 07:39:23.763 [info] Registering git provider
2024-05-25 07:39:23.763 [info] Review+0> Validate state in progress
2024-05-25 07:39:23.763 [info] Review+0> Validating state...
2024-05-25 07:39:23.969 [info] Found GitHub remote for folder /workspace/project
2024-05-25 07:39:23.971 [info] Trying to use globalState for assignableUsers.
2024-05-25 07:39:24.001 [info] Review+0> No matching pull request metadata found locally for current branch main
2024-05-25 07:39:24.018 [info] Review+0> No matching pull request metadata found on GitHub for current branch main
2024-05-25 07:39:24.192 [info] GlobalState does not exist for assignableUsers.
2024-05-25 07:39:32.268 [info] Repo state for file:///workspace/project changed.
2024-05-25 07:39:32.268 [info] Repo file:///workspace/project has already been setup.
2024-05-25 07:43:12.267 [info] Review+0> Validate state in progress
2024-05-25 07:43:12.267 [info] Review+0> Validating state...
2024-05-25 07:43:12.470 [info] Found GitHub remote for folder /workspace/project
2024-05-25 07:43:12.471 [info] Using in-memory cached assignable users.
2024-05-25 07:43:12.499 [info] Review+0> No matching pull request metadata found locally for current branch main
2024-05-25 07:43:12.516 [info] Review+0> No matching pull request metadata found on GitHub for current branch main
