coderoad v0.19.4
STATE: "Setup.Startup"
ROUTE: "Setup.Startup": On level unknown, step unknown
EDITOR_STARTUP
Continuing tutorial from progress: level 1230 step 1230.1
LOAD_STORED_TUTORIAL
EDITOR_TUTORIAL_CONTINUE_CONFIG
Tutorial: Learn Bash by Building a Boilerplate (2.0.0)
Command: ./freeCodeCamp/setup.sh
COMMAND_START
Calling command: ./freeCodeCamp/setup.sh
EDITOR_LEVEL_ENTER
EDITOR_STEP_ENTER
STATE: "Tutorial.Level.Load"
ROUTE: "Tutorial.Level.Load": On level 1230, step 1230.1
STATE: "Tutorial.Level.Normal"
ROUTE: "Tutorial.Level.Normal": On level 1230, step 1230.1
Calling command: git log -n 1 --pretty=format:%s c0b243b08835a4c63f6f4904bac8f21f81f4eee9
Calling command: git log -g --grep='1230.1'
Command output: 
COMMAND_SUCCESS
Command: ./freeCodeCamp/reset.sh
COMMAND_START
Calling command: ./freeCodeCamp/reset.sh
Calling command: git cherry-pick -X theirs c0b243b08835a4c63f6f4904bac8f21f81f4eee9
Command output: 
COMMAND_SUCCESS
cherry-pick-commit failed: Command failed: git cherry-pick -X theirs c0b243b08835a4c63f6f4904bac8f21f81f4eee9
error: Cherry-picking is not possible because you have unmerged files.
hint: Fix them up in the work tree, and then use 'git add/rm <file>'
hint: as appropriate to mark resolution and make a commit.
fatal: cherry-pick failed

Calling command: git stash --include-untracked
STATE: "Tutorial.Level.Normal"
ROUTE: "Tutorial.Level.Normal": On level 1230, step 1230.1
STATE: "Tutorial.Level.Normal"
ROUTE: "Tutorial.Level.Normal": On level 1230, step 1230.1
STATE: "Tutorial.Level.Normal"
ROUTE: "Tutorial.Level.Normal": On level 1230, step 1230.1
STATE: "Tutorial.Level.Normal"
ROUTE: "Tutorial.Level.Normal": On level 1230, step 1230.1
EDITOR_RUN_RESET_LATEST
Calling command: git init
STATE: "Tutorial.Reset"
ROUTE: "Tutorial.Reset": On level 1230, step 1230.1
Calling command: git branch --show-current
Calling command: git remote -v
Calling command: git checkout --orphan reset-orphan-branch
Error resetting: Command failed: git checkout --orphan reset-orphan-branch
error: you need to resolve your current index first

Command: ./freeCodeCamp/setup.sh
COMMAND_START
Calling command: ./freeCodeCamp/setup.sh
Command output: 
COMMAND_SUCCESS
Command: ./freeCodeCamp/reset.sh
COMMAND_START
Calling command: ./freeCodeCamp/reset.sh
Command output: 
COMMAND_SUCCESS
STATE: "Tutorial.Reset"
ROUTE: "Tutorial.Reset": On level 1230, step 1230.1
STATE: "Tutorial.Reset"
ROUTE: "Tutorial.Reset": On level 1230, step 1230.1
STATE: "Tutorial.Reset"
ROUTE: "Tutorial.Reset": On level 1230, step 1230.1
STATE: "Tutorial.Reset"
ROUTE: "Tutorial.Reset": On level 1230, step 1230.1
EDITOR_LEVEL_ENTER
EDITOR_STEP_ENTER
STATE: "Tutorial.Level.Load"
ROUTE: "Tutorial.Level.Load": On level 1230, step 1230.1
STATE: "Tutorial.Level.Normal"
ROUTE: "Tutorial.Level.Normal": On level 1230, step 1230.1
Calling command: git log -n 1 --pretty=format:%s c0b243b08835a4c63f6f4904bac8f21f81f4eee9
Calling command: git log -g --grep='1230.1'
Calling command: git cherry-pick -X theirs c0b243b08835a4c63f6f4904bac8f21f81f4eee9
cherry-pick-commit failed: Command failed: git cherry-pick -X theirs c0b243b08835a4c63f6f4904bac8f21f81f4eee9
error: Cherry-picking is not possible because you have unmerged files.
hint: Fix them up in the work tree, and then use 'git add/rm <file>'
hint: as appropriate to mark resolution and make a commit.
fatal: cherry-pick failed

Calling command: git stash --include-untracked
EDITOR_RUN_TEST
------------------- RUN TEST -------------------
START_TEST
COMMAND: npm run programmatic-test --reporter=mocha-tap-reporter
Calling command: npm run programmatic-test --reporter=mocha-tap-reporter
STATE: "Tutorial.Level.Normal"
ROUTE: "Tutorial.Level.Normal": On level 1230, step 1230.1
STATE: "Tutorial.Level.TestRunning"
ROUTE: "Tutorial.Level.TestRunning": On level 1230, step 1230.1
---------------- TEST RESULTS -----------------
TEST_FAIL
STATE: "Tutorial.Level.Normal"
ROUTE: "Tutorial.Level.Normal": On level 1230, step 1230.1
EDITOR_RUN_TEST
------------------- RUN TEST -------------------
START_TEST
COMMAND: npm run programmatic-test --reporter=mocha-tap-reporter
Calling command: npm run programmatic-test --reporter=mocha-tap-reporter
STATE: "Tutorial.Level.Normal"
ROUTE: "Tutorial.Level.Normal": On level 1230, step 1230.1
STATE: "Tutorial.Level.TestRunning"
ROUTE: "Tutorial.Level.TestRunning": On level 1230, step 1230.1
---------------- TEST RESULTS -----------------
TEST_FAIL
STATE: "Tutorial.Level.Normal"
ROUTE: "Tutorial.Level.Normal": On level 1230, step 1230.1
EDITOR_RUN_TEST
------------------- RUN TEST -------------------
START_TEST
COMMAND: npm run programmatic-test --reporter=mocha-tap-reporter
Calling command: npm run programmatic-test --reporter=mocha-tap-reporter
STATE: "Tutorial.Level.Normal"
ROUTE: "Tutorial.Level.Normal": On level 1230, step 1230.1
STATE: "Tutorial.Level.TestRunning"
ROUTE: "Tutorial.Level.TestRunning": On level 1230, step 1230.1
---------------- TEST RESULTS -----------------
TEST_FAIL
STATE: "Tutorial.Level.Normal"
ROUTE: "Tutorial.Level.Normal": On level 1230, step 1230.1
STATE: "Setup.Startup"
ROUTE: "Setup.Startup": On level unknown, step unknown
EDITOR_STARTUP
Continuing tutorial from progress: level 1230 step 1230.1
LOAD_STORED_TUTORIAL
EDITOR_TUTORIAL_CONTINUE_CONFIG
Tutorial: Learn Bash by Building a Boilerplate (2.0.0)
Command: ./freeCodeCamp/setup.sh
COMMAND_START
Calling command: ./freeCodeCamp/setup.sh
EDITOR_LEVEL_ENTER
EDITOR_STEP_ENTER
STATE: "Tutorial.Level.Load"
ROUTE: "Tutorial.Level.Load": On level 1230, step 1230.1
STATE: "Tutorial.Level.Normal"
ROUTE: "Tutorial.Level.Normal": On level 1230, step 1230.1
Calling command: git log -n 1 --pretty=format:%s c0b243b08835a4c63f6f4904bac8f21f81f4eee9
Calling command: git log -g --grep='1230.1'
Command output: 
COMMAND_SUCCESS
Command: ./freeCodeCamp/reset.sh
COMMAND_START
Calling command: ./freeCodeCamp/reset.sh
Calling command: git cherry-pick -X theirs c0b243b08835a4c63f6f4904bac8f21f81f4eee9
Command output: 
COMMAND_SUCCESS
cherry-pick-commit failed: Command failed: git cherry-pick -X theirs c0b243b08835a4c63f6f4904bac8f21f81f4eee9
error: Cherry-picking is not possible because you have unmerged files.
hint: Fix them up in the work tree, and then use 'git add/rm <file>'
hint: as appropriate to mark resolution and make a commit.
fatal: cherry-pick failed

Calling command: git stash --include-untracked
STATE: "Tutorial.Level.Normal"
ROUTE: "Tutorial.Level.Normal": On level 1230, step 1230.1
STATE: "Tutorial.Level.Normal"
ROUTE: "Tutorial.Level.Normal": On level 1230, step 1230.1
STATE: "Tutorial.Level.Normal"
ROUTE: "Tutorial.Level.Normal": On level 1230, step 1230.1
STATE: "Tutorial.Level.Normal"
ROUTE: "Tutorial.Level.Normal": On level 1230, step 1230.1
EDITOR_RUN_RESET_LATEST
Calling command: git init
STATE: "Tutorial.Reset"
ROUTE: "Tutorial.Reset": On level 1230, step 1230.1
Calling command: git branch --show-current
Calling command: git remote -v
Calling command: git checkout --orphan reset-orphan-branch
Error resetting: Command failed: git checkout --orphan reset-orphan-branch
error: you need to resolve your current index first

Command: ./freeCodeCamp/setup.sh
COMMAND_START
Calling command: ./freeCodeCamp/setup.sh
Command output: 
COMMAND_SUCCESS
Command: ./freeCodeCamp/reset.sh
COMMAND_START
Calling command: ./freeCodeCamp/reset.sh
Command output: 
COMMAND_SUCCESS
STATE: "Tutorial.Reset"
ROUTE: "Tutorial.Reset": On level 1230, step 1230.1
STATE: "Tutorial.Reset"
ROUTE: "Tutorial.Reset": On level 1230, step 1230.1
STATE: "Tutorial.Reset"
ROUTE: "Tutorial.Reset": On level 1230, step 1230.1
STATE: "Tutorial.Reset"
ROUTE: "Tutorial.Reset": On level 1230, step 1230.1
EDITOR_LEVEL_ENTER
EDITOR_STEP_ENTER
STATE: "Tutorial.Level.Load"
ROUTE: "Tutorial.Level.Load": On level 1230, step 1230.1
STATE: "Tutorial.Level.Normal"
ROUTE: "Tutorial.Level.Normal": On level 1230, step 1230.1
Calling command: git log -n 1 --pretty=format:%s c0b243b08835a4c63f6f4904bac8f21f81f4eee9
Calling command: git log -g --grep='1230.1'
Calling command: git cherry-pick -X theirs c0b243b08835a4c63f6f4904bac8f21f81f4eee9
cherry-pick-commit failed: Command failed: git cherry-pick -X theirs c0b243b08835a4c63f6f4904bac8f21f81f4eee9
error: Cherry-picking is not possible because you have unmerged files.
hint: Fix them up in the work tree, and then use 'git add/rm <file>'
hint: as appropriate to mark resolution and make a commit.
fatal: cherry-pick failed

Calling command: git stash --include-untracked
