2024-05-25 05:22:17.222 [warning] /home/gitpod/.ssh/config: ENOENT: no such file or directory, open '/home/gitpod/.ssh/config'
2024-05-25 05:22:17.222 [info] Activation> Extension version: 0.88.1
2024-05-25 05:22:20.058 [info] Looking for git repository
2024-05-25 05:22:20.058 [info] Found 0 repositories during activation
2024-05-25 05:22:20.058 [info] Git repository found, initializing review manager and pr tree view.
2024-05-25 05:22:20.062 [info] Registering git provider
2024-05-25 05:22:20.062 [info] Review+0> Validate state in progress
2024-05-25 05:22:20.062 [info] Review+0> Validating state...
2024-05-25 05:22:20.272 [info] Found GitHub remote for folder /workspace/project
2024-05-25 05:22:20.273 [info] Trying to use globalState for assignableUsers.
2024-05-25 05:22:20.299 [info] Review+0> No matching pull request metadata found locally for current branch main
2024-05-25 05:22:20.313 [info] Review+0> No matching pull request metadata found on GitHub for current branch main
2024-05-25 05:22:20.499 [info] GlobalState does not exist for assignableUsers.
2024-05-25 05:22:31.536 [info] Repo state for file:///workspace/project changed.
2024-05-25 05:22:31.536 [info] Repo file:///workspace/project has already been setup.
2024-05-25 05:25:02.712 [info] Review+0> Validate state in progress
2024-05-25 05:25:02.712 [info] Review+0> Validating state...
2024-05-25 05:25:02.936 [info] Found GitHub remote for folder /workspace/project
2024-05-25 05:25:02.937 [info] Using in-memory cached assignable users.
2024-05-25 05:25:02.959 [info] Review+0> No matching pull request metadata found locally for current branch main
2024-05-25 05:25:02.971 [info] Review+0> No matching pull request metadata found on GitHub for current branch main
2024-05-25 05:27:05.836 [info] Review+0> Validate state in progress
2024-05-25 05:27:05.836 [info] Review+0> Validating state...
2024-05-25 05:27:06.026 [info] Found GitHub remote for folder /workspace/project
2024-05-25 05:27:06.026 [info] Using in-memory cached assignable users.
2024-05-25 05:27:06.051 [info] Review+0> No matching pull request metadata found locally for current branch main
2024-05-25 05:27:06.065 [info] Review+0> No matching pull request metadata found on GitHub for current branch main
2024-05-25 05:27:10.876 [info] Review+0> Validate state in progress
2024-05-25 05:27:10.876 [info] Review+0> Validating state...
2024-05-25 05:27:11.899 [info] Found GitHub remote for folder /workspace/project
2024-05-25 05:27:11.899 [info] Using in-memory cached assignable users.
2024-05-25 05:27:11.921 [info] Review+0> No matching pull request metadata found locally for current branch main
2024-05-25 05:27:11.934 [info] Review+0> No matching pull request metadata found on GitHub for current branch main
2024-05-25 05:27:28.418 [info] Review+0> Validate state in progress
2024-05-25 05:27:28.418 [info] Review+0> Validating state...
2024-05-25 05:27:28.617 [info] Found GitHub remote for folder /workspace/project
2024-05-25 05:27:28.617 [info] Using in-memory cached assignable users.
2024-05-25 05:27:28.639 [info] Review+0> No matching pull request metadata found locally for current branch main
2024-05-25 05:27:28.651 [info] Review+0> No matching pull request metadata found on GitHub for current branch main
2024-05-25 05:27:33.457 [info] Review+0> Validate state in progress
2024-05-25 05:27:33.457 [info] Review+0> Validating state...
2024-05-25 05:27:33.654 [info] Found GitHub remote for folder /workspace/project
2024-05-25 05:27:33.656 [info] Using in-memory cached assignable users.
2024-05-25 05:27:33.680 [info] Review+0> No matching pull request metadata found locally for current branch main
2024-05-25 05:27:33.694 [info] Review+0> No matching pull request metadata found on GitHub for current branch main
2024-05-25 05:27:43.544 [info] Review+0> Validate state in progress
2024-05-25 05:27:43.544 [info] Review+0> Validating state...
2024-05-25 05:27:43.748 [info] Found GitHub remote for folder /workspace/project
2024-05-25 05:27:43.748 [info] Using in-memory cached assignable users.
2024-05-25 05:27:43.771 [info] Review+0> No matching pull request metadata found locally for current branch main
2024-05-25 05:27:43.783 [info] Review+0> No matching pull request metadata found on GitHub for current branch main
2024-05-25 05:28:07.606 [info] Review+0> Validate state in progress
2024-05-25 05:28:07.606 [info] Review+0> Validating state...
2024-05-25 05:28:07.797 [info] Found GitHub remote for folder /workspace/project
2024-05-25 05:28:07.798 [info] Using in-memory cached assignable users.
2024-05-25 05:28:07.822 [info] Review+0> No matching pull request metadata found locally for current branch main
2024-05-25 05:28:07.834 [info] Review+0> No matching pull request metadata found on GitHub for current branch main
2024-05-25 05:28:14.841 [info] Review+0> Validate state in progress
2024-05-25 05:28:14.841 [info] Review+0> Validating state...
2024-05-25 05:28:15.034 [info] Found GitHub remote for folder /workspace/project
2024-05-25 05:28:15.035 [info] Using in-memory cached assignable users.
2024-05-25 05:28:15.058 [info] Review+0> No matching pull request metadata found locally for current branch main
2024-05-25 05:28:15.071 [info] Review+0> No matching pull request metadata found on GitHub for current branch main
2024-05-25 05:29:43.206 [info] Review+0> Validate state in progress
2024-05-25 05:29:43.206 [info] Review+0> Validating state...
2024-05-25 05:29:43.426 [info] Found GitHub remote for folder /workspace/project
2024-05-25 05:29:43.426 [info] Using in-memory cached assignable users.
2024-05-25 05:29:43.460 [info] Review+0> No matching pull request metadata found locally for current branch main
2024-05-25 05:29:43.487 [info] Review+0> No matching pull request metadata found on GitHub for current branch main
2024-05-25 05:29:48.245 [info] Review+0> Validate state in progress
2024-05-25 05:29:48.245 [info] Review+0> Validating state...
2024-05-25 05:29:48.440 [info] Found GitHub remote for folder /workspace/project
2024-05-25 05:29:48.441 [info] Using in-memory cached assignable users.
2024-05-25 05:29:48.465 [info] Review+0> No matching pull request metadata found locally for current branch main
2024-05-25 05:29:48.477 [info] Review+0> No matching pull request metadata found on GitHub for current branch main
2024-05-25 05:29:58.895 [info] Review+0> Validate state in progress
2024-05-25 05:29:58.895 [info] Review+0> Validating state...
2024-05-25 05:29:59.092 [info] Found GitHub remote for folder /workspace/project
2024-05-25 05:29:59.093 [info] Using in-memory cached assignable users.
2024-05-25 05:29:59.114 [info] Review+0> No matching pull request metadata found locally for current branch main
2024-05-25 05:29:59.126 [info] Review+0> No matching pull request metadata found on GitHub for current branch main
2024-05-25 05:30:17.880 [info] Review+0> Validate state in progress
2024-05-25 05:30:17.880 [info] Review+0> Validating state...
2024-05-25 05:30:18.072 [info] Found GitHub remote for folder /workspace/project
2024-05-25 05:30:18.073 [info] Using in-memory cached assignable users.
2024-05-25 05:30:18.098 [info] Review+0> No matching pull request metadata found locally for current branch main
2024-05-25 05:30:18.114 [info] Review+0> No matching pull request metadata found on GitHub for current branch main
2024-05-25 05:31:20.926 [info] Review+0> Validate state in progress
2024-05-25 05:31:20.926 [info] Review+0> Validating state...
2024-05-25 05:31:21.123 [info] Found GitHub remote for folder /workspace/project
2024-05-25 05:31:21.123 [info] Using in-memory cached assignable users.
2024-05-25 05:31:21.148 [info] Review+0> No matching pull request metadata found locally for current branch main
2024-05-25 05:31:21.163 [info] Review+0> No matching pull request metadata found on GitHub for current branch main
2024-05-25 05:31:31.002 [info] Review+0> Validate state in progress
2024-05-25 05:31:31.002 [info] Review+0> Validating state...
2024-05-25 05:31:31.208 [info] Found GitHub remote for folder /workspace/project
2024-05-25 05:31:31.208 [info] Using in-memory cached assignable users.
2024-05-25 05:31:31.235 [info] Review+0> No matching pull request metadata found locally for current branch main
2024-05-25 05:31:31.250 [info] Review+0> No matching pull request metadata found on GitHub for current branch main
2024-05-25 05:31:41.757 [info] Review+0> Validate state in progress
2024-05-25 05:31:41.757 [info] Review+0> Validating state...
2024-05-25 05:31:41.992 [info] Found GitHub remote for folder /workspace/project
2024-05-25 05:31:41.993 [info] Using in-memory cached assignable users.
2024-05-25 05:31:42.018 [info] Review+0> No matching pull request metadata found locally for current branch main
2024-05-25 05:31:42.034 [info] Review+0> No matching pull request metadata found on GitHub for current branch main
2024-05-25 05:31:51.831 [info] Review+0> Validate state in progress
2024-05-25 05:31:51.831 [info] Review+0> Validating state...
2024-05-25 05:31:52.026 [info] Found GitHub remote for folder /workspace/project
2024-05-25 05:31:52.027 [info] Using in-memory cached assignable users.
2024-05-25 05:31:52.054 [info] Review+0> No matching pull request metadata found locally for current branch main
2024-05-25 05:31:52.069 [info] Review+0> No matching pull request metadata found on GitHub for current branch main
2024-05-25 05:33:13.587 [info] Review+0> Validate state in progress
2024-05-25 05:33:13.587 [info] Review+0> Validating state...
2024-05-25 05:33:13.776 [info] Found GitHub remote for folder /workspace/project
2024-05-25 05:33:13.776 [info] Using in-memory cached assignable users.
2024-05-25 05:33:13.802 [info] Review+0> No matching pull request metadata found locally for current branch main
2024-05-25 05:33:13.817 [info] Review+0> No matching pull request metadata found on GitHub for current branch main
2024-05-25 05:33:23.684 [info] Review+0> Validate state in progress
2024-05-25 05:33:23.684 [info] Review+0> Validating state...
2024-05-25 05:33:23.886 [info] Found GitHub remote for folder /workspace/project
2024-05-25 05:33:23.887 [info] Using in-memory cached assignable users.
2024-05-25 05:33:23.915 [info] Review+0> No matching pull request metadata found locally for current branch main
2024-05-25 05:33:23.932 [info] Review+0> No matching pull request metadata found on GitHub for current branch main
2024-05-25 05:34:51.836 [info] Review+0> Validate state in progress
2024-05-25 05:34:51.836 [info] Review+0> Validating state...
2024-05-25 05:34:52.275 [info] Found GitHub remote for folder /workspace/project
2024-05-25 05:34:52.275 [info] Using in-memory cached assignable users.
2024-05-25 05:34:52.298 [info] Review+0> No matching pull request metadata found locally for current branch main
2024-05-25 05:34:52.327 [info] Review+0> No matching pull request metadata found on GitHub for current branch main
2024-05-25 05:34:56.879 [info] Review+0> Validate state in progress
2024-05-25 05:34:56.879 [info] Review+0> Validating state...
2024-05-25 05:34:57.076 [info] Found GitHub remote for folder /workspace/project
2024-05-25 05:34:57.076 [info] Using in-memory cached assignable users.
2024-05-25 05:34:57.098 [info] Review+0> No matching pull request metadata found locally for current branch main
2024-05-25 05:34:57.110 [info] Review+0> No matching pull request metadata found on GitHub for current branch main
2024-05-25 05:35:54.079 [info] Review+0> Validate state in progress
2024-05-25 05:35:54.079 [info] Review+0> Validating state...
2024-05-25 05:35:54.271 [info] Found GitHub remote for folder /workspace/project
2024-05-25 05:35:54.272 [info] Using in-memory cached assignable users.
2024-05-25 05:35:54.295 [info] Review+0> No matching pull request metadata found locally for current branch main
2024-05-25 05:35:54.308 [info] Review+0> No matching pull request metadata found on GitHub for current branch main
2024-05-25 05:35:59.117 [info] Review+0> Validate state in progress
2024-05-25 05:35:59.117 [info] Review+0> Validating state...
2024-05-25 05:35:59.313 [info] Found GitHub remote for folder /workspace/project
2024-05-25 05:35:59.314 [info] Using in-memory cached assignable users.
2024-05-25 05:35:59.338 [info] Review+0> No matching pull request metadata found locally for current branch main
2024-05-25 05:35:59.350 [info] Review+0> No matching pull request metadata found on GitHub for current branch main
