2024-05-25 08:11:12.526 [info] Log level: Info
2024-05-25 08:11:12.554 [info] VSCODE_MACHINE_ID: 1a5af417-21a6-45b5-b66a-5c109b7a7f11
2024-05-25 08:11:12.554 [info] VSCODE_SESSION_ID: 927ba67d-eb21-4bef-9c76-8f116c7868861716624666790
2024-05-25 08:11:12.554 [info] VSCODE_VERSION: 1.89.1
2024-05-25 08:11:12.554 [info] VSCODE_APP_NAME: Gitpod Code
2024-05-25 08:11:12.554 [info] VSCODE_APP_HOST: Gitpod
2024-05-25 08:11:12.554 [info] VSCODE_UI_KIND: web
2024-05-25 08:11:12.554 [info] GITPOD_WORKSPACE_CONTEXT_URL: https://github.com/freeCodeCamp/learn-bash-by-building-a-boilerplate
2024-05-25 08:11:12.554 [info] GITPOD_INSTANCE_ID: 18441669-69bb-4840-90b0-6c8845c4ca90
2024-05-25 08:11:12.554 [info] GITPOD_WORKSPACE_URL: https://freecodecam-learnbashby-xrdgt2lz3wl.ws-us114.gitpod.io
2024-05-25 08:11:12.567 [info] Gitpod Web 7ff72a2
2024-05-25 08:11:12.567 [info] Reading sessions from keychain...
2024-05-25 08:11:12.805 [info] Getting sessions for all scopes...
2024-05-25 08:11:12.805 [info] Getting GitHub sessions for all scopes...
2024-05-25 08:11:12.805 [info] Getting sessions for function:accessCodeSyncStorage...
2024-05-25 08:11:12.805 [info] Got 1 GitHub sessions for all scopes...
2024-05-25 08:11:12.806 [info] Got stored sessions!
2024-05-25 08:11:12.806 [info] Verified session with the following scopes: function:accessCodeSyncStorage function:closePort function:controlAdmission function:deleteEnvVar function:generateNewGitpodToken function:getDefaultWorkspaceImage function:getEnvVars function:getGitpodTokenScopes function:getIDToken function:getLoggedInUser function:getOpenPorts function:getSupportedWorkspaceClasses function:getTeams function:getToken function:getWorkspace function:getWorkspaceEnvVars function:getWorkspaceOwner function:getWorkspaceTimeout function:getWorkspaceUsers function:guessGitTokenScopes function:isWorkspaceOwner function:openPort function:sendHeartBeat function:setEnvVar function:setWorkspaceTimeout function:stopWorkspace function:takeSnapshot function:trackEvent function:updateGitStatus function:waitForSnapshot resource:contentBlob::*::create/get resource:envVar::freeCodeCamp/learn-bash-by-building-a-boilerplate::create/get/update/delete resource:gitpodToken::*::create resource:snapshot::ws-freecodecam-learnbashby-xrdgt2lz3wl::create resource:token::*::get resource:userStorage::*::create/get/update resource:workspace::freecodecam-learnbashby-xrdgt2lz3wl::get/update resource:workspaceInstance::18441669-69bb-4840-90b0-6c8845c4ca90::get/update/delete
2024-05-25 08:11:12.806 [info] Got 1 verified sessions.
2024-05-25 08:11:12.806 [info] Got 1 sessions for all scopes...
2024-05-25 08:11:12.806 [info] Got 1 sessions for function:accessCodeSyncStorage...
2024-05-25 08:11:12.894 [info] Getting GitHub sessions for all scopes...
2024-05-25 08:11:12.894 [info] Got 1 GitHub sessions for all scopes...
2024-05-25 08:11:13.334 [info] Getting GitHub sessions for all scopes...
2024-05-25 08:11:13.334 [info] Getting sessions for all scopes...
2024-05-25 08:11:13.334 [info] Got 1 GitHub sessions for all scopes...
2024-05-25 08:11:13.334 [info] Got 1 sessions for all scopes...
2024-05-25 08:11:14.080 [info] Getting GitHub sessions for read:user,repo,user:email,workflow...
2024-05-25 08:11:14.080 [info] Got 0 GitHub sessions for read:user,repo,user:email,workflow...
2024-05-25 08:11:14.765 [info] Getting GitHub sessions for project,read:org,read:user,repo,user:email,workflow...
2024-05-25 08:11:14.874 [info] Got 0 GitHub sessions for project,read:org,read:user,repo,user:email,workflow...
2024-05-25 08:11:15.462 [info] Getting GitHub sessions for read:user,repo,user:email,workflow...
2024-05-25 08:11:15.463 [info] Got 0 GitHub sessions for read:user,repo,user:email,workflow...
2024-05-25 08:11:16.034 [info] Getting GitHub sessions for read:user,repo,user:email...
2024-05-25 08:11:16.034 [info] Got 0 GitHub sessions for read:user,repo,user:email...
2024-05-25 08:11:16.603 [info] Getting GitHub sessions for read:user,repo,user:email,workflow...
2024-05-25 08:11:16.603 [info] Got 0 GitHub sessions for read:user,repo,user:email,workflow...
2024-05-25 08:11:21.597 [info] Getting GitHub sessions for read:user,repo,user:email,workflow...
2024-05-25 08:11:21.597 [info] Got 0 GitHub sessions for read:user,repo,user:email,workflow...
2024-05-25 08:13:21.614 [info] Getting GitHub sessions for read:user,repo,user:email,workflow...
2024-05-25 08:13:21.614 [info] Got 0 GitHub sessions for read:user,repo,user:email,workflow...
2024-05-25 08:13:53.020 [error] GitHub sign in failed:  4 DEADLINE_EXCEEDED: Deadline exceeded
2024-05-25 08:15:12.363 [info] Getting GitHub sessions for read:user,repo,user:email,workflow...
2024-05-25 08:15:12.363 [info] Got 0 GitHub sessions for read:user,repo,user:email,workflow...
2024-05-25 08:15:16.998 [error] GitHub sign in failed:  5 NOT_FOUND: no token available
2024-05-25 08:15:44.983 [info] Getting GitHub sessions for read:user,repo,user:email,workflow...
2024-05-25 08:15:44.983 [info] Got 0 GitHub sessions for read:user,repo,user:email,workflow...
2024-05-25 08:16:22.839 [error] GitHub sign in failed:  4 DEADLINE_EXCEEDED: Deadline exceeded
2024-05-25 08:16:43.447 [info] Getting GitHub sessions for read:user,repo,user:email,workflow...
2024-05-25 08:16:43.447 [info] Got 0 GitHub sessions for read:user,repo,user:email,workflow...
2024-05-25 08:17:03.953 [error] GitHub sign in failed:  5 NOT_FOUND: no token available
2024-05-25 08:17:10.622 [info] Getting GitHub sessions for read:user,repo,user:email,workflow...
2024-05-25 08:17:10.622 [info] Got 0 GitHub sessions for read:user,repo,user:email,workflow...
2024-05-25 08:17:12.403 [info] Getting GitHub sessions for all scopes...
2024-05-25 08:17:12.403 [info] Got 1 GitHub sessions for all scopes...
2024-05-25 08:17:12.821 [info] Getting GitHub sessions for project,read:org,read:user,repo,user:email,workflow...
2024-05-25 08:17:12.821 [info] Got 0 GitHub sessions for project,read:org,read:user,repo,user:email,workflow...
2024-05-25 08:17:13.033 [info] Getting GitHub sessions for read:user,repo,user:email,workflow...
2024-05-25 08:17:13.033 [info] Got 1 GitHub sessions for read:user,repo,user:email,workflow...
2024-05-25 08:17:13.378 [info] Getting GitHub sessions for read:user,repo,user:email,workflow...
2024-05-25 08:17:13.378 [info] Got 1 GitHub sessions for read:user,repo,user:email,workflow...
