2024-05-25 07:51:38.682 [info] Log level: Info
2024-05-25 07:51:38.697 [info] VSCODE_MACHINE_ID: someValue.machineId
2024-05-25 07:51:38.697 [info] VSCODE_SESSION_ID: someValue.sessionId
2024-05-25 07:51:38.697 [info] VSCODE_VERSION: 1.89.1
2024-05-25 07:51:38.697 [info] VSCODE_APP_NAME: Gitpod Code
2024-05-25 07:51:38.697 [info] VSCODE_APP_HOST: Gitpod
2024-05-25 07:51:38.697 [info] VSCODE_UI_KIND: web
2024-05-25 07:51:38.697 [info] GITPOD_WORKSPACE_CONTEXT_URL: https://github.com/freeCodeCamp/learn-bash-by-building-a-boilerplate
2024-05-25 07:51:38.697 [info] GITPOD_INSTANCE_ID: 18441669-69bb-4840-90b0-6c8845c4ca90
2024-05-25 07:51:38.697 [info] GITPOD_WORKSPACE_URL: https://freecodecam-learnbashby-xrdgt2lz3wl.ws-us114.gitpod.io
2024-05-25 07:51:38.704 [info] Gitpod Web 7ff72a2
2024-05-25 07:51:38.704 [info] Reading sessions from keychain...
2024-05-25 07:51:38.910 [info] Getting sessions for all scopes...
2024-05-25 07:51:38.910 [info] Getting GitHub sessions for all scopes...
2024-05-25 07:51:38.910 [info] Getting sessions for function:accessCodeSyncStorage...
2024-05-25 07:51:38.910 [info] Got stored sessions!
2024-05-25 07:51:38.910 [info] Verified session with the following scopes: function:accessCodeSyncStorage function:closePort function:controlAdmission function:deleteEnvVar function:generateNewGitpodToken function:getDefaultWorkspaceImage function:getEnvVars function:getGitpodTokenScopes function:getIDToken function:getLoggedInUser function:getOpenPorts function:getSupportedWorkspaceClasses function:getTeams function:getToken function:getWorkspace function:getWorkspaceEnvVars function:getWorkspaceOwner function:getWorkspaceTimeout function:getWorkspaceUsers function:guessGitTokenScopes function:isWorkspaceOwner function:openPort function:sendHeartBeat function:setEnvVar function:setWorkspaceTimeout function:stopWorkspace function:takeSnapshot function:trackEvent function:updateGitStatus function:waitForSnapshot resource:contentBlob::*::create/get resource:envVar::freeCodeCamp/learn-bash-by-building-a-boilerplate::create/get/update/delete resource:gitpodToken::*::create resource:snapshot::ws-freecodecam-learnbashby-xrdgt2lz3wl::create resource:token::*::get resource:userStorage::*::create/get/update resource:workspace::freecodecam-learnbashby-xrdgt2lz3wl::get/update resource:workspaceInstance::18441669-69bb-4840-90b0-6c8845c4ca90::get/update/delete
2024-05-25 07:51:38.911 [info] Got 1 verified sessions.
2024-05-25 07:51:38.911 [info] Got 1 sessions for all scopes...
2024-05-25 07:51:38.911 [info] Got 1 sessions for function:accessCodeSyncStorage...
2024-05-25 07:51:38.999 [info] Got 1 GitHub sessions for all scopes...
2024-05-25 07:51:39.000 [info] Getting GitHub sessions for all scopes...
2024-05-25 07:51:39.000 [info] Got 1 GitHub sessions for all scopes...
2024-05-25 07:51:39.205 [info] Getting sessions for all scopes...
2024-05-25 07:51:39.205 [info] Got 1 sessions for all scopes...
2024-05-25 07:51:39.250 [info] Getting GitHub sessions for all scopes...
2024-05-25 07:51:39.250 [info] Got 1 GitHub sessions for all scopes...
2024-05-25 07:51:39.926 [info] Getting GitHub sessions for read:user,repo,user:email,workflow...
2024-05-25 07:51:39.926 [info] Got 0 GitHub sessions for read:user,repo,user:email,workflow...
2024-05-25 07:51:40.848 [info] Getting GitHub sessions for project,read:org,read:user,repo,user:email,workflow...
2024-05-25 07:51:40.848 [info] Got 0 GitHub sessions for project,read:org,read:user,repo,user:email,workflow...
2024-05-25 07:51:41.404 [info] Getting GitHub sessions for read:user,repo,user:email,workflow...
2024-05-25 07:51:41.404 [info] Got 0 GitHub sessions for read:user,repo,user:email,workflow...
2024-05-25 07:51:41.959 [info] Getting GitHub sessions for read:user,repo,user:email...
2024-05-25 07:51:41.959 [info] Got 0 GitHub sessions for read:user,repo,user:email...
2024-05-25 07:51:42.510 [info] Getting GitHub sessions for read:user,repo,user:email,workflow...
2024-05-25 07:51:42.510 [info] Got 0 GitHub sessions for read:user,repo,user:email,workflow...
2024-05-25 07:54:16.023 [info] Getting GitHub sessions for project,read:org,read:user,repo,user:email,workflow...
2024-05-25 07:54:16.023 [info] Got 0 GitHub sessions for project,read:org,read:user,repo,user:email,workflow...
2024-05-25 07:54:16.682 [info] Getting GitHub sessions for read:user,repo,user:email,workflow...
2024-05-25 07:54:16.682 [info] Got 0 GitHub sessions for read:user,repo,user:email,workflow...
2024-05-25 07:54:17.236 [info] Getting GitHub sessions for read:user,repo,user:email...
2024-05-25 07:54:17.236 [info] Got 0 GitHub sessions for read:user,repo,user:email...
2024-05-25 07:54:17.794 [info] Getting GitHub sessions for read:user,repo,user:email,workflow...
2024-05-25 07:54:17.794 [info] Got 0 GitHub sessions for read:user,repo,user:email,workflow...
2024-05-25 07:54:18.274 [info] Getting GitHub sessions for project,read:org,read:user,repo,user:email,workflow...
2024-05-25 07:54:18.274 [info] Got 0 GitHub sessions for project,read:org,read:user,repo,user:email,workflow...
2024-05-25 07:54:51.515 [error] GitHub sign in failed:  4 DEADLINE_EXCEEDED: Deadline exceeded
